@!@!@STARTMSG 2262:0 @!@!@
TLC2 Version 2.12 of 29 January 2018
@!@!@ENDMSG 2262 @!@!@
@!@!@STARTMSG 2187:0 @!@!@
Running breadth-first search Model-Checking with 2 workers on 4 cores with 601MB heap and 1349MB offheap memory (Windows 10 10.0 amd64, Oracle Corporation 1.8.0_162 x86_64).
@!@!@ENDMSG 2187 @!@!@
@!@!@STARTMSG 2220:0 @!@!@
Starting SANY...
@!@!@ENDMSG 2220 @!@!@
Parsing file C:\Users\SabraouM\Google Drive\CECS\Proposal\TLA+\ReceiveSSW\ReceiveSSW.toolbox\ReceiveSSW\MC.tla
Parsing file C:\Users\SabraouM\Google Drive\CECS\Proposal\TLA+\ReceiveSSW\ReceiveSSW.toolbox\ReceiveSSW\ReceiveSSW.tla
Parsing file C:\Users\SabraouM\Documents\TLAToolbox-1.5.5-win32.win32.x86_64\toolbox\plugins\org.lamport.tlatools_1.0.0.201801291236\tla2sany\StandardModules\TLC.tla
Parsing file C:\Users\SabraouM\Documents\TLAToolbox-1.5.5-win32.win32.x86_64\toolbox\plugins\org.lamport.tlatools_1.0.0.201801291236\tla2sany\StandardModules\Sequences.tla
Parsing file C:\Users\SabraouM\Documents\TLAToolbox-1.5.5-win32.win32.x86_64\toolbox\plugins\org.lamport.tlatools_1.0.0.201801291236\tla2sany\StandardModules\Naturals.tla
Parsing file C:\Users\SabraouM\Google Drive\CECS\Proposal\TLA+\ReceiveSSW\ReceiveSSW.toolbox\ReceiveSSW\SSWPacket.tla
Parsing file C:\Users\SabraouM\Google Drive\CECS\Proposal\TLA+\ReceiveSSW\ReceiveSSW.toolbox\ReceiveSSW\ASCII.tla
Parsing file C:\Users\SabraouM\Google Drive\CECS\Proposal\TLA+\ReceiveSSW\ReceiveSSW.toolbox\ReceiveSSW\Hex.tla
Parsing file C:\Users\SabraouM\Documents\TLAToolbox-1.5.5-win32.win32.x86_64\toolbox\plugins\org.lamport.tlatools_1.0.0.201801291236\tla2sany\StandardModules\Integers.tla
Semantic processing of module Naturals
Semantic processing of module Sequences
Semantic processing of module Integers
Semantic processing of module TLC
Semantic processing of module Hex
Semantic processing of module SSWPacket
Semantic processing of module ASCII
Semantic processing of module ReceiveSSW
Semantic processing of module MC
@!@!@STARTMSG 2219:0 @!@!@
SANY finished.
@!@!@ENDMSG 2219 @!@!@
@!@!@STARTMSG 2185:0 @!@!@
Starting... (2018-05-13 20:48:52)
@!@!@ENDMSG 2185 @!@!@
<< "The HMAC: ",
   << "0",
      "A",
      "0",
      "B",
      "0",
      "D",
      "0",
      "9",
      "0",
      "2",
      "0",
      "8",
      "0",
      "7",
      "0",
      "5",
      "0",
      "3",
      "0",
      "0",
      "0",
      "9",
      "0",
      "8",
      "0",
      "5",
      "0",
      "C",
      "0",
      "E",
      "0",
      "B",
      "0",
      "B",
      "0",
      "A",
      "0",
      "F",
      "0",
      "C",
      "0",
      "0",
      "0",
      "B",
      "0",
      "C",
      "0",
      "B",
      "0",
      "0",
      "0",
      "B",
      "0",
      "D",
      "0",
      "B",
      "0",
      "E",
      "0",
      "7",
      "0",
      "6",
      "0",
      "A" >> >>  TRUE
<<"Is this SSW? ", FALSE>>  TRUE
<<"Is this SSW? ", FALSE>>  TRUE
<<"Is this SSW? ", TRUE>>  TRUE
@!@!@STARTMSG 2212:0 @!@!@
Implied-temporal checking--satisfiability problem has 3 branches.
@!@!@ENDMSG 2212 @!@!@
<<"Is this a start?", TRUE>>  TRUE
<<"Is this HMAC?", TRUE>>  TRUE
<<"ASCIIToString", TRUE>>  TRUE
<<"Range", {"[", ".", "'", "^", "/", "*", "-", "+", "=", "~", "#", "<", ">", "\\", "|", "&", "$", "%", "@", ",", "0", "{", "(", ")", "1", "2", "3", "4", "5", "6", "7", "8", "9", "}", "v", ":", "n", "i", "d", "e", "x", "]", "f", "g", "S", "w", "s", "_", "p", "j", "a", "b", "t", "m", "F", "T", "A", "B", "C", "D", "E", "!", "J", "G", "P", "W", "I", "R", "L", " ", "\"", ";", "?", "H", "K", "M", "N", "O", "Q", "U", "V", "X", "Y", "Z", "c", "h", "k", "l", "o", "q", "r", "u", "y", "z"}>>  TRUE
<<"StrArrayToNumArray", TRUE>>  TRUE
<<"Sanity Check", TRUE>>  TRUE
@!@!@STARTMSG 2189:0 @!@!@
Computing initial states...
@!@!@ENDMSG 2189 @!@!@
@!@!@STARTMSG 2102:1 @!@!@
Attempted to check equality of integer 33 with non-integer:
"!"
While working on the initial state:
/\ incMessage = << 33,
   48,
   65,
   48,
   66,
   48,
   68,
   48,
   57,
   48,
   50,
   48,
   56,
   48,
   55,
   48,
   53,
   48,
   51,
   48,
   48,
   48,
   57,
   48,
   56,
   48,
   53,
   48,
   67,
   48,
   69,
   48,
   66,
   48,
   66,
   48,
   65,
   48,
   70,
   48,
   67,
   48,
   48,
   48,
   66,
   48,
   67,
   48,
   66,
   48,
   48,
   48,
   66,
   48,
   68,
   48,
   66,
   48,
   69,
   48,
   55,
   48,
   54,
   48,
   65,
   58,
   49,
   49,
   48,
   51,
   48,
   48,
   54,
   66,
   48,
   48,
   48,
   51,
   55,
   69,
   67,
   82,
   76,
   70 >>
/\ pc = "idle"
/\ rxReg = <<>>
/\ applicationBuffer = <<>>
/\ rxBuf = <<>>
/\ rx = FALSE
/\ incByte = <<>>

@!@!@ENDMSG 2102 @!@!@
@!@!@STARTMSG 2201:0 @!@!@
The coverage statistics at 2018-05-13 20:48:55
@!@!@ENDMSG 2201 @!@!@
@!@!@STARTMSG 2221:0 @!@!@
  line 101, col 23 to line 101, col 37 of module ReceiveSSW: 0
@!@!@ENDMSG 2221 @!@!@
@!@!@STARTMSG 2221:0 @!@!@
  line 102, col 33 to line 102, col 42 of module ReceiveSSW: 0
@!@!@ENDMSG 2221 @!@!@
@!@!@STARTMSG 2221:0 @!@!@
  line 103, col 23 to line 103, col 53 of module ReceiveSSW: 0
@!@!@ENDMSG 2221 @!@!@
@!@!@STARTMSG 2221:0 @!@!@
  line 104, col 23 to line 104, col 52 of module ReceiveSSW: 0
@!@!@ENDMSG 2221 @!@!@
@!@!@STARTMSG 2221:0 @!@!@
  line 105, col 12 to line 105, col 22 of module ReceiveSSW: 0
@!@!@ENDMSG 2221 @!@!@
@!@!@STARTMSG 2221:0 @!@!@
  line 106, col 25 to line 106, col 29 of module ReceiveSSW: 0
@!@!@ENDMSG 2221 @!@!@
@!@!@STARTMSG 2221:0 @!@!@
  line 106, col 32 to line 106, col 33 of module ReceiveSSW: 0
@!@!@ENDMSG 2221 @!@!@
@!@!@STARTMSG 2221:0 @!@!@
  line 106, col 36 to line 106, col 40 of module ReceiveSSW: 0
@!@!@ENDMSG 2221 @!@!@
@!@!@STARTMSG 2221:0 @!@!@
  line 106, col 43 to line 106, col 59 of module ReceiveSSW: 0
@!@!@ENDMSG 2221 @!@!@
@!@!@STARTMSG 2221:0 @!@!@
  line 110, col 22 to line 110, col 36 of module ReceiveSSW: 0
@!@!@ENDMSG 2221 @!@!@
@!@!@STARTMSG 2221:0 @!@!@
  line 111, col 22 to line 111, col 35 of module ReceiveSSW: 0
@!@!@ENDMSG 2221 @!@!@
@!@!@STARTMSG 2221:0 @!@!@
  line 112, col 22 to line 112, col 37 of module ReceiveSSW: 0
@!@!@ENDMSG 2221 @!@!@
@!@!@STARTMSG 2221:0 @!@!@
  line 113, col 22 to line 113, col 36 of module ReceiveSSW: 0
@!@!@ENDMSG 2221 @!@!@
@!@!@STARTMSG 2221:0 @!@!@
  line 114, col 24 to line 114, col 28 of module ReceiveSSW: 0
@!@!@ENDMSG 2221 @!@!@
@!@!@STARTMSG 2221:0 @!@!@
  line 114, col 31 to line 114, col 32 of module ReceiveSSW: 0
@!@!@ENDMSG 2221 @!@!@
@!@!@STARTMSG 2221:0 @!@!@
  line 114, col 35 to line 114, col 44 of module ReceiveSSW: 0
@!@!@ENDMSG 2221 @!@!@
@!@!@STARTMSG 2221:0 @!@!@
  line 114, col 47 to line 114, col 53 of module ReceiveSSW: 0
@!@!@ENDMSG 2221 @!@!@
@!@!@STARTMSG 2221:0 @!@!@
  line 114, col 56 to line 114, col 72 of module ReceiveSSW: 0
@!@!@ENDMSG 2221 @!@!@
@!@!@STARTMSG 2221:0 @!@!@
  line 118, col 26 to line 118, col 38 of module ReceiveSSW: 0
@!@!@ENDMSG 2221 @!@!@
@!@!@STARTMSG 2221:0 @!@!@
  line 120, col 26 to line 120, col 39 of module ReceiveSSW: 0
@!@!@ENDMSG 2221 @!@!@
@!@!@STARTMSG 2221:0 @!@!@
  line 121, col 15 to line 121, col 24 of module ReceiveSSW: 0
@!@!@ENDMSG 2221 @!@!@
@!@!@STARTMSG 2221:0 @!@!@
  line 122, col 28 to line 122, col 29 of module ReceiveSSW: 0
@!@!@ENDMSG 2221 @!@!@
@!@!@STARTMSG 2221:0 @!@!@
  line 122, col 32 to line 122, col 36 of module ReceiveSSW: 0
@!@!@ENDMSG 2221 @!@!@
@!@!@STARTMSG 2221:0 @!@!@
  line 122, col 39 to line 122, col 48 of module ReceiveSSW: 0
@!@!@ENDMSG 2221 @!@!@
@!@!@STARTMSG 2221:0 @!@!@
  line 122, col 51 to line 122, col 57 of module ReceiveSSW: 0
@!@!@ENDMSG 2221 @!@!@
@!@!@STARTMSG 2221:0 @!@!@
  line 122, col 60 to line 122, col 76 of module ReceiveSSW: 0
@!@!@ENDMSG 2221 @!@!@
@!@!@STARTMSG 2221:0 @!@!@
  line 125, col 10 to line 125, col 32 of module ReceiveSSW: 0
@!@!@ENDMSG 2221 @!@!@
@!@!@STARTMSG 2221:0 @!@!@
  line 126, col 10 to line 126, col 19 of module ReceiveSSW: 0
@!@!@ENDMSG 2221 @!@!@
@!@!@STARTMSG 2221:0 @!@!@
  line 127, col 23 to line 127, col 24 of module ReceiveSSW: 0
@!@!@ENDMSG 2221 @!@!@
@!@!@STARTMSG 2221:0 @!@!@
  line 127, col 27 to line 127, col 31 of module ReceiveSSW: 0
@!@!@ENDMSG 2221 @!@!@
@!@!@STARTMSG 2221:0 @!@!@
  line 127, col 34 to line 127, col 43 of module ReceiveSSW: 0
@!@!@ENDMSG 2221 @!@!@
@!@!@STARTMSG 2221:0 @!@!@
  line 127, col 46 to line 127, col 52 of module ReceiveSSW: 0
@!@!@ENDMSG 2221 @!@!@
@!@!@STARTMSG 2221:0 @!@!@
  line 127, col 55 to line 127, col 71 of module ReceiveSSW: 0
@!@!@ENDMSG 2221 @!@!@
@!@!@STARTMSG 2221:0 @!@!@
  line 130, col 10 to line 130, col 22 of module ReceiveSSW: 0
@!@!@ENDMSG 2221 @!@!@
@!@!@STARTMSG 2221:0 @!@!@
  line 131, col 10 to line 131, col 22 of module ReceiveSSW: 0
@!@!@ENDMSG 2221 @!@!@
@!@!@STARTMSG 2221:0 @!@!@
  line 132, col 23 to line 132, col 27 of module ReceiveSSW: 0
@!@!@ENDMSG 2221 @!@!@
@!@!@STARTMSG 2221:0 @!@!@
  line 132, col 30 to line 132, col 31 of module ReceiveSSW: 0
@!@!@ENDMSG 2221 @!@!@
@!@!@STARTMSG 2221:0 @!@!@
  line 132, col 34 to line 132, col 43 of module ReceiveSSW: 0
@!@!@ENDMSG 2221 @!@!@
@!@!@STARTMSG 2221:0 @!@!@
  line 132, col 46 to line 132, col 52 of module ReceiveSSW: 0
@!@!@ENDMSG 2221 @!@!@
@!@!@STARTMSG 2221:0 @!@!@
  line 132, col 55 to line 132, col 71 of module ReceiveSSW: 0
@!@!@ENDMSG 2221 @!@!@
@!@!@STARTMSG 2221:0 @!@!@
  line 136, col 24 to line 136, col 33 of module ReceiveSSW: 0
@!@!@ENDMSG 2221 @!@!@
@!@!@STARTMSG 2221:0 @!@!@
  line 137, col 24 to line 137, col 49 of module ReceiveSSW: 0
@!@!@ENDMSG 2221 @!@!@
@!@!@STARTMSG 2221:0 @!@!@
  line 138, col 24 to line 138, col 38 of module ReceiveSSW: 0
@!@!@ENDMSG 2221 @!@!@
@!@!@STARTMSG 2221:0 @!@!@
  line 139, col 24 to line 139, col 35 of module ReceiveSSW: 0
@!@!@ENDMSG 2221 @!@!@
@!@!@STARTMSG 2221:0 @!@!@
  line 140, col 37 to line 140, col 38 of module ReceiveSSW: 0
@!@!@ENDMSG 2221 @!@!@
@!@!@STARTMSG 2221:0 @!@!@
  line 140, col 41 to line 140, col 57 of module ReceiveSSW: 0
@!@!@ENDMSG 2221 @!@!@
@!@!@STARTMSG 2221:0 @!@!@
  line 141, col 26 to line 141, col 30 of module ReceiveSSW: 0
@!@!@ENDMSG 2221 @!@!@
@!@!@STARTMSG 2221:0 @!@!@
  line 141, col 33 to line 141, col 37 of module ReceiveSSW: 0
@!@!@ENDMSG 2221 @!@!@
@!@!@STARTMSG 2221:0 @!@!@
  line 141, col 40 to line 141, col 49 of module ReceiveSSW: 0
@!@!@ENDMSG 2221 @!@!@
@!@!@STARTMSG 2221:0 @!@!@
  line 141, col 52 to line 141, col 58 of module ReceiveSSW: 0
@!@!@ENDMSG 2221 @!@!@
@!@!@STARTMSG 2221:0 @!@!@
  line 144, col 15 to line 144, col 27 of module ReceiveSSW: 0
@!@!@ENDMSG 2221 @!@!@
@!@!@STARTMSG 2221:0 @!@!@
  line 145, col 15 to line 145, col 27 of module ReceiveSSW: 0
@!@!@ENDMSG 2221 @!@!@
@!@!@STARTMSG 2221:0 @!@!@
  line 146, col 15 to line 146, col 29 of module ReceiveSSW: 0
@!@!@ENDMSG 2221 @!@!@
@!@!@STARTMSG 2221:0 @!@!@
  line 147, col 15 to line 147, col 32 of module ReceiveSSW: 0
@!@!@ENDMSG 2221 @!@!@
@!@!@STARTMSG 2221:0 @!@!@
  line 148, col 15 to line 148, col 26 of module ReceiveSSW: 0
@!@!@ENDMSG 2221 @!@!@
@!@!@STARTMSG 2221:0 @!@!@
  line 149, col 28 to line 149, col 29 of module ReceiveSSW: 0
@!@!@ENDMSG 2221 @!@!@
@!@!@STARTMSG 2221:0 @!@!@
  line 149, col 32 to line 149, col 48 of module ReceiveSSW: 0
@!@!@ENDMSG 2221 @!@!@
@!@!@STARTMSG 2221:0 @!@!@
  line 88, col 12 to line 88, col 16 of module ReceiveSSW: 0
@!@!@ENDMSG 2221 @!@!@
@!@!@STARTMSG 2221:0 @!@!@
  line 88, col 19 to line 88, col 20 of module ReceiveSSW: 0
@!@!@ENDMSG 2221 @!@!@
@!@!@STARTMSG 2221:0 @!@!@
  line 88, col 23 to line 88, col 27 of module ReceiveSSW: 0
@!@!@ENDMSG 2221 @!@!@
@!@!@STARTMSG 2221:0 @!@!@
  line 88, col 30 to line 88, col 39 of module ReceiveSSW: 0
@!@!@ENDMSG 2221 @!@!@
@!@!@STARTMSG 2221:0 @!@!@
  line 88, col 42 to line 88, col 48 of module ReceiveSSW: 0
@!@!@ENDMSG 2221 @!@!@
@!@!@STARTMSG 2221:0 @!@!@
  line 88, col 51 to line 88, col 67 of module ReceiveSSW: 0
@!@!@ENDMSG 2221 @!@!@
@!@!@STARTMSG 2221:0 @!@!@
  line 88, col 70 to line 88, col 71 of module ReceiveSSW: 0
@!@!@ENDMSG 2221 @!@!@
@!@!@STARTMSG 2202:0 @!@!@
End of statistics.
@!@!@ENDMSG 2202 @!@!@
@!@!@STARTMSG 2200:0 @!@!@
Progress(1) at 2018-05-13 20:48:55: 260 states generated (6,914 s/min), 260 distinct states found (6,914 ds/min), 260 states left on queue.
@!@!@ENDMSG 2200 @!@!@
@!@!@STARTMSG 2199:0 @!@!@
260 states generated, 260 distinct states found, 260 states left on queue.
@!@!@ENDMSG 2199 @!@!@
@!@!@STARTMSG 2186:0 @!@!@
Finished in 4251ms at (2018-05-13 20:48:55)
@!@!@ENDMSG 2186 @!@!@
