@!@!@STARTMSG 2262:0 @!@!@
TLC2 Version 2.12 of 29 January 2018
@!@!@ENDMSG 2262 @!@!@
@!@!@STARTMSG 2187:0 @!@!@
Running breadth-first search Model-Checking with 2 workers on 4 cores with 601MB heap and 1349MB offheap memory (Windows 10 10.0 amd64, Oracle Corporation 1.8.0_162 x86_64).
@!@!@ENDMSG 2187 @!@!@
@!@!@STARTMSG 2220:0 @!@!@
Starting SANY...
@!@!@ENDMSG 2220 @!@!@
Parsing file C:\Users\SabraouM\Google Drive\CECS\Proposal\TLA+\SendModbus\SendModbus.toolbox\SendModbus\MC.tla
Parsing file C:\Users\SabraouM\Google Drive\CECS\Proposal\TLA+\SendModbus\SendModbus.toolbox\SendModbus\SendModbus.tla
Parsing file C:\Users\SabraouM\Documents\TLAToolbox-1.5.5-win32.win32.x86_64\toolbox\plugins\org.lamport.tlatools_1.0.0.201801291236\tla2sany\StandardModules\TLC.tla
Parsing file C:\Users\SabraouM\Documents\TLAToolbox-1.5.5-win32.win32.x86_64\toolbox\plugins\org.lamport.tlatools_1.0.0.201801291236\tla2sany\StandardModules\Sequences.tla
Parsing file C:\Users\SabraouM\Documents\TLAToolbox-1.5.5-win32.win32.x86_64\toolbox\plugins\org.lamport.tlatools_1.0.0.201801291236\tla2sany\StandardModules\Naturals.tla
Parsing file C:\Users\SabraouM\Google Drive\CECS\Proposal\TLA+\SendModbus\SendModbus.toolbox\SendModbus\Modbus.tla
Parsing file C:\Users\SabraouM\Google Drive\CECS\Proposal\TLA+\SendModbus\SendModbus.toolbox\SendModbus\Hex.tla
Parsing file C:\Users\SabraouM\Documents\TLAToolbox-1.5.5-win32.win32.x86_64\toolbox\plugins\org.lamport.tlatools_1.0.0.201801291236\tla2sany\StandardModules\Integers.tla
Parsing file C:\Users\SabraouM\Google Drive\CECS\Proposal\TLA+\SendModbus\SendModbus.toolbox\SendModbus\LRC.tla
Semantic processing of module Naturals
Semantic processing of module Sequences
Semantic processing of module Integers
Semantic processing of module TLC
Semantic processing of module Hex
Semantic processing of module LRC
Semantic processing of module Modbus
Semantic processing of module SendModbus
Semantic processing of module MC
@!@!@STARTMSG 2219:0 @!@!@
SANY finished.
@!@!@ENDMSG 2219 @!@!@
@!@!@STARTMSG 2185:0 @!@!@
Starting... (2018-05-06 21:54:08)
@!@!@ENDMSG 2185 @!@!@
@!@!@STARTMSG 2212:0 @!@!@
Implied-temporal checking--satisfiability problem has 4 branches.
@!@!@ENDMSG 2212 @!@!@
TRUE  TRUE
TRUE  TRUE
TRUE  TRUE
TRUE  TRUE
TRUE  TRUE
TRUE  TRUE
<<"1", "1">>  TRUE
<<"0", "3">>  TRUE
<<"0", "0", "6", "B", "0", "0", "0", "3", "7", "E">>  TRUE
<<"7", "E">>  TRUE
<<"C", "R", "L", "F">>  TRUE
FALSE  TRUE
TRUE  TRUE
@!@!@STARTMSG 2189:0 @!@!@
Computing initial states...
@!@!@ENDMSG 2189 @!@!@
@!@!@STARTMSG 2190:0 @!@!@
Finished computing initial states: 8 distinct states generated.
@!@!@ENDMSG 2190 @!@!@
@!@!@STARTMSG 2110:1 @!@!@
Invariant inv_152565804736089000 is violated.
@!@!@ENDMSG 2110 @!@!@
@!@!@STARTMSG 2121:1 @!@!@
The behavior up to this point is:
@!@!@ENDMSG 2121 @!@!@
@!@!@STARTMSG 2217:4 @!@!@
1: <Initial predicate>
/\ txReg = ""
/\ txBuf = << ":",
   "1",
   "1",
   "0",
   "3",
   "0",
   "0",
   "6",
   "B",
   "0",
   "0",
   "0",
   "3",
   "7",
   "E",
   "C",
   "R",
   "L",
   "F" >>
/\ tx = TRUE
/\ txBufIndex = 1
/\ pc = "idle"

@!@!@ENDMSG 2217 @!@!@
@!@!@STARTMSG 2217:4 @!@!@
2: <idle line 52, col 9 to line 56, col 55 of module SendModbus>
/\ txReg = ""
/\ txBuf = << ":",
   "1",
   "1",
   "0",
   "3",
   "0",
   "0",
   "6",
   "B",
   "0",
   "0",
   "0",
   "3",
   "7",
   "E",
   "C",
   "R",
   "L",
   "F" >>
/\ tx = TRUE
/\ txBufIndex = 1
/\ pc = "transmit"

@!@!@ENDMSG 2217 @!@!@
@!@!@STARTMSG 2217:4 @!@!@
3: <transmit line 58, col 13 to line 62, col 59 of module SendModbus>
/\ txReg = ""
/\ txBuf = << ":",
   "1",
   "1",
   "0",
   "3",
   "0",
   "0",
   "6",
   "B",
   "0",
   "0",
   "0",
   "3",
   "7",
   "E",
   "C",
   "R",
   "L",
   "F" >>
/\ tx = TRUE
/\ txBufIndex = 1
/\ pc = "send"

@!@!@ENDMSG 2217 @!@!@
@!@!@STARTMSG 2217:4 @!@!@
4: <send line 64, col 9 to line 70, col 48 of module SendModbus>
/\ txReg = ""
/\ txBuf = << ":",
   "1",
   "1",
   "0",
   "3",
   "0",
   "0",
   "6",
   "B",
   "0",
   "0",
   "0",
   "3",
   "7",
   "E",
   "C",
   "R",
   "L",
   "F" >>
/\ tx = TRUE
/\ txBufIndex = 1
/\ pc = "a"

@!@!@ENDMSG 2217 @!@!@
@!@!@STARTMSG 2217:4 @!@!@
5: <a line 72, col 6 to line 76, col 38 of module SendModbus>
/\ txReg = ":"
/\ txBuf = << "1",
   "1",
   "0",
   "3",
   "0",
   "0",
   "6",
   "B",
   "0",
   "0",
   "0",
   "3",
   "7",
   "E",
   "C",
   "R",
   "L",
   "F" >>
/\ tx = TRUE
/\ txBufIndex = 1
/\ pc = "b"

@!@!@ENDMSG 2217 @!@!@
@!@!@STARTMSG 2201:0 @!@!@
The coverage statistics at 2018-05-06 21:54:09
@!@!@ENDMSG 2201 @!@!@
@!@!@STARTMSG 2221:0 @!@!@
  line 43, col 12 to line 43, col 13 of module SendModbus: 4
@!@!@ENDMSG 2221 @!@!@
@!@!@STARTMSG 2221:0 @!@!@
  line 43, col 16 to line 43, col 20 of module SendModbus: 4
@!@!@ENDMSG 2221 @!@!@
@!@!@STARTMSG 2221:0 @!@!@
  line 43, col 23 to line 43, col 32 of module SendModbus: 4
@!@!@ENDMSG 2221 @!@!@
@!@!@STARTMSG 2221:0 @!@!@
  line 43, col 35 to line 43, col 36 of module SendModbus: 4
@!@!@ENDMSG 2221 @!@!@
@!@!@STARTMSG 2221:0 @!@!@
  line 43, col 39 to line 43, col 43 of module SendModbus: 4
@!@!@ENDMSG 2221 @!@!@
@!@!@STARTMSG 2221:0 @!@!@
  line 54, col 23 to line 54, col 38 of module SendModbus: 4
@!@!@ENDMSG 2221 @!@!@
@!@!@STARTMSG 2221:0 @!@!@
  line 55, col 23 to line 55, col 34 of module SendModbus: 4
@!@!@ENDMSG 2221 @!@!@
@!@!@STARTMSG 2221:0 @!@!@
  line 56, col 25 to line 56, col 26 of module SendModbus: 8
@!@!@ENDMSG 2221 @!@!@
@!@!@STARTMSG 2221:0 @!@!@
  line 56, col 29 to line 56, col 33 of module SendModbus: 8
@!@!@ENDMSG 2221 @!@!@
@!@!@STARTMSG 2221:0 @!@!@
  line 56, col 36 to line 56, col 45 of module SendModbus: 8
@!@!@ENDMSG 2221 @!@!@
@!@!@STARTMSG 2221:0 @!@!@
  line 56, col 48 to line 56, col 52 of module SendModbus: 8
@!@!@ENDMSG 2221 @!@!@
@!@!@STARTMSG 2221:0 @!@!@
  line 60, col 27 to line 60, col 38 of module SendModbus: 1
@!@!@ENDMSG 2221 @!@!@
@!@!@STARTMSG 2221:0 @!@!@
  line 61, col 27 to line 61, col 36 of module SendModbus: 3
@!@!@ENDMSG 2221 @!@!@
@!@!@STARTMSG 2221:0 @!@!@
  line 62, col 29 to line 62, col 30 of module SendModbus: 4
@!@!@ENDMSG 2221 @!@!@
@!@!@STARTMSG 2221:0 @!@!@
  line 62, col 33 to line 62, col 37 of module SendModbus: 4
@!@!@ENDMSG 2221 @!@!@
@!@!@STARTMSG 2221:0 @!@!@
  line 62, col 40 to line 62, col 44 of module SendModbus: 4
@!@!@ENDMSG 2221 @!@!@
@!@!@STARTMSG 2221:0 @!@!@
  line 62, col 47 to line 62, col 56 of module SendModbus: 4
@!@!@ENDMSG 2221 @!@!@
@!@!@STARTMSG 2221:0 @!@!@
  line 66, col 23 to line 66, col 31 of module SendModbus: 1
@!@!@ENDMSG 2221 @!@!@
@!@!@STARTMSG 2221:0 @!@!@
  line 67, col 23 to line 67, col 36 of module SendModbus: 1
@!@!@ENDMSG 2221 @!@!@
@!@!@STARTMSG 2221:0 @!@!@
  line 68, col 23 to line 68, col 32 of module SendModbus: 0
@!@!@ENDMSG 2221 @!@!@
@!@!@STARTMSG 2221:0 @!@!@
  line 69, col 23 to line 69, col 42 of module SendModbus: 0
@!@!@ENDMSG 2221 @!@!@
@!@!@STARTMSG 2221:0 @!@!@
  line 70, col 25 to line 70, col 26 of module SendModbus: 1
@!@!@ENDMSG 2221 @!@!@
@!@!@STARTMSG 2221:0 @!@!@
  line 70, col 29 to line 70, col 33 of module SendModbus: 1
@!@!@ENDMSG 2221 @!@!@
@!@!@STARTMSG 2221:0 @!@!@
  line 70, col 36 to line 70, col 45 of module SendModbus: 1
@!@!@ENDMSG 2221 @!@!@
@!@!@STARTMSG 2221:0 @!@!@
  line 73, col 9 to line 73, col 28 of module SendModbus: 1
@!@!@ENDMSG 2221 @!@!@
@!@!@STARTMSG 2221:0 @!@!@
  line 74, col 9 to line 74, col 28 of module SendModbus: 1
@!@!@ENDMSG 2221 @!@!@
@!@!@STARTMSG 2221:0 @!@!@
  line 75, col 9 to line 75, col 17 of module SendModbus: 1
@!@!@ENDMSG 2221 @!@!@
@!@!@STARTMSG 2221:0 @!@!@
  line 76, col 22 to line 76, col 23 of module SendModbus: 1
@!@!@ENDMSG 2221 @!@!@
@!@!@STARTMSG 2221:0 @!@!@
  line 76, col 26 to line 76, col 35 of module SendModbus: 1
@!@!@ENDMSG 2221 @!@!@
@!@!@STARTMSG 2221:0 @!@!@
  line 79, col 9 to line 79, col 36 of module SendModbus: 0
@!@!@ENDMSG 2221 @!@!@
@!@!@STARTMSG 2221:0 @!@!@
  line 80, col 9 to line 80, col 20 of module SendModbus: 0
@!@!@ENDMSG 2221 @!@!@
@!@!@STARTMSG 2221:0 @!@!@
  line 81, col 22 to line 81, col 23 of module SendModbus: 0
@!@!@ENDMSG 2221 @!@!@
@!@!@STARTMSG 2221:0 @!@!@
  line 81, col 26 to line 81, col 30 of module SendModbus: 0
@!@!@ENDMSG 2221 @!@!@
@!@!@STARTMSG 2221:0 @!@!@
  line 81, col 33 to line 81, col 37 of module SendModbus: 0
@!@!@ENDMSG 2221 @!@!@
@!@!@STARTMSG 2221:0 @!@!@
  line 84, col 10 to line 84, col 20 of module SendModbus: 3
@!@!@ENDMSG 2221 @!@!@
@!@!@STARTMSG 2221:0 @!@!@
  line 85, col 10 to line 85, col 20 of module SendModbus: 3
@!@!@ENDMSG 2221 @!@!@
@!@!@STARTMSG 2221:0 @!@!@
  line 86, col 10 to line 86, col 21 of module SendModbus: 3
@!@!@ENDMSG 2221 @!@!@
@!@!@STARTMSG 2221:0 @!@!@
  line 87, col 23 to line 87, col 27 of module SendModbus: 3
@!@!@ENDMSG 2221 @!@!@
@!@!@STARTMSG 2221:0 @!@!@
  line 87, col 30 to line 87, col 39 of module SendModbus: 3
@!@!@ENDMSG 2221 @!@!@
@!@!@STARTMSG 2202:0 @!@!@
End of statistics.
@!@!@ENDMSG 2202 @!@!@
@!@!@STARTMSG 2200:0 @!@!@
Progress(5) at 2018-05-06 21:54:09: 29 states generated (1,346 s/min), 22 distinct states found (1,021 ds/min), 0 states left on queue.
@!@!@ENDMSG 2200 @!@!@
@!@!@STARTMSG 2199:0 @!@!@
29 states generated, 22 distinct states found, 0 states left on queue.
@!@!@ENDMSG 2199 @!@!@
@!@!@STARTMSG 2194:0 @!@!@
The depth of the complete state graph search is 5.
@!@!@ENDMSG 2194 @!@!@
@!@!@STARTMSG 2268:0 @!@!@
The average outdegree of the complete state graph is 1 (minimum is 0, the maximum 1 and the 95th percentile is 1).
@!@!@ENDMSG 2268 @!@!@
@!@!@STARTMSG 2186:0 @!@!@
Finished in 2006ms at (2018-05-06 21:54:09)
@!@!@ENDMSG 2186 @!@!@
