@!@!@STARTMSG 2262:0 @!@!@
TLC2 Version 2.13 of 18 July 2018
@!@!@ENDMSG 2262 @!@!@
@!@!@STARTMSG 2187:0 @!@!@
Running breadth-first search Model-Checking with seed 1257523286668006166 with 2 workers on 4 cores with 446MB heap and 1000MB offheap memory (Windows 10 10.0 amd64, Oracle Corporation 1.8.0_181 x86_64).
@!@!@ENDMSG 2187 @!@!@
@!@!@STARTMSG 2220:0 @!@!@
Starting SANY...
@!@!@ENDMSG 2220 @!@!@
Parsing file C:\Users\userMehdi\Documents\ICSVerifiedSoftwareProject\TLA+ Models\auth_device.toolbox\Model_1\MC.tla
Parsing file C:\Users\userMehdi\Documents\ICSVerifiedSoftwareProject\TLA+ Models\auth_device.toolbox\Model_1\auth_device.tla
Parsing file C:\Users\userMehdi\toolbox\plugins\org.lamport.tlatools_1.0.0.201807180447\tla2sany\StandardModules\TLC.tla
Parsing file C:\Users\userMehdi\toolbox\plugins\org.lamport.tlatools_1.0.0.201807180447\tla2sany\StandardModules\Sequences.tla
Parsing file C:\Users\userMehdi\toolbox\plugins\org.lamport.tlatools_1.0.0.201807180447\tla2sany\StandardModules\FiniteSets.tla
Parsing file C:\Users\userMehdi\toolbox\plugins\org.lamport.tlatools_1.0.0.201807180447\tla2sany\StandardModules\Naturals.tla
Parsing file C:\Users\userMehdi\Documents\ICSVerifiedSoftwareProject\TLA+ Models\auth_device.toolbox\Model_1\Modbus.tla
Parsing file C:\Users\userMehdi\Documents\ICSVerifiedSoftwareProject\TLA+ Models\auth_device.toolbox\Model_1\ASCII.tla
Parsing file C:\Users\userMehdi\Documents\ICSVerifiedSoftwareProject\TLA+ Models\auth_device.toolbox\Model_1\Hex.tla
Parsing file C:\Users\userMehdi\toolbox\plugins\org.lamport.tlatools_1.0.0.201807180447\tla2sany\StandardModules\Integers.tla
Parsing file C:\Users\userMehdi\Documents\ICSVerifiedSoftwareProject\TLA+ Models\auth_device.toolbox\Model_1\LRC.tla
Semantic processing of module Naturals
Semantic processing of module Sequences
Semantic processing of module FiniteSets
Semantic processing of module TLC
Semantic processing of module Integers
Semantic processing of module Hex
Semantic processing of module LRC
Semantic processing of module Modbus
Semantic processing of module ASCII
Semantic processing of module auth_device
Semantic processing of module MC
@!@!@STARTMSG 2219:0 @!@!@
SANY finished.
@!@!@ENDMSG 2219 @!@!@
@!@!@STARTMSG 2185:0 @!@!@
Starting... (2018-10-23 21:44:33)
@!@!@ENDMSG 2185 @!@!@
<<"ASCIIToString", TRUE>>  TRUE
<<"Range", {"[", ".", "'", "^", "/", "*", "-", "+", "=", "~", "#", "<", ">", "\\", "|", "&", "$", "%", "@", ",", ":", "1", "0", "(", "T", ")", "{", "x", "]", "}", "2", "3", "4", "5", "6", "7", "8", "9", "!", "a", "b", "c", "v", "n", "i", "d", "e", "f", "g", "S", "w", "s", "_", "p", "j", "t", "m", "F", "A", "B", "C", "D", "E", "J", "G", "P", "W", "I", "R", " ", "\"", ";", "?", "H", "K", "L", "M", "N", "O", "Q", "U", "V", "X", "Y", "Z", "h", "k", "l", "o", "q", "r", "u", "y", "z"}>>  TRUE
<<"StrArrayToNumArray", TRUE>>  TRUE
<<"Sanity Check", TRUE>>  TRUE
@!@!@STARTMSG 2189:0 @!@!@
Computing initial states...
@!@!@ENDMSG 2189 @!@!@
@!@!@STARTMSG 2190:0 @!@!@
Finished computing initial states: 2 distinct states generated.
@!@!@ENDMSG 2190 @!@!@
@!@!@STARTMSG 2200:0 @!@!@
Progress(86) at 2018-10-23 21:44:48: 14454 states generated (14,454 s/min), 7398 distinct states found (7,398 ds/min), 171 states left on queue.
@!@!@ENDMSG 2200 @!@!@
