@!@!@STARTMSG 2262:0 @!@!@
TLC2 Version 2.12 of 29 January 2018
@!@!@ENDMSG 2262 @!@!@
@!@!@STARTMSG 2187:0 @!@!@
Running breadth-first search Model-Checking with 2 workers on 4 cores with 601MB heap and 1349MB offheap memory (Windows 10 10.0 amd64, Oracle Corporation 1.8.0_162 x86_64).
@!@!@ENDMSG 2187 @!@!@
@!@!@STARTMSG 2220:0 @!@!@
Starting SANY...
@!@!@ENDMSG 2220 @!@!@
Parsing file C:\Users\SabraouM\Google Drive\CECS\Proposal\TLA+\ASCII\ASCII.toolbox\ASCII\MC.tla
Parsing file C:\Users\SabraouM\Google Drive\CECS\Proposal\TLA+\ASCII\ASCII.toolbox\ASCII\ASCII.tla
Parsing file C:\Users\SabraouM\Documents\TLAToolbox-1.5.5-win32.win32.x86_64\toolbox\plugins\org.lamport.tlatools_1.0.0.201801291236\tla2sany\StandardModules\TLC.tla
Parsing file C:\Users\SabraouM\Documents\TLAToolbox-1.5.5-win32.win32.x86_64\toolbox\plugins\org.lamport.tlatools_1.0.0.201801291236\tla2sany\StandardModules\Naturals.tla
Parsing file C:\Users\SabraouM\Documents\TLAToolbox-1.5.5-win32.win32.x86_64\toolbox\plugins\org.lamport.tlatools_1.0.0.201801291236\tla2sany\StandardModules\Sequences.tla
Semantic processing of module Naturals
Semantic processing of module Sequences
Semantic processing of module TLC
Semantic processing of module ASCII
Semantic processing of module MC
@!@!@STARTMSG 2219:0 @!@!@
SANY finished.
@!@!@ENDMSG 2219 @!@!@
@!@!@STARTMSG 2185:0 @!@!@
Starting... (2018-05-12 00:10:13)
@!@!@ENDMSG 2185 @!@!@
<<"ASCIIToString", TRUE>>  TRUE
@!@!@STARTMSG 2105:1 @!@!@
Evaluating assumption line 50, col 8 to line 50, col 64 of module ASCII failed.
Attempted to compute the value of an expression of form
CHOOSE x \in S: P, but no element of S satisfied P.
line 25, col 30 to line 25, col 73 of module ASCII
@!@!@ENDMSG 2105 @!@!@
@!@!@STARTMSG 2186:0 @!@!@
Finished in 8619ms at (2018-05-12 00:10:20)
@!@!@ENDMSG 2186 @!@!@
