@!@!@STARTMSG 2262:0 @!@!@
TLC2 Version 2.12 of 29 January 2018
@!@!@ENDMSG 2262 @!@!@
@!@!@STARTMSG 2187:0 @!@!@
Running breadth-first search Model-Checking with 2 workers on 4 cores with 601MB heap and 1349MB offheap memory (Windows 10 10.0 amd64, Oracle Corporation 1.8.0_162 x86_64).
@!@!@ENDMSG 2187 @!@!@
@!@!@STARTMSG 2220:0 @!@!@
Starting SANY...
@!@!@ENDMSG 2220 @!@!@
Parsing file C:\Users\SabraouM\Google Drive\CECS\Proposal\TLA+\ReceiveThread\Receive.toolbox\Receive\MC.tla
Parsing file C:\Users\SabraouM\Google Drive\CECS\Proposal\TLA+\ReceiveThread\Receive.toolbox\Receive\Receive.tla
Parsing file C:\Users\SabraouM\Documents\TLAToolbox-1.5.5-win32.win32.x86_64\toolbox\plugins\org.lamport.tlatools_1.0.0.201801291236\tla2sany\StandardModules\TLC.tla
Parsing file C:\Users\SabraouM\Documents\TLAToolbox-1.5.5-win32.win32.x86_64\toolbox\plugins\org.lamport.tlatools_1.0.0.201801291236\tla2sany\StandardModules\Sequences.tla
Parsing file C:\Users\SabraouM\Documents\TLAToolbox-1.5.5-win32.win32.x86_64\toolbox\plugins\org.lamport.tlatools_1.0.0.201801291236\tla2sany\StandardModules\Naturals.tla
Parsing file C:\Users\SabraouM\Google Drive\CECS\Proposal\TLA+\ReceiveThread\Receive.toolbox\Receive\Modbus.tla
Parsing file C:\Users\SabraouM\Google Drive\CECS\Proposal\TLA+\ReceiveThread\Receive.toolbox\Receive\Hex.tla
Parsing file C:\Users\SabraouM\Documents\TLAToolbox-1.5.5-win32.win32.x86_64\toolbox\plugins\org.lamport.tlatools_1.0.0.201801291236\tla2sany\StandardModules\Integers.tla
Parsing file C:\Users\SabraouM\Google Drive\CECS\Proposal\TLA+\ReceiveThread\Receive.toolbox\Receive\LRC.tla
Semantic processing of module Naturals
Semantic processing of module Sequences
Semantic processing of module Integers
Semantic processing of module TLC
Semantic processing of module Hex
Semantic processing of module LRC
Semantic processing of module Modbus
Semantic processing of module Receive
Semantic processing of module MC
@!@!@STARTMSG 2219:0 @!@!@
SANY finished.
@!@!@ENDMSG 2219 @!@!@
@!@!@STARTMSG 2185:0 @!@!@
Starting... (2018-05-04 20:00:33)
@!@!@ENDMSG 2185 @!@!@
@!@!@STARTMSG 2212:0 @!@!@
Implied-temporal checking--satisfiability problem has 1 branches.
@!@!@ENDMSG 2212 @!@!@
TRUE  TRUE
TRUE  TRUE
TRUE  TRUE
TRUE  TRUE
TRUE  TRUE
TRUE  TRUE
<<"1", "1">>  TRUE
<<"0", "3">>  TRUE
<<"0", "0", "6", "B", "0", "0", "0", "3", "7", "E">>  TRUE
<<"7", "E">>  TRUE
<<"C", "R", "L", "F">>  TRUE
FALSE  TRUE
TRUE  TRUE
@!@!@STARTMSG 2189:0 @!@!@
Computing initial states...
@!@!@ENDMSG 2189 @!@!@
@!@!@STARTMSG 2190:0 @!@!@
Finished computing initial states: 2 distinct states generated.
@!@!@ENDMSG 2190 @!@!@
@!@!@STARTMSG 2200:0 @!@!@
Progress(61) at 2018-05-04 20:00:35: 66 states generated, 65 distinct states found, 0 states left on queue.
@!@!@ENDMSG 2200 @!@!@
@!@!@STARTMSG 2192:0 @!@!@
Checking temporal properties for the complete state space with 65 total distinct states at (2018-05-04 20:00:35)
@!@!@ENDMSG 2192 @!@!@
@!@!@STARTMSG 2116:1 @!@!@
Temporal properties were violated.

@!@!@ENDMSG 2116 @!@!@
@!@!@STARTMSG 2264:1 @!@!@
The following behavior constitutes a counter-example:

@!@!@ENDMSG 2264 @!@!@
@!@!@STARTMSG 2217:4 @!@!@
1: <Initial predicate>
/\ txBufIndex = 19
/\ txBuf = << ":",
   "1",
   "1",
   "0",
   "3",
   "0",
   "0",
   "6",
   "B",
   "0",
   "0",
   "0",
   "3",
   "7",
   "E",
   "C",
   "R",
   "L",
   "F" >>
/\ pc = "idle"
/\ tx = TRUE
/\ txReg = ""

@!@!@ENDMSG 2217 @!@!@
@!@!@STARTMSG 2217:4 @!@!@
2: <idle line 53, col 9 to line 57, col 55 of module Receive>
/\ txBufIndex = 19
/\ txBuf = << ":",
   "1",
   "1",
   "0",
   "3",
   "0",
   "0",
   "6",
   "B",
   "0",
   "0",
   "0",
   "3",
   "7",
   "E",
   "C",
   "R",
   "L",
   "F" >>
/\ pc = "transmit"
/\ tx = TRUE
/\ txReg = ""

@!@!@ENDMSG 2217 @!@!@
@!@!@STARTMSG 2217:4 @!@!@
3: <transmit line 59, col 13 to line 65, col 47 of module Receive>
/\ txBufIndex = 19
/\ txBuf = << ":",
   "1",
   "1",
   "0",
   "3",
   "0",
   "0",
   "6",
   "B",
   "0",
   "0",
   "0",
   "3",
   "7",
   "E",
   "C",
   "R",
   "L",
   "F" >>
/\ pc = "send"
/\ tx = TRUE
/\ txReg = ""

@!@!@ENDMSG 2217 @!@!@
@!@!@STARTMSG 2217:4 @!@!@
4: <send line 67, col 9 to line 71, col 55 of module Receive>
/\ txBufIndex = 19
/\ txBuf = << ":",
   "1",
   "1",
   "0",
   "3",
   "0",
   "0",
   "6",
   "B",
   "0",
   "0",
   "0",
   "3",
   "7",
   "E",
   "C",
   "R",
   "L",
   "F" >>
/\ pc = "a"
/\ tx = TRUE
/\ txReg = ""

@!@!@ENDMSG 2217 @!@!@
@!@!@STARTMSG 2217:4 @!@!@
5: <a line 73, col 6 to line 76, col 45 of module Receive>
/\ txBufIndex = 19
/\ txBuf = << ":",
   "1",
   "1",
   "0",
   "3",
   "0",
   "0",
   "6",
   "B",
   "0",
   "0",
   "0",
   "3",
   "7",
   "E",
   "C",
   "R",
   "L",
   "F" >>
/\ pc = "b"
/\ tx = TRUE
/\ txReg = "F"

@!@!@ENDMSG 2217 @!@!@
@!@!@STARTMSG 2217:4 @!@!@
6: <b line 78, col 6 to line 82, col 40 of module Receive>
/\ txBufIndex = 18
/\ txBuf = << ":",
   "1",
   "1",
   "0",
   "3",
   "0",
   "0",
   "6",
   "B",
   "0",
   "0",
   "0",
   "3",
   "7",
   "E",
   "C",
   "R",
   "L",
   "F" >>
/\ pc = "send"
/\ tx = TRUE
/\ txReg = "F"

@!@!@ENDMSG 2217 @!@!@
@!@!@STARTMSG 2217:4 @!@!@
7: <send line 67, col 9 to line 71, col 55 of module Receive>
/\ txBufIndex = 18
/\ txBuf = << ":",
   "1",
   "1",
   "0",
   "3",
   "0",
   "0",
   "6",
   "B",
   "0",
   "0",
   "0",
   "3",
   "7",
   "E",
   "C",
   "R",
   "L",
   "F" >>
/\ pc = "a"
/\ tx = TRUE
/\ txReg = "F"

@!@!@ENDMSG 2217 @!@!@
@!@!@STARTMSG 2217:4 @!@!@
8: <a line 73, col 6 to line 76, col 45 of module Receive>
/\ txBufIndex = 18
/\ txBuf = << ":",
   "1",
   "1",
   "0",
   "3",
   "0",
   "0",
   "6",
   "B",
   "0",
   "0",
   "0",
   "3",
   "7",
   "E",
   "C",
   "R",
   "L",
   "F" >>
/\ pc = "b"
/\ tx = TRUE
/\ txReg = "L"

@!@!@ENDMSG 2217 @!@!@
@!@!@STARTMSG 2217:4 @!@!@
9: <b line 78, col 6 to line 82, col 40 of module Receive>
/\ txBufIndex = 17
/\ txBuf = << ":",
   "1",
   "1",
   "0",
   "3",
   "0",
   "0",
   "6",
   "B",
   "0",
   "0",
   "0",
   "3",
   "7",
   "E",
   "C",
   "R",
   "L",
   "F" >>
/\ pc = "send"
/\ tx = TRUE
/\ txReg = "L"

@!@!@ENDMSG 2217 @!@!@
@!@!@STARTMSG 2217:4 @!@!@
10: <send line 67, col 9 to line 71, col 55 of module Receive>
/\ txBufIndex = 17
/\ txBuf = << ":",
   "1",
   "1",
   "0",
   "3",
   "0",
   "0",
   "6",
   "B",
   "0",
   "0",
   "0",
   "3",
   "7",
   "E",
   "C",
   "R",
   "L",
   "F" >>
/\ pc = "a"
/\ tx = TRUE
/\ txReg = "L"

@!@!@ENDMSG 2217 @!@!@
@!@!@STARTMSG 2217:4 @!@!@
11: <a line 73, col 6 to line 76, col 45 of module Receive>
/\ txBufIndex = 17
/\ txBuf = << ":",
   "1",
   "1",
   "0",
   "3",
   "0",
   "0",
   "6",
   "B",
   "0",
   "0",
   "0",
   "3",
   "7",
   "E",
   "C",
   "R",
   "L",
   "F" >>
/\ pc = "b"
/\ tx = TRUE
/\ txReg = "R"

@!@!@ENDMSG 2217 @!@!@
@!@!@STARTMSG 2217:4 @!@!@
12: <b line 78, col 6 to line 82, col 40 of module Receive>
/\ txBufIndex = 16
/\ txBuf = << ":",
   "1",
   "1",
   "0",
   "3",
   "0",
   "0",
   "6",
   "B",
   "0",
   "0",
   "0",
   "3",
   "7",
   "E",
   "C",
   "R",
   "L",
   "F" >>
/\ pc = "send"
/\ tx = TRUE
/\ txReg = "R"

@!@!@ENDMSG 2217 @!@!@
@!@!@STARTMSG 2217:4 @!@!@
13: <send line 67, col 9 to line 71, col 55 of module Receive>
/\ txBufIndex = 16
/\ txBuf = << ":",
   "1",
   "1",
   "0",
   "3",
   "0",
   "0",
   "6",
   "B",
   "0",
   "0",
   "0",
   "3",
   "7",
   "E",
   "C",
   "R",
   "L",
   "F" >>
/\ pc = "a"
/\ tx = TRUE
/\ txReg = "R"

@!@!@ENDMSG 2217 @!@!@
@!@!@STARTMSG 2217:4 @!@!@
14: <a line 73, col 6 to line 76, col 45 of module Receive>
/\ txBufIndex = 16
/\ txBuf = << ":",
   "1",
   "1",
   "0",
   "3",
   "0",
   "0",
   "6",
   "B",
   "0",
   "0",
   "0",
   "3",
   "7",
   "E",
   "C",
   "R",
   "L",
   "F" >>
/\ pc = "b"
/\ tx = TRUE
/\ txReg = "C"

@!@!@ENDMSG 2217 @!@!@
@!@!@STARTMSG 2217:4 @!@!@
15: <b line 78, col 6 to line 82, col 40 of module Receive>
/\ txBufIndex = 15
/\ txBuf = << ":",
   "1",
   "1",
   "0",
   "3",
   "0",
   "0",
   "6",
   "B",
   "0",
   "0",
   "0",
   "3",
   "7",
   "E",
   "C",
   "R",
   "L",
   "F" >>
/\ pc = "send"
/\ tx = TRUE
/\ txReg = "C"

@!@!@ENDMSG 2217 @!@!@
@!@!@STARTMSG 2217:4 @!@!@
16: <send line 67, col 9 to line 71, col 55 of module Receive>
/\ txBufIndex = 15
/\ txBuf = << ":",
   "1",
   "1",
   "0",
   "3",
   "0",
   "0",
   "6",
   "B",
   "0",
   "0",
   "0",
   "3",
   "7",
   "E",
   "C",
   "R",
   "L",
   "F" >>
/\ pc = "a"
/\ tx = TRUE
/\ txReg = "C"

@!@!@ENDMSG 2217 @!@!@
@!@!@STARTMSG 2217:4 @!@!@
17: <a line 73, col 6 to line 76, col 45 of module Receive>
/\ txBufIndex = 15
/\ txBuf = << ":",
   "1",
   "1",
   "0",
   "3",
   "0",
   "0",
   "6",
   "B",
   "0",
   "0",
   "0",
   "3",
   "7",
   "E",
   "C",
   "R",
   "L",
   "F" >>
/\ pc = "b"
/\ tx = TRUE
/\ txReg = "E"

@!@!@ENDMSG 2217 @!@!@
@!@!@STARTMSG 2217:4 @!@!@
18: <b line 78, col 6 to line 82, col 40 of module Receive>
/\ txBufIndex = 14
/\ txBuf = << ":",
   "1",
   "1",
   "0",
   "3",
   "0",
   "0",
   "6",
   "B",
   "0",
   "0",
   "0",
   "3",
   "7",
   "E",
   "C",
   "R",
   "L",
   "F" >>
/\ pc = "send"
/\ tx = TRUE
/\ txReg = "E"

@!@!@ENDMSG 2217 @!@!@
@!@!@STARTMSG 2217:4 @!@!@
19: <send line 67, col 9 to line 71, col 55 of module Receive>
/\ txBufIndex = 14
/\ txBuf = << ":",
   "1",
   "1",
   "0",
   "3",
   "0",
   "0",
   "6",
   "B",
   "0",
   "0",
   "0",
   "3",
   "7",
   "E",
   "C",
   "R",
   "L",
   "F" >>
/\ pc = "a"
/\ tx = TRUE
/\ txReg = "E"

@!@!@ENDMSG 2217 @!@!@
@!@!@STARTMSG 2217:4 @!@!@
20: <a line 73, col 6 to line 76, col 45 of module Receive>
/\ txBufIndex = 14
/\ txBuf = << ":",
   "1",
   "1",
   "0",
   "3",
   "0",
   "0",
   "6",
   "B",
   "0",
   "0",
   "0",
   "3",
   "7",
   "E",
   "C",
   "R",
   "L",
   "F" >>
/\ pc = "b"
/\ tx = TRUE
/\ txReg = "7"

@!@!@ENDMSG 2217 @!@!@
@!@!@STARTMSG 2217:4 @!@!@
21: <b line 78, col 6 to line 82, col 40 of module Receive>
/\ txBufIndex = 13
/\ txBuf = << ":",
   "1",
   "1",
   "0",
   "3",
   "0",
   "0",
   "6",
   "B",
   "0",
   "0",
   "0",
   "3",
   "7",
   "E",
   "C",
   "R",
   "L",
   "F" >>
/\ pc = "send"
/\ tx = TRUE
/\ txReg = "7"

@!@!@ENDMSG 2217 @!@!@
@!@!@STARTMSG 2217:4 @!@!@
22: <send line 67, col 9 to line 71, col 55 of module Receive>
/\ txBufIndex = 13
/\ txBuf = << ":",
   "1",
   "1",
   "0",
   "3",
   "0",
   "0",
   "6",
   "B",
   "0",
   "0",
   "0",
   "3",
   "7",
   "E",
   "C",
   "R",
   "L",
   "F" >>
/\ pc = "a"
/\ tx = TRUE
/\ txReg = "7"

@!@!@ENDMSG 2217 @!@!@
@!@!@STARTMSG 2217:4 @!@!@
23: <a line 73, col 6 to line 76, col 45 of module Receive>
/\ txBufIndex = 13
/\ txBuf = << ":",
   "1",
   "1",
   "0",
   "3",
   "0",
   "0",
   "6",
   "B",
   "0",
   "0",
   "0",
   "3",
   "7",
   "E",
   "C",
   "R",
   "L",
   "F" >>
/\ pc = "b"
/\ tx = TRUE
/\ txReg = "3"

@!@!@ENDMSG 2217 @!@!@
@!@!@STARTMSG 2217:4 @!@!@
24: <b line 78, col 6 to line 82, col 40 of module Receive>
/\ txBufIndex = 12
/\ txBuf = << ":",
   "1",
   "1",
   "0",
   "3",
   "0",
   "0",
   "6",
   "B",
   "0",
   "0",
   "0",
   "3",
   "7",
   "E",
   "C",
   "R",
   "L",
   "F" >>
/\ pc = "send"
/\ tx = TRUE
/\ txReg = "3"

@!@!@ENDMSG 2217 @!@!@
@!@!@STARTMSG 2217:4 @!@!@
25: <send line 67, col 9 to line 71, col 55 of module Receive>
/\ txBufIndex = 12
/\ txBuf = << ":",
   "1",
   "1",
   "0",
   "3",
   "0",
   "0",
   "6",
   "B",
   "0",
   "0",
   "0",
   "3",
   "7",
   "E",
   "C",
   "R",
   "L",
   "F" >>
/\ pc = "a"
/\ tx = TRUE
/\ txReg = "3"

@!@!@ENDMSG 2217 @!@!@
@!@!@STARTMSG 2217:4 @!@!@
26: <a line 73, col 6 to line 76, col 45 of module Receive>
/\ txBufIndex = 12
/\ txBuf = << ":",
   "1",
   "1",
   "0",
   "3",
   "0",
   "0",
   "6",
   "B",
   "0",
   "0",
   "0",
   "3",
   "7",
   "E",
   "C",
   "R",
   "L",
   "F" >>
/\ pc = "b"
/\ tx = TRUE
/\ txReg = "0"

@!@!@ENDMSG 2217 @!@!@
@!@!@STARTMSG 2217:4 @!@!@
27: <b line 78, col 6 to line 82, col 40 of module Receive>
/\ txBufIndex = 11
/\ txBuf = << ":",
   "1",
   "1",
   "0",
   "3",
   "0",
   "0",
   "6",
   "B",
   "0",
   "0",
   "0",
   "3",
   "7",
   "E",
   "C",
   "R",
   "L",
   "F" >>
/\ pc = "send"
/\ tx = TRUE
/\ txReg = "0"

@!@!@ENDMSG 2217 @!@!@
@!@!@STARTMSG 2217:4 @!@!@
28: <send line 67, col 9 to line 71, col 55 of module Receive>
/\ txBufIndex = 11
/\ txBuf = << ":",
   "1",
   "1",
   "0",
   "3",
   "0",
   "0",
   "6",
   "B",
   "0",
   "0",
   "0",
   "3",
   "7",
   "E",
   "C",
   "R",
   "L",
   "F" >>
/\ pc = "a"
/\ tx = TRUE
/\ txReg = "0"

@!@!@ENDMSG 2217 @!@!@
@!@!@STARTMSG 2217:4 @!@!@
29: <a line 73, col 6 to line 76, col 45 of module Receive>
/\ txBufIndex = 11
/\ txBuf = << ":",
   "1",
   "1",
   "0",
   "3",
   "0",
   "0",
   "6",
   "B",
   "0",
   "0",
   "0",
   "3",
   "7",
   "E",
   "C",
   "R",
   "L",
   "F" >>
/\ pc = "b"
/\ tx = TRUE
/\ txReg = "0"

@!@!@ENDMSG 2217 @!@!@
@!@!@STARTMSG 2217:4 @!@!@
30: <b line 78, col 6 to line 82, col 40 of module Receive>
/\ txBufIndex = 10
/\ txBuf = << ":",
   "1",
   "1",
   "0",
   "3",
   "0",
   "0",
   "6",
   "B",
   "0",
   "0",
   "0",
   "3",
   "7",
   "E",
   "C",
   "R",
   "L",
   "F" >>
/\ pc = "send"
/\ tx = TRUE
/\ txReg = "0"

@!@!@ENDMSG 2217 @!@!@
@!@!@STARTMSG 2217:4 @!@!@
31: <send line 67, col 9 to line 71, col 55 of module Receive>
/\ txBufIndex = 10
/\ txBuf = << ":",
   "1",
   "1",
   "0",
   "3",
   "0",
   "0",
   "6",
   "B",
   "0",
   "0",
   "0",
   "3",
   "7",
   "E",
   "C",
   "R",
   "L",
   "F" >>
/\ pc = "a"
/\ tx = TRUE
/\ txReg = "0"

@!@!@ENDMSG 2217 @!@!@
@!@!@STARTMSG 2217:4 @!@!@
32: <a line 73, col 6 to line 76, col 45 of module Receive>
/\ txBufIndex = 10
/\ txBuf = << ":",
   "1",
   "1",
   "0",
   "3",
   "0",
   "0",
   "6",
   "B",
   "0",
   "0",
   "0",
   "3",
   "7",
   "E",
   "C",
   "R",
   "L",
   "F" >>
/\ pc = "b"
/\ tx = TRUE
/\ txReg = "0"

@!@!@ENDMSG 2217 @!@!@
@!@!@STARTMSG 2217:4 @!@!@
33: <b line 78, col 6 to line 82, col 40 of module Receive>
/\ txBufIndex = 9
/\ txBuf = << ":",
   "1",
   "1",
   "0",
   "3",
   "0",
   "0",
   "6",
   "B",
   "0",
   "0",
   "0",
   "3",
   "7",
   "E",
   "C",
   "R",
   "L",
   "F" >>
/\ pc = "send"
/\ tx = TRUE
/\ txReg = "0"

@!@!@ENDMSG 2217 @!@!@
@!@!@STARTMSG 2217:4 @!@!@
34: <send line 67, col 9 to line 71, col 55 of module Receive>
/\ txBufIndex = 9
/\ txBuf = << ":",
   "1",
   "1",
   "0",
   "3",
   "0",
   "0",
   "6",
   "B",
   "0",
   "0",
   "0",
   "3",
   "7",
   "E",
   "C",
   "R",
   "L",
   "F" >>
/\ pc = "a"
/\ tx = TRUE
/\ txReg = "0"

@!@!@ENDMSG 2217 @!@!@
@!@!@STARTMSG 2217:4 @!@!@
35: <a line 73, col 6 to line 76, col 45 of module Receive>
/\ txBufIndex = 9
/\ txBuf = << ":",
   "1",
   "1",
   "0",
   "3",
   "0",
   "0",
   "6",
   "B",
   "0",
   "0",
   "0",
   "3",
   "7",
   "E",
   "C",
   "R",
   "L",
   "F" >>
/\ pc = "b"
/\ tx = TRUE
/\ txReg = "B"

@!@!@ENDMSG 2217 @!@!@
@!@!@STARTMSG 2217:4 @!@!@
36: <b line 78, col 6 to line 82, col 40 of module Receive>
/\ txBufIndex = 8
/\ txBuf = << ":",
   "1",
   "1",
   "0",
   "3",
   "0",
   "0",
   "6",
   "B",
   "0",
   "0",
   "0",
   "3",
   "7",
   "E",
   "C",
   "R",
   "L",
   "F" >>
/\ pc = "send"
/\ tx = TRUE
/\ txReg = "B"

@!@!@ENDMSG 2217 @!@!@
@!@!@STARTMSG 2217:4 @!@!@
37: <send line 67, col 9 to line 71, col 55 of module Receive>
/\ txBufIndex = 8
/\ txBuf = << ":",
   "1",
   "1",
   "0",
   "3",
   "0",
   "0",
   "6",
   "B",
   "0",
   "0",
   "0",
   "3",
   "7",
   "E",
   "C",
   "R",
   "L",
   "F" >>
/\ pc = "a"
/\ tx = TRUE
/\ txReg = "B"

@!@!@ENDMSG 2217 @!@!@
@!@!@STARTMSG 2217:4 @!@!@
38: <a line 73, col 6 to line 76, col 45 of module Receive>
/\ txBufIndex = 8
/\ txBuf = << ":",
   "1",
   "1",
   "0",
   "3",
   "0",
   "0",
   "6",
   "B",
   "0",
   "0",
   "0",
   "3",
   "7",
   "E",
   "C",
   "R",
   "L",
   "F" >>
/\ pc = "b"
/\ tx = TRUE
/\ txReg = "6"

@!@!@ENDMSG 2217 @!@!@
@!@!@STARTMSG 2217:4 @!@!@
39: <b line 78, col 6 to line 82, col 40 of module Receive>
/\ txBufIndex = 7
/\ txBuf = << ":",
   "1",
   "1",
   "0",
   "3",
   "0",
   "0",
   "6",
   "B",
   "0",
   "0",
   "0",
   "3",
   "7",
   "E",
   "C",
   "R",
   "L",
   "F" >>
/\ pc = "send"
/\ tx = TRUE
/\ txReg = "6"

@!@!@ENDMSG 2217 @!@!@
@!@!@STARTMSG 2217:4 @!@!@
40: <send line 67, col 9 to line 71, col 55 of module Receive>
/\ txBufIndex = 7
/\ txBuf = << ":",
   "1",
   "1",
   "0",
   "3",
   "0",
   "0",
   "6",
   "B",
   "0",
   "0",
   "0",
   "3",
   "7",
   "E",
   "C",
   "R",
   "L",
   "F" >>
/\ pc = "a"
/\ tx = TRUE
/\ txReg = "6"

@!@!@ENDMSG 2217 @!@!@
@!@!@STARTMSG 2217:4 @!@!@
41: <a line 73, col 6 to line 76, col 45 of module Receive>
/\ txBufIndex = 7
/\ txBuf = << ":",
   "1",
   "1",
   "0",
   "3",
   "0",
   "0",
   "6",
   "B",
   "0",
   "0",
   "0",
   "3",
   "7",
   "E",
   "C",
   "R",
   "L",
   "F" >>
/\ pc = "b"
/\ tx = TRUE
/\ txReg = "0"

@!@!@ENDMSG 2217 @!@!@
@!@!@STARTMSG 2217:4 @!@!@
42: <b line 78, col 6 to line 82, col 40 of module Receive>
/\ txBufIndex = 6
/\ txBuf = << ":",
   "1",
   "1",
   "0",
   "3",
   "0",
   "0",
   "6",
   "B",
   "0",
   "0",
   "0",
   "3",
   "7",
   "E",
   "C",
   "R",
   "L",
   "F" >>
/\ pc = "send"
/\ tx = TRUE
/\ txReg = "0"

@!@!@ENDMSG 2217 @!@!@
@!@!@STARTMSG 2217:4 @!@!@
43: <send line 67, col 9 to line 71, col 55 of module Receive>
/\ txBufIndex = 6
/\ txBuf = << ":",
   "1",
   "1",
   "0",
   "3",
   "0",
   "0",
   "6",
   "B",
   "0",
   "0",
   "0",
   "3",
   "7",
   "E",
   "C",
   "R",
   "L",
   "F" >>
/\ pc = "a"
/\ tx = TRUE
/\ txReg = "0"

@!@!@ENDMSG 2217 @!@!@
@!@!@STARTMSG 2217:4 @!@!@
44: <a line 73, col 6 to line 76, col 45 of module Receive>
/\ txBufIndex = 6
/\ txBuf = << ":",
   "1",
   "1",
   "0",
   "3",
   "0",
   "0",
   "6",
   "B",
   "0",
   "0",
   "0",
   "3",
   "7",
   "E",
   "C",
   "R",
   "L",
   "F" >>
/\ pc = "b"
/\ tx = TRUE
/\ txReg = "0"

@!@!@ENDMSG 2217 @!@!@
@!@!@STARTMSG 2217:4 @!@!@
45: <b line 78, col 6 to line 82, col 40 of module Receive>
/\ txBufIndex = 5
/\ txBuf = << ":",
   "1",
   "1",
   "0",
   "3",
   "0",
   "0",
   "6",
   "B",
   "0",
   "0",
   "0",
   "3",
   "7",
   "E",
   "C",
   "R",
   "L",
   "F" >>
/\ pc = "send"
/\ tx = TRUE
/\ txReg = "0"

@!@!@ENDMSG 2217 @!@!@
@!@!@STARTMSG 2217:4 @!@!@
46: <send line 67, col 9 to line 71, col 55 of module Receive>
/\ txBufIndex = 5
/\ txBuf = << ":",
   "1",
   "1",
   "0",
   "3",
   "0",
   "0",
   "6",
   "B",
   "0",
   "0",
   "0",
   "3",
   "7",
   "E",
   "C",
   "R",
   "L",
   "F" >>
/\ pc = "a"
/\ tx = TRUE
/\ txReg = "0"

@!@!@ENDMSG 2217 @!@!@
@!@!@STARTMSG 2217:4 @!@!@
47: <a line 73, col 6 to line 76, col 45 of module Receive>
/\ txBufIndex = 5
/\ txBuf = << ":",
   "1",
   "1",
   "0",
   "3",
   "0",
   "0",
   "6",
   "B",
   "0",
   "0",
   "0",
   "3",
   "7",
   "E",
   "C",
   "R",
   "L",
   "F" >>
/\ pc = "b"
/\ tx = TRUE
/\ txReg = "3"

@!@!@ENDMSG 2217 @!@!@
@!@!@STARTMSG 2217:4 @!@!@
48: <b line 78, col 6 to line 82, col 40 of module Receive>
/\ txBufIndex = 4
/\ txBuf = << ":",
   "1",
   "1",
   "0",
   "3",
   "0",
   "0",
   "6",
   "B",
   "0",
   "0",
   "0",
   "3",
   "7",
   "E",
   "C",
   "R",
   "L",
   "F" >>
/\ pc = "send"
/\ tx = TRUE
/\ txReg = "3"

@!@!@ENDMSG 2217 @!@!@
@!@!@STARTMSG 2217:4 @!@!@
49: <send line 67, col 9 to line 71, col 55 of module Receive>
/\ txBufIndex = 4
/\ txBuf = << ":",
   "1",
   "1",
   "0",
   "3",
   "0",
   "0",
   "6",
   "B",
   "0",
   "0",
   "0",
   "3",
   "7",
   "E",
   "C",
   "R",
   "L",
   "F" >>
/\ pc = "a"
/\ tx = TRUE
/\ txReg = "3"

@!@!@ENDMSG 2217 @!@!@
@!@!@STARTMSG 2217:4 @!@!@
50: <a line 73, col 6 to line 76, col 45 of module Receive>
/\ txBufIndex = 4
/\ txBuf = << ":",
   "1",
   "1",
   "0",
   "3",
   "0",
   "0",
   "6",
   "B",
   "0",
   "0",
   "0",
   "3",
   "7",
   "E",
   "C",
   "R",
   "L",
   "F" >>
/\ pc = "b"
/\ tx = TRUE
/\ txReg = "0"

@!@!@ENDMSG 2217 @!@!@
@!@!@STARTMSG 2217:4 @!@!@
51: <b line 78, col 6 to line 82, col 40 of module Receive>
/\ txBufIndex = 3
/\ txBuf = << ":",
   "1",
   "1",
   "0",
   "3",
   "0",
   "0",
   "6",
   "B",
   "0",
   "0",
   "0",
   "3",
   "7",
   "E",
   "C",
   "R",
   "L",
   "F" >>
/\ pc = "send"
/\ tx = TRUE
/\ txReg = "0"

@!@!@ENDMSG 2217 @!@!@
@!@!@STARTMSG 2217:4 @!@!@
52: <send line 67, col 9 to line 71, col 55 of module Receive>
/\ txBufIndex = 3
/\ txBuf = << ":",
   "1",
   "1",
   "0",
   "3",
   "0",
   "0",
   "6",
   "B",
   "0",
   "0",
   "0",
   "3",
   "7",
   "E",
   "C",
   "R",
   "L",
   "F" >>
/\ pc = "a"
/\ tx = TRUE
/\ txReg = "0"

@!@!@ENDMSG 2217 @!@!@
@!@!@STARTMSG 2217:4 @!@!@
53: <a line 73, col 6 to line 76, col 45 of module Receive>
/\ txBufIndex = 3
/\ txBuf = << ":",
   "1",
   "1",
   "0",
   "3",
   "0",
   "0",
   "6",
   "B",
   "0",
   "0",
   "0",
   "3",
   "7",
   "E",
   "C",
   "R",
   "L",
   "F" >>
/\ pc = "b"
/\ tx = TRUE
/\ txReg = "1"

@!@!@ENDMSG 2217 @!@!@
@!@!@STARTMSG 2217:4 @!@!@
54: <b line 78, col 6 to line 82, col 40 of module Receive>
/\ txBufIndex = 2
/\ txBuf = << ":",
   "1",
   "1",
   "0",
   "3",
   "0",
   "0",
   "6",
   "B",
   "0",
   "0",
   "0",
   "3",
   "7",
   "E",
   "C",
   "R",
   "L",
   "F" >>
/\ pc = "send"
/\ tx = TRUE
/\ txReg = "1"

@!@!@ENDMSG 2217 @!@!@
@!@!@STARTMSG 2217:4 @!@!@
55: <send line 67, col 9 to line 71, col 55 of module Receive>
/\ txBufIndex = 2
/\ txBuf = << ":",
   "1",
   "1",
   "0",
   "3",
   "0",
   "0",
   "6",
   "B",
   "0",
   "0",
   "0",
   "3",
   "7",
   "E",
   "C",
   "R",
   "L",
   "F" >>
/\ pc = "a"
/\ tx = TRUE
/\ txReg = "1"

@!@!@ENDMSG 2217 @!@!@
@!@!@STARTMSG 2217:4 @!@!@
56: <a line 73, col 6 to line 76, col 45 of module Receive>
/\ txBufIndex = 2
/\ txBuf = << ":",
   "1",
   "1",
   "0",
   "3",
   "0",
   "0",
   "6",
   "B",
   "0",
   "0",
   "0",
   "3",
   "7",
   "E",
   "C",
   "R",
   "L",
   "F" >>
/\ pc = "b"
/\ tx = TRUE
/\ txReg = "1"

@!@!@ENDMSG 2217 @!@!@
@!@!@STARTMSG 2217:4 @!@!@
57: <b line 78, col 6 to line 82, col 40 of module Receive>
/\ txBufIndex = 1
/\ txBuf = << ":",
   "1",
   "1",
   "0",
   "3",
   "0",
   "0",
   "6",
   "B",
   "0",
   "0",
   "0",
   "3",
   "7",
   "E",
   "C",
   "R",
   "L",
   "F" >>
/\ pc = "send"
/\ tx = TRUE
/\ txReg = "1"

@!@!@ENDMSG 2217 @!@!@
@!@!@STARTMSG 2217:4 @!@!@
58: <send line 67, col 9 to line 71, col 55 of module Receive>
/\ txBufIndex = 1
/\ txBuf = << ":",
   "1",
   "1",
   "0",
   "3",
   "0",
   "0",
   "6",
   "B",
   "0",
   "0",
   "0",
   "3",
   "7",
   "E",
   "C",
   "R",
   "L",
   "F" >>
/\ pc = "a"
/\ tx = TRUE
/\ txReg = "1"

@!@!@ENDMSG 2217 @!@!@
@!@!@STARTMSG 2217:4 @!@!@
59: <a line 73, col 6 to line 76, col 45 of module Receive>
/\ txBufIndex = 1
/\ txBuf = << ":",
   "1",
   "1",
   "0",
   "3",
   "0",
   "0",
   "6",
   "B",
   "0",
   "0",
   "0",
   "3",
   "7",
   "E",
   "C",
   "R",
   "L",
   "F" >>
/\ pc = "b"
/\ tx = TRUE
/\ txReg = ":"

@!@!@ENDMSG 2217 @!@!@
@!@!@STARTMSG 2217:4 @!@!@
60: <b line 78, col 6 to line 82, col 40 of module Receive>
/\ txBufIndex = 0
/\ txBuf = << ":",
   "1",
   "1",
   "0",
   "3",
   "0",
   "0",
   "6",
   "B",
   "0",
   "0",
   "0",
   "3",
   "7",
   "E",
   "C",
   "R",
   "L",
   "F" >>
/\ pc = "send"
/\ tx = TRUE
/\ txReg = ":"

@!@!@ENDMSG 2217 @!@!@
@!@!@STARTMSG 2217:4 @!@!@
61: <send line 67, col 9 to line 71, col 55 of module Receive>
/\ txBufIndex = 0
/\ txBuf = << ":",
   "1",
   "1",
   "0",
   "3",
   "0",
   "0",
   "6",
   "B",
   "0",
   "0",
   "0",
   "3",
   "7",
   "E",
   "C",
   "R",
   "L",
   "F" >>
/\ pc = "t1"
/\ tx = TRUE
/\ txReg = ":"

@!@!@ENDMSG 2217 @!@!@
@!@!@STARTMSG 2218:4 @!@!@
62: Stuttering
@!@!@ENDMSG 2218 @!@!@
@!@!@STARTMSG 2267:0 @!@!@
Finished checking temporal properties in 00s at 2018-05-04 20:00:35
@!@!@ENDMSG 2267 @!@!@
@!@!@STARTMSG 2201:0 @!@!@
The coverage statistics at 2018-05-04 20:00:35
@!@!@ENDMSG 2201 @!@!@
@!@!@STARTMSG 2221:0 @!@!@
  line 55, col 23 to line 55, col 38 of module Receive: 2
@!@!@ENDMSG 2221 @!@!@
@!@!@STARTMSG 2221:0 @!@!@
  line 56, col 23 to line 56, col 34 of module Receive: 0
@!@!@ENDMSG 2221 @!@!@
@!@!@STARTMSG 2221:0 @!@!@
  line 57, col 25 to line 57, col 26 of module Receive: 2
@!@!@ENDMSG 2221 @!@!@
@!@!@STARTMSG 2221:0 @!@!@
  line 57, col 29 to line 57, col 33 of module Receive: 2
@!@!@ENDMSG 2221 @!@!@
@!@!@STARTMSG 2221:0 @!@!@
  line 57, col 36 to line 57, col 45 of module Receive: 2
@!@!@ENDMSG 2221 @!@!@
@!@!@STARTMSG 2221:0 @!@!@
  line 57, col 48 to line 57, col 52 of module Receive: 2
@!@!@ENDMSG 2221 @!@!@
@!@!@STARTMSG 2221:0 @!@!@
  line 61, col 27 to line 61, col 50 of module Receive: 1
@!@!@ENDMSG 2221 @!@!@
@!@!@STARTMSG 2221:0 @!@!@
  line 62, col 27 to line 62, col 38 of module Receive: 1
@!@!@ENDMSG 2221 @!@!@
@!@!@STARTMSG 2221:0 @!@!@
  line 63, col 27 to line 63, col 36 of module Receive: 1
@!@!@ENDMSG 2221 @!@!@
@!@!@STARTMSG 2221:0 @!@!@
  line 64, col 37 to line 64, col 46 of module Receive: 1
@!@!@ENDMSG 2221 @!@!@
@!@!@STARTMSG 2221:0 @!@!@
  line 65, col 29 to line 65, col 30 of module Receive: 2
@!@!@ENDMSG 2221 @!@!@
@!@!@STARTMSG 2221:0 @!@!@
  line 65, col 33 to line 65, col 37 of module Receive: 2
@!@!@ENDMSG 2221 @!@!@
@!@!@STARTMSG 2221:0 @!@!@
  line 65, col 40 to line 65, col 44 of module Receive: 2
@!@!@ENDMSG 2221 @!@!@
@!@!@STARTMSG 2221:0 @!@!@
  line 69, col 23 to line 69, col 31 of module Receive: 19
@!@!@ENDMSG 2221 @!@!@
@!@!@STARTMSG 2221:0 @!@!@
  line 70, col 23 to line 70, col 32 of module Receive: 1
@!@!@ENDMSG 2221 @!@!@
@!@!@STARTMSG 2221:0 @!@!@
  line 71, col 25 to line 71, col 26 of module Receive: 20
@!@!@ENDMSG 2221 @!@!@
@!@!@STARTMSG 2221:0 @!@!@
  line 71, col 29 to line 71, col 33 of module Receive: 20
@!@!@ENDMSG 2221 @!@!@
@!@!@STARTMSG 2221:0 @!@!@
  line 71, col 36 to line 71, col 45 of module Receive: 20
@!@!@ENDMSG 2221 @!@!@
@!@!@STARTMSG 2221:0 @!@!@
  line 71, col 48 to line 71, col 52 of module Receive: 20
@!@!@ENDMSG 2221 @!@!@
@!@!@STARTMSG 2221:0 @!@!@
  line 74, col 9 to line 74, col 34 of module Receive: 19
@!@!@ENDMSG 2221 @!@!@
@!@!@STARTMSG 2221:0 @!@!@
  line 75, col 9 to line 75, col 17 of module Receive: 19
@!@!@ENDMSG 2221 @!@!@
@!@!@STARTMSG 2221:0 @!@!@
  line 76, col 22 to line 76, col 23 of module Receive: 19
@!@!@ENDMSG 2221 @!@!@
@!@!@STARTMSG 2221:0 @!@!@
  line 76, col 26 to line 76, col 30 of module Receive: 19
@!@!@ENDMSG 2221 @!@!@
@!@!@STARTMSG 2221:0 @!@!@
  line 76, col 33 to line 76, col 42 of module Receive: 19
@!@!@ENDMSG 2221 @!@!@
@!@!@STARTMSG 2221:0 @!@!@
  line 80, col 9 to line 80, col 36 of module Receive: 19
@!@!@ENDMSG 2221 @!@!@
@!@!@STARTMSG 2221:0 @!@!@
  line 81, col 9 to line 81, col 20 of module Receive: 19
@!@!@ENDMSG 2221 @!@!@
@!@!@STARTMSG 2221:0 @!@!@
  line 82, col 22 to line 82, col 23 of module Receive: 19
@!@!@ENDMSG 2221 @!@!@
@!@!@STARTMSG 2221:0 @!@!@
  line 82, col 26 to line 82, col 30 of module Receive: 19
@!@!@ENDMSG 2221 @!@!@
@!@!@STARTMSG 2221:0 @!@!@
  line 82, col 33 to line 82, col 37 of module Receive: 19
@!@!@ENDMSG 2221 @!@!@
@!@!@STARTMSG 2221:0 @!@!@
  line 86, col 10 to line 86, col 20 of module Receive: 1
@!@!@ENDMSG 2221 @!@!@
@!@!@STARTMSG 2221:0 @!@!@
  line 87, col 10 to line 87, col 21 of module Receive: 1
@!@!@ENDMSG 2221 @!@!@
@!@!@STARTMSG 2221:0 @!@!@
  line 88, col 23 to line 88, col 27 of module Receive: 1
@!@!@ENDMSG 2221 @!@!@
@!@!@STARTMSG 2221:0 @!@!@
  line 88, col 30 to line 88, col 39 of module Receive: 1
@!@!@ENDMSG 2221 @!@!@
@!@!@STARTMSG 2221:0 @!@!@
  line 88, col 42 to line 88, col 46 of module Receive: 1
@!@!@ENDMSG 2221 @!@!@
@!@!@STARTMSG 2221:0 @!@!@
  line 94, col 33 to line 94, col 37 of module Receive: 1
@!@!@ENDMSG 2221 @!@!@
@!@!@STARTMSG 2221:0 @!@!@
  line 94, col 40 to line 94, col 44 of module Receive: 1
@!@!@ENDMSG 2221 @!@!@
@!@!@STARTMSG 2221:0 @!@!@
  line 94, col 47 to line 94, col 56 of module Receive: 1
@!@!@ENDMSG 2221 @!@!@
@!@!@STARTMSG 2221:0 @!@!@
  line 94, col 59 to line 94, col 60 of module Receive: 1
@!@!@ENDMSG 2221 @!@!@
@!@!@STARTMSG 2221:0 @!@!@
  line 94, col 63 to line 94, col 64 of module Receive: 1
@!@!@ENDMSG 2221 @!@!@
@!@!@STARTMSG 2202:0 @!@!@
End of statistics.
@!@!@ENDMSG 2202 @!@!@
@!@!@STARTMSG 2200:0 @!@!@
Progress(61) at 2018-05-04 20:00:35: 66 states generated (2,444 s/min), 65 distinct states found (2,407 ds/min), 0 states left on queue.
@!@!@ENDMSG 2200 @!@!@
@!@!@STARTMSG 2199:0 @!@!@
66 states generated, 65 distinct states found, 0 states left on queue.
@!@!@ENDMSG 2199 @!@!@
@!@!@STARTMSG 2186:0 @!@!@
Finished in 2310ms at (2018-05-04 20:00:35)
@!@!@ENDMSG 2186 @!@!@
