@!@!@STARTMSG 2262:0 @!@!@
TLC2 Version 2.12 of 29 January 2018
@!@!@ENDMSG 2262 @!@!@
@!@!@STARTMSG 2187:0 @!@!@
Running breadth-first search Model-Checking with 2 workers on 4 cores with 1849MB heap and 4155MB offheap memory (Windows 10 10.0 amd64, Oracle Corporation 1.8.0_162 x86_64).
@!@!@ENDMSG 2187 @!@!@
@!@!@STARTMSG 2220:0 @!@!@
Starting SANY...
@!@!@ENDMSG 2220 @!@!@
Parsing file C:\Users\SabraouM\Google Drive\CECS\Proposal\TLA+\ReceiveModbus\ReceiveModbus.toolbox\ReceiveModbus\MC.tla
Parsing file C:\Users\SabraouM\Google Drive\CECS\Proposal\TLA+\ReceiveModbus\ReceiveModbus.toolbox\ReceiveModbus\ReceiveModbus.tla
Parsing file C:\Users\SabraouM\Documents\TLAToolbox-1.5.5-win32.win32.x86_64\toolbox\plugins\org.lamport.tlatools_1.0.0.201801291236\tla2sany\StandardModules\TLC.tla
Parsing file C:\Users\SabraouM\Documents\TLAToolbox-1.5.5-win32.win32.x86_64\toolbox\plugins\org.lamport.tlatools_1.0.0.201801291236\tla2sany\StandardModules\Sequences.tla
Parsing file C:\Users\SabraouM\Documents\TLAToolbox-1.5.5-win32.win32.x86_64\toolbox\plugins\org.lamport.tlatools_1.0.0.201801291236\tla2sany\StandardModules\Naturals.tla
Parsing file C:\Users\SabraouM\Google Drive\CECS\Proposal\TLA+\ReceiveModbus\ReceiveModbus.toolbox\ReceiveModbus\Modbus.tla
Parsing file C:\Users\SabraouM\Google Drive\CECS\Proposal\TLA+\ReceiveModbus\ReceiveModbus.toolbox\ReceiveModbus\ASCII.tla
Parsing file C:\Users\SabraouM\Google Drive\CECS\Proposal\TLA+\ReceiveModbus\ReceiveModbus.toolbox\ReceiveModbus\Hex.tla
Parsing file C:\Users\SabraouM\Documents\TLAToolbox-1.5.5-win32.win32.x86_64\toolbox\plugins\org.lamport.tlatools_1.0.0.201801291236\tla2sany\StandardModules\Integers.tla
Parsing file C:\Users\SabraouM\Google Drive\CECS\Proposal\TLA+\ReceiveModbus\ReceiveModbus.toolbox\ReceiveModbus\LRC.tla
Semantic processing of module Naturals
Semantic processing of module Sequences
Semantic processing of module Integers
Semantic processing of module TLC
Semantic processing of module Hex
Semantic processing of module LRC
Semantic processing of module Modbus
Semantic processing of module ASCII
Semantic processing of module ReceiveModbus
Semantic processing of module MC
@!@!@STARTMSG 2219:0 @!@!@
SANY finished.
@!@!@ENDMSG 2219 @!@!@
@!@!@STARTMSG 2185:0 @!@!@
Starting... (2018-05-13 17:21:27)
@!@!@ENDMSG 2185 @!@!@
@!@!@STARTMSG 2212:0 @!@!@
Implied-temporal checking--satisfiability problem has 2 branches.
@!@!@ENDMSG 2212 @!@!@
<<"ASCIIToString", TRUE>>  TRUE
<<"Range", {"[", ".", "'", "^", "/", "*", "-", "+", "=", "~", "#", "<", ">", "\\", "|", "&", "$", "%", "@", ",", "0", "{", "(", ")", "}", "v", ":", "n", "i", "d", "e", "x", "]", "f", "g", "S", "w", "s", "_", "p", "1", "j", "a", "b", "t", "m", "F", "9", "2", "3", "4", "5", "6", "T", "7", "8", "A", "B", "C", "D", "E", "J", "G", "P", "W", "I", "R", " ", "!", "\"", ";", "?", "H", "K", "L", "M", "N", "O", "Q", "U", "V", "X", "Y", "Z", "c", "h", "k", "l", "o", "q", "r", "u", "y", "z"}>>  TRUE
<<"StrArrayToNumArray", TRUE>>  TRUE
<<"Sanity Check", TRUE>>  TRUE
@!@!@STARTMSG 2189:0 @!@!@
Computing initial states...
@!@!@ENDMSG 2189 @!@!@
@!@!@STARTMSG 1000:1 @!@!@
This was a Java StackOverflowError. It was probably the result
of an incorrect recursive function definition that caused TLC to enter
an infinite loop when trying to compute the function or its application
to an element in its putative domain.
@!@!@ENDMSG 1000 @!@!@
@!@!@STARTMSG 2103:1 @!@!@
The error occurred when TLC was evaluating the nested
expressions at the following positions:
    The error call stack is empty.

@!@!@ENDMSG 2103 @!@!@
@!@!@STARTMSG 2201:0 @!@!@
The coverage statistics at 2018-05-13 17:21:30
@!@!@ENDMSG 2201 @!@!@
@!@!@STARTMSG 2221:0 @!@!@
  line 100, col 22 to line 100, col 37 of module ReceiveModbus: 0
@!@!@ENDMSG 2221 @!@!@
@!@!@STARTMSG 2221:0 @!@!@
  line 101, col 22 to line 101, col 34 of module ReceiveModbus: 0
@!@!@ENDMSG 2221 @!@!@
@!@!@STARTMSG 2221:0 @!@!@
  line 102, col 24 to line 102, col 28 of module ReceiveModbus: 0
@!@!@ENDMSG 2221 @!@!@
@!@!@STARTMSG 2221:0 @!@!@
  line 102, col 31 to line 102, col 32 of module ReceiveModbus: 0
@!@!@ENDMSG 2221 @!@!@
@!@!@STARTMSG 2221:0 @!@!@
  line 102, col 35 to line 102, col 44 of module ReceiveModbus: 0
@!@!@ENDMSG 2221 @!@!@
@!@!@STARTMSG 2221:0 @!@!@
  line 102, col 47 to line 102, col 53 of module ReceiveModbus: 0
@!@!@ENDMSG 2221 @!@!@
@!@!@STARTMSG 2221:0 @!@!@
  line 102, col 56 to line 102, col 72 of module ReceiveModbus: 0
@!@!@ENDMSG 2221 @!@!@
@!@!@STARTMSG 2221:0 @!@!@
  line 106, col 24 to line 106, col 38 of module ReceiveModbus: 0
@!@!@ENDMSG 2221 @!@!@
@!@!@STARTMSG 2221:0 @!@!@
  line 107, col 24 to line 107, col 38 of module ReceiveModbus: 0
@!@!@ENDMSG 2221 @!@!@
@!@!@STARTMSG 2221:0 @!@!@
  line 108, col 26 to line 108, col 30 of module ReceiveModbus: 0
@!@!@ENDMSG 2221 @!@!@
@!@!@STARTMSG 2221:0 @!@!@
  line 108, col 33 to line 108, col 34 of module ReceiveModbus: 0
@!@!@ENDMSG 2221 @!@!@
@!@!@STARTMSG 2221:0 @!@!@
  line 108, col 37 to line 108, col 41 of module ReceiveModbus: 0
@!@!@ENDMSG 2221 @!@!@
@!@!@STARTMSG 2221:0 @!@!@
  line 108, col 44 to line 108, col 53 of module ReceiveModbus: 0
@!@!@ENDMSG 2221 @!@!@
@!@!@STARTMSG 2221:0 @!@!@
  line 108, col 56 to line 108, col 62 of module ReceiveModbus: 0
@!@!@ENDMSG 2221 @!@!@
@!@!@STARTMSG 2221:0 @!@!@
  line 109, col 26 to line 109, col 42 of module ReceiveModbus: 0
@!@!@ENDMSG 2221 @!@!@
@!@!@STARTMSG 2221:0 @!@!@
  line 113, col 26 to line 113, col 38 of module ReceiveModbus: 0
@!@!@ENDMSG 2221 @!@!@
@!@!@STARTMSG 2221:0 @!@!@
  line 115, col 26 to line 115, col 39 of module ReceiveModbus: 0
@!@!@ENDMSG 2221 @!@!@
@!@!@STARTMSG 2221:0 @!@!@
  line 116, col 15 to line 116, col 24 of module ReceiveModbus: 0
@!@!@ENDMSG 2221 @!@!@
@!@!@STARTMSG 2221:0 @!@!@
  line 117, col 28 to line 117, col 29 of module ReceiveModbus: 0
@!@!@ENDMSG 2221 @!@!@
@!@!@STARTMSG 2221:0 @!@!@
  line 117, col 32 to line 117, col 36 of module ReceiveModbus: 0
@!@!@ENDMSG 2221 @!@!@
@!@!@STARTMSG 2221:0 @!@!@
  line 117, col 39 to line 117, col 48 of module ReceiveModbus: 0
@!@!@ENDMSG 2221 @!@!@
@!@!@STARTMSG 2221:0 @!@!@
  line 117, col 51 to line 117, col 57 of module ReceiveModbus: 0
@!@!@ENDMSG 2221 @!@!@
@!@!@STARTMSG 2221:0 @!@!@
  line 117, col 60 to line 117, col 76 of module ReceiveModbus: 0
@!@!@ENDMSG 2221 @!@!@
@!@!@STARTMSG 2221:0 @!@!@
  line 120, col 10 to line 120, col 32 of module ReceiveModbus: 0
@!@!@ENDMSG 2221 @!@!@
@!@!@STARTMSG 2221:0 @!@!@
  line 121, col 10 to line 121, col 19 of module ReceiveModbus: 0
@!@!@ENDMSG 2221 @!@!@
@!@!@STARTMSG 2221:0 @!@!@
  line 122, col 23 to line 122, col 24 of module ReceiveModbus: 0
@!@!@ENDMSG 2221 @!@!@
@!@!@STARTMSG 2221:0 @!@!@
  line 122, col 27 to line 122, col 31 of module ReceiveModbus: 0
@!@!@ENDMSG 2221 @!@!@
@!@!@STARTMSG 2221:0 @!@!@
  line 122, col 34 to line 122, col 43 of module ReceiveModbus: 0
@!@!@ENDMSG 2221 @!@!@
@!@!@STARTMSG 2221:0 @!@!@
  line 122, col 46 to line 122, col 52 of module ReceiveModbus: 0
@!@!@ENDMSG 2221 @!@!@
@!@!@STARTMSG 2221:0 @!@!@
  line 122, col 55 to line 122, col 71 of module ReceiveModbus: 0
@!@!@ENDMSG 2221 @!@!@
@!@!@STARTMSG 2221:0 @!@!@
  line 125, col 10 to line 125, col 22 of module ReceiveModbus: 0
@!@!@ENDMSG 2221 @!@!@
@!@!@STARTMSG 2221:0 @!@!@
  line 126, col 10 to line 126, col 22 of module ReceiveModbus: 0
@!@!@ENDMSG 2221 @!@!@
@!@!@STARTMSG 2221:0 @!@!@
  line 127, col 23 to line 127, col 27 of module ReceiveModbus: 0
@!@!@ENDMSG 2221 @!@!@
@!@!@STARTMSG 2221:0 @!@!@
  line 127, col 30 to line 127, col 31 of module ReceiveModbus: 0
@!@!@ENDMSG 2221 @!@!@
@!@!@STARTMSG 2221:0 @!@!@
  line 127, col 34 to line 127, col 43 of module ReceiveModbus: 0
@!@!@ENDMSG 2221 @!@!@
@!@!@STARTMSG 2221:0 @!@!@
  line 127, col 46 to line 127, col 52 of module ReceiveModbus: 0
@!@!@ENDMSG 2221 @!@!@
@!@!@STARTMSG 2221:0 @!@!@
  line 127, col 55 to line 127, col 71 of module ReceiveModbus: 0
@!@!@ENDMSG 2221 @!@!@
@!@!@STARTMSG 2221:0 @!@!@
  line 131, col 24 to line 131, col 33 of module ReceiveModbus: 0
@!@!@ENDMSG 2221 @!@!@
@!@!@STARTMSG 2221:0 @!@!@
  line 132, col 24 to line 132, col 49 of module ReceiveModbus: 0
@!@!@ENDMSG 2221 @!@!@
@!@!@STARTMSG 2221:0 @!@!@
  line 133, col 24 to line 133, col 38 of module ReceiveModbus: 0
@!@!@ENDMSG 2221 @!@!@
@!@!@STARTMSG 2221:0 @!@!@
  line 134, col 24 to line 134, col 35 of module ReceiveModbus: 0
@!@!@ENDMSG 2221 @!@!@
@!@!@STARTMSG 2221:0 @!@!@
  line 135, col 37 to line 135, col 38 of module ReceiveModbus: 0
@!@!@ENDMSG 2221 @!@!@
@!@!@STARTMSG 2221:0 @!@!@
  line 135, col 41 to line 135, col 57 of module ReceiveModbus: 0
@!@!@ENDMSG 2221 @!@!@
@!@!@STARTMSG 2221:0 @!@!@
  line 136, col 26 to line 136, col 30 of module ReceiveModbus: 0
@!@!@ENDMSG 2221 @!@!@
@!@!@STARTMSG 2221:0 @!@!@
  line 136, col 33 to line 136, col 37 of module ReceiveModbus: 0
@!@!@ENDMSG 2221 @!@!@
@!@!@STARTMSG 2221:0 @!@!@
  line 136, col 40 to line 136, col 49 of module ReceiveModbus: 0
@!@!@ENDMSG 2221 @!@!@
@!@!@STARTMSG 2221:0 @!@!@
  line 136, col 52 to line 136, col 58 of module ReceiveModbus: 0
@!@!@ENDMSG 2221 @!@!@
@!@!@STARTMSG 2221:0 @!@!@
  line 139, col 15 to line 139, col 27 of module ReceiveModbus: 0
@!@!@ENDMSG 2221 @!@!@
@!@!@STARTMSG 2221:0 @!@!@
  line 140, col 15 to line 140, col 27 of module ReceiveModbus: 0
@!@!@ENDMSG 2221 @!@!@
@!@!@STARTMSG 2221:0 @!@!@
  line 141, col 15 to line 141, col 29 of module ReceiveModbus: 0
@!@!@ENDMSG 2221 @!@!@
@!@!@STARTMSG 2221:0 @!@!@
  line 142, col 15 to line 142, col 32 of module ReceiveModbus: 0
@!@!@ENDMSG 2221 @!@!@
@!@!@STARTMSG 2221:0 @!@!@
  line 143, col 15 to line 143, col 26 of module ReceiveModbus: 0
@!@!@ENDMSG 2221 @!@!@
@!@!@STARTMSG 2221:0 @!@!@
  line 144, col 28 to line 144, col 29 of module ReceiveModbus: 0
@!@!@ENDMSG 2221 @!@!@
@!@!@STARTMSG 2221:0 @!@!@
  line 144, col 32 to line 144, col 48 of module ReceiveModbus: 0
@!@!@ENDMSG 2221 @!@!@
@!@!@STARTMSG 2221:0 @!@!@
  line 76, col 12 to line 76, col 16 of module ReceiveModbus: 0
@!@!@ENDMSG 2221 @!@!@
@!@!@STARTMSG 2221:0 @!@!@
  line 76, col 19 to line 76, col 20 of module ReceiveModbus: 0
@!@!@ENDMSG 2221 @!@!@
@!@!@STARTMSG 2221:0 @!@!@
  line 76, col 23 to line 76, col 27 of module ReceiveModbus: 0
@!@!@ENDMSG 2221 @!@!@
@!@!@STARTMSG 2221:0 @!@!@
  line 76, col 30 to line 76, col 39 of module ReceiveModbus: 0
@!@!@ENDMSG 2221 @!@!@
@!@!@STARTMSG 2221:0 @!@!@
  line 76, col 42 to line 76, col 48 of module ReceiveModbus: 0
@!@!@ENDMSG 2221 @!@!@
@!@!@STARTMSG 2221:0 @!@!@
  line 76, col 51 to line 76, col 67 of module ReceiveModbus: 0
@!@!@ENDMSG 2221 @!@!@
@!@!@STARTMSG 2221:0 @!@!@
  line 76, col 70 to line 76, col 71 of module ReceiveModbus: 0
@!@!@ENDMSG 2221 @!@!@
@!@!@STARTMSG 2221:0 @!@!@
  line 89, col 23 to line 89, col 37 of module ReceiveModbus: 0
@!@!@ENDMSG 2221 @!@!@
@!@!@STARTMSG 2221:0 @!@!@
  line 90, col 33 to line 90, col 42 of module ReceiveModbus: 0
@!@!@ENDMSG 2221 @!@!@
@!@!@STARTMSG 2221:0 @!@!@
  line 91, col 23 to line 91, col 53 of module ReceiveModbus: 0
@!@!@ENDMSG 2221 @!@!@
@!@!@STARTMSG 2221:0 @!@!@
  line 92, col 23 to line 92, col 52 of module ReceiveModbus: 0
@!@!@ENDMSG 2221 @!@!@
@!@!@STARTMSG 2221:0 @!@!@
  line 93, col 12 to line 93, col 22 of module ReceiveModbus: 0
@!@!@ENDMSG 2221 @!@!@
@!@!@STARTMSG 2221:0 @!@!@
  line 94, col 25 to line 94, col 29 of module ReceiveModbus: 0
@!@!@ENDMSG 2221 @!@!@
@!@!@STARTMSG 2221:0 @!@!@
  line 94, col 32 to line 94, col 33 of module ReceiveModbus: 0
@!@!@ENDMSG 2221 @!@!@
@!@!@STARTMSG 2221:0 @!@!@
  line 94, col 36 to line 94, col 40 of module ReceiveModbus: 0
@!@!@ENDMSG 2221 @!@!@
@!@!@STARTMSG 2221:0 @!@!@
  line 94, col 43 to line 94, col 59 of module ReceiveModbus: 0
@!@!@ENDMSG 2221 @!@!@
@!@!@STARTMSG 2221:0 @!@!@
  line 98, col 22 to line 98, col 36 of module ReceiveModbus: 0
@!@!@ENDMSG 2221 @!@!@
@!@!@STARTMSG 2221:0 @!@!@
  line 99, col 22 to line 99, col 35 of module ReceiveModbus: 0
@!@!@ENDMSG 2221 @!@!@
@!@!@STARTMSG 2202:0 @!@!@
End of statistics.
@!@!@ENDMSG 2202 @!@!@
@!@!@STARTMSG 2200:0 @!@!@
Progress(0) at 2018-05-13 17:21:32: 0 states generated (0 s/min), 0 distinct states found (0 ds/min), 0 states left on queue.
@!@!@ENDMSG 2200 @!@!@
@!@!@STARTMSG 2199:0 @!@!@
0 states generated, 0 distinct states found, 0 states left on queue.
@!@!@ENDMSG 2199 @!@!@
@!@!@STARTMSG 2186:0 @!@!@
Finished in 6300ms at (2018-05-13 17:21:32)
@!@!@ENDMSG 2186 @!@!@
