@!@!@STARTMSG 2262:0 @!@!@
TLC2 Version 2.12 of 29 January 2018
@!@!@ENDMSG 2262 @!@!@
@!@!@STARTMSG 2187:0 @!@!@
Running breadth-first search Model-Checking with 2 workers on 4 cores with 601MB heap and 1349MB offheap memory (Windows 10 10.0 amd64, Oracle Corporation 1.8.0_162 x86_64).
@!@!@ENDMSG 2187 @!@!@
@!@!@STARTMSG 2220:0 @!@!@
Starting SANY...
@!@!@ENDMSG 2220 @!@!@
Parsing file C:\Users\SabraouM\Google Drive\CECS\Proposal\TLA+\SendModbus\SendModbus.toolbox\SendModbus\MC.tla
Parsing file C:\Users\SabraouM\Google Drive\CECS\Proposal\TLA+\SendModbus\SendModbus.toolbox\SendModbus\SendModbus.tla
Parsing file C:\Users\SabraouM\Documents\TLAToolbox-1.5.5-win32.win32.x86_64\toolbox\plugins\org.lamport.tlatools_1.0.0.201801291236\tla2sany\StandardModules\TLC.tla
Parsing file C:\Users\SabraouM\Documents\TLAToolbox-1.5.5-win32.win32.x86_64\toolbox\plugins\org.lamport.tlatools_1.0.0.201801291236\tla2sany\StandardModules\Sequences.tla
Parsing file C:\Users\SabraouM\Documents\TLAToolbox-1.5.5-win32.win32.x86_64\toolbox\plugins\org.lamport.tlatools_1.0.0.201801291236\tla2sany\StandardModules\Naturals.tla
Parsing file C:\Users\SabraouM\Google Drive\CECS\Proposal\TLA+\SendModbus\SendModbus.toolbox\SendModbus\Modbus.tla
Parsing file C:\Users\SabraouM\Google Drive\CECS\Proposal\TLA+\SendModbus\SendModbus.toolbox\SendModbus\Hex.tla
Parsing file C:\Users\SabraouM\Documents\TLAToolbox-1.5.5-win32.win32.x86_64\toolbox\plugins\org.lamport.tlatools_1.0.0.201801291236\tla2sany\StandardModules\Integers.tla
Parsing file C:\Users\SabraouM\Google Drive\CECS\Proposal\TLA+\SendModbus\SendModbus.toolbox\SendModbus\LRC.tla
Semantic processing of module Naturals
Semantic processing of module Sequences
Semantic processing of module Integers
Semantic processing of module TLC
Semantic processing of module Hex
Semantic processing of module LRC
Semantic processing of module Modbus
Semantic processing of module SendModbus
Semantic processing of module MC
@!@!@STARTMSG 2219:0 @!@!@
SANY finished.
@!@!@ENDMSG 2219 @!@!@
@!@!@STARTMSG 2185:0 @!@!@
Starting... (2018-05-06 22:05:28)
@!@!@ENDMSG 2185 @!@!@
@!@!@STARTMSG 2212:0 @!@!@
Implied-temporal checking--satisfiability problem has 4 branches.
@!@!@ENDMSG 2212 @!@!@
TRUE  TRUE
TRUE  TRUE
TRUE  TRUE
TRUE  TRUE
TRUE  TRUE
TRUE  TRUE
<<"1", "1">>  TRUE
<<"0", "3">>  TRUE
<<"0", "0", "6", "B", "0", "0", "0", "3", "7", "E">>  TRUE
<<"7", "E">>  TRUE
<<"C", "R", "L", "F">>  TRUE
FALSE  TRUE
TRUE  TRUE
@!@!@STARTMSG 2189:0 @!@!@
Computing initial states...
@!@!@ENDMSG 2189 @!@!@
@!@!@STARTMSG 2190:0 @!@!@
Finished computing initial states: 8 distinct states generated.
@!@!@ENDMSG 2190 @!@!@
@!@!@STARTMSG 2200:0 @!@!@
Progress(59) at 2018-05-06 22:05:30: 84 states generated, 76 distinct states found, 0 states left on queue.
@!@!@ENDMSG 2200 @!@!@
@!@!@STARTMSG 2192:0 @!@!@
Checking 4 branches of temporal properties for the complete state space with 304 total distinct states at (2018-05-06 22:05:30)
@!@!@ENDMSG 2192 @!@!@
@!@!@STARTMSG 2116:1 @!@!@
Temporal properties were violated.

@!@!@ENDMSG 2116 @!@!@
@!@!@STARTMSG 2264:1 @!@!@
The following behavior constitutes a counter-example:

@!@!@ENDMSG 2264 @!@!@
@!@!@STARTMSG 2217:4 @!@!@
1: <Initial predicate>
/\ txReg = ""
/\ txBuf = <<>>
/\ tx = TRUE
/\ txBufIndex = 1
/\ message = << ":",
   "1",
   "1",
   "0",
   "3",
   "0",
   "0",
   "6",
   "B",
   "0",
   "0",
   "0",
   "3",
   "7",
   "E",
   "C",
   "R",
   "L",
   "F" >>
/\ pc = "idle"

@!@!@ENDMSG 2217 @!@!@
@!@!@STARTMSG 2217:4 @!@!@
2: <idle line 53, col 9 to line 58, col 57 of module SendModbus>
/\ txReg = ""
/\ txBuf = << ":",
   "1",
   "1",
   "0",
   "3",
   "0",
   "0",
   "6",
   "B",
   "0",
   "0",
   "0",
   "3",
   "7",
   "E",
   "C",
   "R",
   "L",
   "F" >>
/\ tx = TRUE
/\ txBufIndex = 1
/\ message = << ":",
   "1",
   "1",
   "0",
   "3",
   "0",
   "0",
   "6",
   "B",
   "0",
   "0",
   "0",
   "3",
   "7",
   "E",
   "C",
   "R",
   "L",
   "F" >>
/\ pc = "transmit"

@!@!@ENDMSG 2217 @!@!@
@!@!@STARTMSG 2217:4 @!@!@
3: <transmit line 60, col 13 to line 64, col 68 of module SendModbus>
/\ txReg = ""
/\ txBuf = << ":",
   "1",
   "1",
   "0",
   "3",
   "0",
   "0",
   "6",
   "B",
   "0",
   "0",
   "0",
   "3",
   "7",
   "E",
   "C",
   "R",
   "L",
   "F" >>
/\ tx = TRUE
/\ txBufIndex = 1
/\ message = << ":",
   "1",
   "1",
   "0",
   "3",
   "0",
   "0",
   "6",
   "B",
   "0",
   "0",
   "0",
   "3",
   "7",
   "E",
   "C",
   "R",
   "L",
   "F" >>
/\ pc = "send"

@!@!@ENDMSG 2217 @!@!@
@!@!@STARTMSG 2217:4 @!@!@
4: <send line 66, col 9 to line 72, col 57 of module SendModbus>
/\ txReg = ""
/\ txBuf = << ":",
   "1",
   "1",
   "0",
   "3",
   "0",
   "0",
   "6",
   "B",
   "0",
   "0",
   "0",
   "3",
   "7",
   "E",
   "C",
   "R",
   "L",
   "F" >>
/\ tx = TRUE
/\ txBufIndex = 1
/\ message = << ":",
   "1",
   "1",
   "0",
   "3",
   "0",
   "0",
   "6",
   "B",
   "0",
   "0",
   "0",
   "3",
   "7",
   "E",
   "C",
   "R",
   "L",
   "F" >>
/\ pc = "a"

@!@!@ENDMSG 2217 @!@!@
@!@!@STARTMSG 2217:4 @!@!@
5: <a line 74, col 6 to line 78, col 47 of module SendModbus>
/\ txReg = ":"
/\ txBuf = << "1",
   "1",
   "0",
   "3",
   "0",
   "0",
   "6",
   "B",
   "0",
   "0",
   "0",
   "3",
   "7",
   "E",
   "C",
   "R",
   "L",
   "F" >>
/\ tx = TRUE
/\ txBufIndex = 1
/\ message = << ":",
   "1",
   "1",
   "0",
   "3",
   "0",
   "0",
   "6",
   "B",
   "0",
   "0",
   "0",
   "3",
   "7",
   "E",
   "C",
   "R",
   "L",
   "F" >>
/\ pc = "b"

@!@!@ENDMSG 2217 @!@!@
@!@!@STARTMSG 2217:4 @!@!@
6: <b line 80, col 6 to line 83, col 49 of module SendModbus>
/\ txReg = ":"
/\ txBuf = << "1",
   "1",
   "0",
   "3",
   "0",
   "0",
   "6",
   "B",
   "0",
   "0",
   "0",
   "3",
   "7",
   "E",
   "C",
   "R",
   "L",
   "F" >>
/\ tx = TRUE
/\ txBufIndex = 2
/\ message = << ":",
   "1",
   "1",
   "0",
   "3",
   "0",
   "0",
   "6",
   "B",
   "0",
   "0",
   "0",
   "3",
   "7",
   "E",
   "C",
   "R",
   "L",
   "F" >>
/\ pc = "send"

@!@!@ENDMSG 2217 @!@!@
@!@!@STARTMSG 2217:4 @!@!@
7: <send line 66, col 9 to line 72, col 57 of module SendModbus>
/\ txReg = ":"
/\ txBuf = << "1",
   "1",
   "0",
   "3",
   "0",
   "0",
   "6",
   "B",
   "0",
   "0",
   "0",
   "3",
   "7",
   "E",
   "C",
   "R",
   "L",
   "F" >>
/\ tx = TRUE
/\ txBufIndex = 2
/\ message = << ":",
   "1",
   "1",
   "0",
   "3",
   "0",
   "0",
   "6",
   "B",
   "0",
   "0",
   "0",
   "3",
   "7",
   "E",
   "C",
   "R",
   "L",
   "F" >>
/\ pc = "a"

@!@!@ENDMSG 2217 @!@!@
@!@!@STARTMSG 2217:4 @!@!@
8: <a line 74, col 6 to line 78, col 47 of module SendModbus>
/\ txReg = "1"
/\ txBuf = << "1",
   "0",
   "3",
   "0",
   "0",
   "6",
   "B",
   "0",
   "0",
   "0",
   "3",
   "7",
   "E",
   "C",
   "R",
   "L",
   "F" >>
/\ tx = TRUE
/\ txBufIndex = 2
/\ message = << ":",
   "1",
   "1",
   "0",
   "3",
   "0",
   "0",
   "6",
   "B",
   "0",
   "0",
   "0",
   "3",
   "7",
   "E",
   "C",
   "R",
   "L",
   "F" >>
/\ pc = "b"

@!@!@ENDMSG 2217 @!@!@
@!@!@STARTMSG 2217:4 @!@!@
9: <b line 80, col 6 to line 83, col 49 of module SendModbus>
/\ txReg = "1"
/\ txBuf = << "1",
   "0",
   "3",
   "0",
   "0",
   "6",
   "B",
   "0",
   "0",
   "0",
   "3",
   "7",
   "E",
   "C",
   "R",
   "L",
   "F" >>
/\ tx = TRUE
/\ txBufIndex = 3
/\ message = << ":",
   "1",
   "1",
   "0",
   "3",
   "0",
   "0",
   "6",
   "B",
   "0",
   "0",
   "0",
   "3",
   "7",
   "E",
   "C",
   "R",
   "L",
   "F" >>
/\ pc = "send"

@!@!@ENDMSG 2217 @!@!@
@!@!@STARTMSG 2217:4 @!@!@
10: <send line 66, col 9 to line 72, col 57 of module SendModbus>
/\ txReg = "1"
/\ txBuf = << "1",
   "0",
   "3",
   "0",
   "0",
   "6",
   "B",
   "0",
   "0",
   "0",
   "3",
   "7",
   "E",
   "C",
   "R",
   "L",
   "F" >>
/\ tx = TRUE
/\ txBufIndex = 3
/\ message = << ":",
   "1",
   "1",
   "0",
   "3",
   "0",
   "0",
   "6",
   "B",
   "0",
   "0",
   "0",
   "3",
   "7",
   "E",
   "C",
   "R",
   "L",
   "F" >>
/\ pc = "a"

@!@!@ENDMSG 2217 @!@!@
@!@!@STARTMSG 2217:4 @!@!@
11: <a line 74, col 6 to line 78, col 47 of module SendModbus>
/\ txReg = "1"
/\ txBuf = << "0",
   "3",
   "0",
   "0",
   "6",
   "B",
   "0",
   "0",
   "0",
   "3",
   "7",
   "E",
   "C",
   "R",
   "L",
   "F" >>
/\ tx = TRUE
/\ txBufIndex = 3
/\ message = << ":",
   "1",
   "1",
   "0",
   "3",
   "0",
   "0",
   "6",
   "B",
   "0",
   "0",
   "0",
   "3",
   "7",
   "E",
   "C",
   "R",
   "L",
   "F" >>
/\ pc = "b"

@!@!@ENDMSG 2217 @!@!@
@!@!@STARTMSG 2217:4 @!@!@
12: <b line 80, col 6 to line 83, col 49 of module SendModbus>
/\ txReg = "1"
/\ txBuf = << "0",
   "3",
   "0",
   "0",
   "6",
   "B",
   "0",
   "0",
   "0",
   "3",
   "7",
   "E",
   "C",
   "R",
   "L",
   "F" >>
/\ tx = TRUE
/\ txBufIndex = 4
/\ message = << ":",
   "1",
   "1",
   "0",
   "3",
   "0",
   "0",
   "6",
   "B",
   "0",
   "0",
   "0",
   "3",
   "7",
   "E",
   "C",
   "R",
   "L",
   "F" >>
/\ pc = "send"

@!@!@ENDMSG 2217 @!@!@
@!@!@STARTMSG 2217:4 @!@!@
13: <send line 66, col 9 to line 72, col 57 of module SendModbus>
/\ txReg = "1"
/\ txBuf = << "0",
   "3",
   "0",
   "0",
   "6",
   "B",
   "0",
   "0",
   "0",
   "3",
   "7",
   "E",
   "C",
   "R",
   "L",
   "F" >>
/\ tx = TRUE
/\ txBufIndex = 4
/\ message = << ":",
   "1",
   "1",
   "0",
   "3",
   "0",
   "0",
   "6",
   "B",
   "0",
   "0",
   "0",
   "3",
   "7",
   "E",
   "C",
   "R",
   "L",
   "F" >>
/\ pc = "a"

@!@!@ENDMSG 2217 @!@!@
@!@!@STARTMSG 2217:4 @!@!@
14: <a line 74, col 6 to line 78, col 47 of module SendModbus>
/\ txReg = "0"
/\ txBuf = <<"3", "0", "0", "6", "B", "0", "0", "0", "3", "7", "E", "C", "R", "L", "F">>
/\ tx = TRUE
/\ txBufIndex = 4
/\ message = << ":",
   "1",
   "1",
   "0",
   "3",
   "0",
   "0",
   "6",
   "B",
   "0",
   "0",
   "0",
   "3",
   "7",
   "E",
   "C",
   "R",
   "L",
   "F" >>
/\ pc = "b"

@!@!@ENDMSG 2217 @!@!@
@!@!@STARTMSG 2217:4 @!@!@
15: <b line 80, col 6 to line 83, col 49 of module SendModbus>
/\ txReg = "0"
/\ txBuf = <<"3", "0", "0", "6", "B", "0", "0", "0", "3", "7", "E", "C", "R", "L", "F">>
/\ tx = TRUE
/\ txBufIndex = 5
/\ message = << ":",
   "1",
   "1",
   "0",
   "3",
   "0",
   "0",
   "6",
   "B",
   "0",
   "0",
   "0",
   "3",
   "7",
   "E",
   "C",
   "R",
   "L",
   "F" >>
/\ pc = "send"

@!@!@ENDMSG 2217 @!@!@
@!@!@STARTMSG 2217:4 @!@!@
16: <send line 66, col 9 to line 72, col 57 of module SendModbus>
/\ txReg = "0"
/\ txBuf = <<"3", "0", "0", "6", "B", "0", "0", "0", "3", "7", "E", "C", "R", "L", "F">>
/\ tx = TRUE
/\ txBufIndex = 5
/\ message = << ":",
   "1",
   "1",
   "0",
   "3",
   "0",
   "0",
   "6",
   "B",
   "0",
   "0",
   "0",
   "3",
   "7",
   "E",
   "C",
   "R",
   "L",
   "F" >>
/\ pc = "a"

@!@!@ENDMSG 2217 @!@!@
@!@!@STARTMSG 2217:4 @!@!@
17: <a line 74, col 6 to line 78, col 47 of module SendModbus>
/\ txReg = "3"
/\ txBuf = <<"0", "0", "6", "B", "0", "0", "0", "3", "7", "E", "C", "R", "L", "F">>
/\ tx = TRUE
/\ txBufIndex = 5
/\ message = << ":",
   "1",
   "1",
   "0",
   "3",
   "0",
   "0",
   "6",
   "B",
   "0",
   "0",
   "0",
   "3",
   "7",
   "E",
   "C",
   "R",
   "L",
   "F" >>
/\ pc = "b"

@!@!@ENDMSG 2217 @!@!@
@!@!@STARTMSG 2217:4 @!@!@
18: <b line 80, col 6 to line 83, col 49 of module SendModbus>
/\ txReg = "3"
/\ txBuf = <<"0", "0", "6", "B", "0", "0", "0", "3", "7", "E", "C", "R", "L", "F">>
/\ tx = TRUE
/\ txBufIndex = 6
/\ message = << ":",
   "1",
   "1",
   "0",
   "3",
   "0",
   "0",
   "6",
   "B",
   "0",
   "0",
   "0",
   "3",
   "7",
   "E",
   "C",
   "R",
   "L",
   "F" >>
/\ pc = "send"

@!@!@ENDMSG 2217 @!@!@
@!@!@STARTMSG 2217:4 @!@!@
19: <send line 66, col 9 to line 72, col 57 of module SendModbus>
/\ txReg = "3"
/\ txBuf = <<"0", "0", "6", "B", "0", "0", "0", "3", "7", "E", "C", "R", "L", "F">>
/\ tx = TRUE
/\ txBufIndex = 6
/\ message = << ":",
   "1",
   "1",
   "0",
   "3",
   "0",
   "0",
   "6",
   "B",
   "0",
   "0",
   "0",
   "3",
   "7",
   "E",
   "C",
   "R",
   "L",
   "F" >>
/\ pc = "a"

@!@!@ENDMSG 2217 @!@!@
@!@!@STARTMSG 2217:4 @!@!@
20: <a line 74, col 6 to line 78, col 47 of module SendModbus>
/\ txReg = "0"
/\ txBuf = <<"0", "6", "B", "0", "0", "0", "3", "7", "E", "C", "R", "L", "F">>
/\ tx = TRUE
/\ txBufIndex = 6
/\ message = << ":",
   "1",
   "1",
   "0",
   "3",
   "0",
   "0",
   "6",
   "B",
   "0",
   "0",
   "0",
   "3",
   "7",
   "E",
   "C",
   "R",
   "L",
   "F" >>
/\ pc = "b"

@!@!@ENDMSG 2217 @!@!@
@!@!@STARTMSG 2217:4 @!@!@
21: <b line 80, col 6 to line 83, col 49 of module SendModbus>
/\ txReg = "0"
/\ txBuf = <<"0", "6", "B", "0", "0", "0", "3", "7", "E", "C", "R", "L", "F">>
/\ tx = TRUE
/\ txBufIndex = 7
/\ message = << ":",
   "1",
   "1",
   "0",
   "3",
   "0",
   "0",
   "6",
   "B",
   "0",
   "0",
   "0",
   "3",
   "7",
   "E",
   "C",
   "R",
   "L",
   "F" >>
/\ pc = "send"

@!@!@ENDMSG 2217 @!@!@
@!@!@STARTMSG 2217:4 @!@!@
22: <send line 66, col 9 to line 72, col 57 of module SendModbus>
/\ txReg = "0"
/\ txBuf = <<"0", "6", "B", "0", "0", "0", "3", "7", "E", "C", "R", "L", "F">>
/\ tx = TRUE
/\ txBufIndex = 7
/\ message = << ":",
   "1",
   "1",
   "0",
   "3",
   "0",
   "0",
   "6",
   "B",
   "0",
   "0",
   "0",
   "3",
   "7",
   "E",
   "C",
   "R",
   "L",
   "F" >>
/\ pc = "a"

@!@!@ENDMSG 2217 @!@!@
@!@!@STARTMSG 2217:4 @!@!@
23: <a line 74, col 6 to line 78, col 47 of module SendModbus>
/\ txReg = "0"
/\ txBuf = <<"6", "B", "0", "0", "0", "3", "7", "E", "C", "R", "L", "F">>
/\ tx = TRUE
/\ txBufIndex = 7
/\ message = << ":",
   "1",
   "1",
   "0",
   "3",
   "0",
   "0",
   "6",
   "B",
   "0",
   "0",
   "0",
   "3",
   "7",
   "E",
   "C",
   "R",
   "L",
   "F" >>
/\ pc = "b"

@!@!@ENDMSG 2217 @!@!@
@!@!@STARTMSG 2217:4 @!@!@
24: <b line 80, col 6 to line 83, col 49 of module SendModbus>
/\ txReg = "0"
/\ txBuf = <<"6", "B", "0", "0", "0", "3", "7", "E", "C", "R", "L", "F">>
/\ tx = TRUE
/\ txBufIndex = 8
/\ message = << ":",
   "1",
   "1",
   "0",
   "3",
   "0",
   "0",
   "6",
   "B",
   "0",
   "0",
   "0",
   "3",
   "7",
   "E",
   "C",
   "R",
   "L",
   "F" >>
/\ pc = "send"

@!@!@ENDMSG 2217 @!@!@
@!@!@STARTMSG 2217:4 @!@!@
25: <send line 66, col 9 to line 72, col 57 of module SendModbus>
/\ txReg = "0"
/\ txBuf = <<"6", "B", "0", "0", "0", "3", "7", "E", "C", "R", "L", "F">>
/\ tx = TRUE
/\ txBufIndex = 8
/\ message = << ":",
   "1",
   "1",
   "0",
   "3",
   "0",
   "0",
   "6",
   "B",
   "0",
   "0",
   "0",
   "3",
   "7",
   "E",
   "C",
   "R",
   "L",
   "F" >>
/\ pc = "a"

@!@!@ENDMSG 2217 @!@!@
@!@!@STARTMSG 2217:4 @!@!@
26: <a line 74, col 6 to line 78, col 47 of module SendModbus>
/\ txReg = "6"
/\ txBuf = <<"B", "0", "0", "0", "3", "7", "E", "C", "R", "L", "F">>
/\ tx = TRUE
/\ txBufIndex = 8
/\ message = << ":",
   "1",
   "1",
   "0",
   "3",
   "0",
   "0",
   "6",
   "B",
   "0",
   "0",
   "0",
   "3",
   "7",
   "E",
   "C",
   "R",
   "L",
   "F" >>
/\ pc = "b"

@!@!@ENDMSG 2217 @!@!@
@!@!@STARTMSG 2217:4 @!@!@
27: <b line 80, col 6 to line 83, col 49 of module SendModbus>
/\ txReg = "6"
/\ txBuf = <<"B", "0", "0", "0", "3", "7", "E", "C", "R", "L", "F">>
/\ tx = TRUE
/\ txBufIndex = 9
/\ message = << ":",
   "1",
   "1",
   "0",
   "3",
   "0",
   "0",
   "6",
   "B",
   "0",
   "0",
   "0",
   "3",
   "7",
   "E",
   "C",
   "R",
   "L",
   "F" >>
/\ pc = "send"

@!@!@ENDMSG 2217 @!@!@
@!@!@STARTMSG 2217:4 @!@!@
28: <send line 66, col 9 to line 72, col 57 of module SendModbus>
/\ txReg = "6"
/\ txBuf = <<"B", "0", "0", "0", "3", "7", "E", "C", "R", "L", "F">>
/\ tx = TRUE
/\ txBufIndex = 9
/\ message = << ":",
   "1",
   "1",
   "0",
   "3",
   "0",
   "0",
   "6",
   "B",
   "0",
   "0",
   "0",
   "3",
   "7",
   "E",
   "C",
   "R",
   "L",
   "F" >>
/\ pc = "a"

@!@!@ENDMSG 2217 @!@!@
@!@!@STARTMSG 2217:4 @!@!@
29: <a line 74, col 6 to line 78, col 47 of module SendModbus>
/\ txReg = "B"
/\ txBuf = <<"0", "0", "0", "3", "7", "E", "C", "R", "L", "F">>
/\ tx = TRUE
/\ txBufIndex = 9
/\ message = << ":",
   "1",
   "1",
   "0",
   "3",
   "0",
   "0",
   "6",
   "B",
   "0",
   "0",
   "0",
   "3",
   "7",
   "E",
   "C",
   "R",
   "L",
   "F" >>
/\ pc = "b"

@!@!@ENDMSG 2217 @!@!@
@!@!@STARTMSG 2217:4 @!@!@
30: <b line 80, col 6 to line 83, col 49 of module SendModbus>
/\ txReg = "B"
/\ txBuf = <<"0", "0", "0", "3", "7", "E", "C", "R", "L", "F">>
/\ tx = TRUE
/\ txBufIndex = 10
/\ message = << ":",
   "1",
   "1",
   "0",
   "3",
   "0",
   "0",
   "6",
   "B",
   "0",
   "0",
   "0",
   "3",
   "7",
   "E",
   "C",
   "R",
   "L",
   "F" >>
/\ pc = "send"

@!@!@ENDMSG 2217 @!@!@
@!@!@STARTMSG 2217:4 @!@!@
31: <send line 66, col 9 to line 72, col 57 of module SendModbus>
/\ txReg = "B"
/\ txBuf = <<"0", "0", "0", "3", "7", "E", "C", "R", "L", "F">>
/\ tx = TRUE
/\ txBufIndex = 10
/\ message = << ":",
   "1",
   "1",
   "0",
   "3",
   "0",
   "0",
   "6",
   "B",
   "0",
   "0",
   "0",
   "3",
   "7",
   "E",
   "C",
   "R",
   "L",
   "F" >>
/\ pc = "a"

@!@!@ENDMSG 2217 @!@!@
@!@!@STARTMSG 2217:4 @!@!@
32: <a line 74, col 6 to line 78, col 47 of module SendModbus>
/\ txReg = "0"
/\ txBuf = <<"0", "0", "3", "7", "E", "C", "R", "L", "F">>
/\ tx = TRUE
/\ txBufIndex = 10
/\ message = << ":",
   "1",
   "1",
   "0",
   "3",
   "0",
   "0",
   "6",
   "B",
   "0",
   "0",
   "0",
   "3",
   "7",
   "E",
   "C",
   "R",
   "L",
   "F" >>
/\ pc = "b"

@!@!@ENDMSG 2217 @!@!@
@!@!@STARTMSG 2217:4 @!@!@
33: <b line 80, col 6 to line 83, col 49 of module SendModbus>
/\ txReg = "0"
/\ txBuf = <<"0", "0", "3", "7", "E", "C", "R", "L", "F">>
/\ tx = TRUE
/\ txBufIndex = 11
/\ message = << ":",
   "1",
   "1",
   "0",
   "3",
   "0",
   "0",
   "6",
   "B",
   "0",
   "0",
   "0",
   "3",
   "7",
   "E",
   "C",
   "R",
   "L",
   "F" >>
/\ pc = "send"

@!@!@ENDMSG 2217 @!@!@
@!@!@STARTMSG 2217:4 @!@!@
34: <send line 66, col 9 to line 72, col 57 of module SendModbus>
/\ txReg = "0"
/\ txBuf = <<"0", "0", "3", "7", "E", "C", "R", "L", "F">>
/\ tx = TRUE
/\ txBufIndex = 11
/\ message = << ":",
   "1",
   "1",
   "0",
   "3",
   "0",
   "0",
   "6",
   "B",
   "0",
   "0",
   "0",
   "3",
   "7",
   "E",
   "C",
   "R",
   "L",
   "F" >>
/\ pc = "a"

@!@!@ENDMSG 2217 @!@!@
@!@!@STARTMSG 2217:4 @!@!@
35: <a line 74, col 6 to line 78, col 47 of module SendModbus>
/\ txReg = "0"
/\ txBuf = <<"0", "3", "7", "E", "C", "R", "L", "F">>
/\ tx = TRUE
/\ txBufIndex = 11
/\ message = << ":",
   "1",
   "1",
   "0",
   "3",
   "0",
   "0",
   "6",
   "B",
   "0",
   "0",
   "0",
   "3",
   "7",
   "E",
   "C",
   "R",
   "L",
   "F" >>
/\ pc = "b"

@!@!@ENDMSG 2217 @!@!@
@!@!@STARTMSG 2217:4 @!@!@
36: <b line 80, col 6 to line 83, col 49 of module SendModbus>
/\ txReg = "0"
/\ txBuf = <<"0", "3", "7", "E", "C", "R", "L", "F">>
/\ tx = TRUE
/\ txBufIndex = 12
/\ message = << ":",
   "1",
   "1",
   "0",
   "3",
   "0",
   "0",
   "6",
   "B",
   "0",
   "0",
   "0",
   "3",
   "7",
   "E",
   "C",
   "R",
   "L",
   "F" >>
/\ pc = "send"

@!@!@ENDMSG 2217 @!@!@
@!@!@STARTMSG 2217:4 @!@!@
37: <send line 66, col 9 to line 72, col 57 of module SendModbus>
/\ txReg = "0"
/\ txBuf = <<"0", "3", "7", "E", "C", "R", "L", "F">>
/\ tx = TRUE
/\ txBufIndex = 12
/\ message = << ":",
   "1",
   "1",
   "0",
   "3",
   "0",
   "0",
   "6",
   "B",
   "0",
   "0",
   "0",
   "3",
   "7",
   "E",
   "C",
   "R",
   "L",
   "F" >>
/\ pc = "a"

@!@!@ENDMSG 2217 @!@!@
@!@!@STARTMSG 2217:4 @!@!@
38: <a line 74, col 6 to line 78, col 47 of module SendModbus>
/\ txReg = "0"
/\ txBuf = <<"3", "7", "E", "C", "R", "L", "F">>
/\ tx = TRUE
/\ txBufIndex = 12
/\ message = << ":",
   "1",
   "1",
   "0",
   "3",
   "0",
   "0",
   "6",
   "B",
   "0",
   "0",
   "0",
   "3",
   "7",
   "E",
   "C",
   "R",
   "L",
   "F" >>
/\ pc = "b"

@!@!@ENDMSG 2217 @!@!@
@!@!@STARTMSG 2217:4 @!@!@
39: <b line 80, col 6 to line 83, col 49 of module SendModbus>
/\ txReg = "0"
/\ txBuf = <<"3", "7", "E", "C", "R", "L", "F">>
/\ tx = TRUE
/\ txBufIndex = 13
/\ message = << ":",
   "1",
   "1",
   "0",
   "3",
   "0",
   "0",
   "6",
   "B",
   "0",
   "0",
   "0",
   "3",
   "7",
   "E",
   "C",
   "R",
   "L",
   "F" >>
/\ pc = "send"

@!@!@ENDMSG 2217 @!@!@
@!@!@STARTMSG 2217:4 @!@!@
40: <send line 66, col 9 to line 72, col 57 of module SendModbus>
/\ txReg = "0"
/\ txBuf = <<"3", "7", "E", "C", "R", "L", "F">>
/\ tx = TRUE
/\ txBufIndex = 13
/\ message = << ":",
   "1",
   "1",
   "0",
   "3",
   "0",
   "0",
   "6",
   "B",
   "0",
   "0",
   "0",
   "3",
   "7",
   "E",
   "C",
   "R",
   "L",
   "F" >>
/\ pc = "a"

@!@!@ENDMSG 2217 @!@!@
@!@!@STARTMSG 2217:4 @!@!@
41: <a line 74, col 6 to line 78, col 47 of module SendModbus>
/\ txReg = "3"
/\ txBuf = <<"7", "E", "C", "R", "L", "F">>
/\ tx = TRUE
/\ txBufIndex = 13
/\ message = << ":",
   "1",
   "1",
   "0",
   "3",
   "0",
   "0",
   "6",
   "B",
   "0",
   "0",
   "0",
   "3",
   "7",
   "E",
   "C",
   "R",
   "L",
   "F" >>
/\ pc = "b"

@!@!@ENDMSG 2217 @!@!@
@!@!@STARTMSG 2217:4 @!@!@
42: <b line 80, col 6 to line 83, col 49 of module SendModbus>
/\ txReg = "3"
/\ txBuf = <<"7", "E", "C", "R", "L", "F">>
/\ tx = TRUE
/\ txBufIndex = 14
/\ message = << ":",
   "1",
   "1",
   "0",
   "3",
   "0",
   "0",
   "6",
   "B",
   "0",
   "0",
   "0",
   "3",
   "7",
   "E",
   "C",
   "R",
   "L",
   "F" >>
/\ pc = "send"

@!@!@ENDMSG 2217 @!@!@
@!@!@STARTMSG 2217:4 @!@!@
43: <send line 66, col 9 to line 72, col 57 of module SendModbus>
/\ txReg = "3"
/\ txBuf = <<"7", "E", "C", "R", "L", "F">>
/\ tx = TRUE
/\ txBufIndex = 14
/\ message = << ":",
   "1",
   "1",
   "0",
   "3",
   "0",
   "0",
   "6",
   "B",
   "0",
   "0",
   "0",
   "3",
   "7",
   "E",
   "C",
   "R",
   "L",
   "F" >>
/\ pc = "a"

@!@!@ENDMSG 2217 @!@!@
@!@!@STARTMSG 2217:4 @!@!@
44: <a line 74, col 6 to line 78, col 47 of module SendModbus>
/\ txReg = "7"
/\ txBuf = <<"E", "C", "R", "L", "F">>
/\ tx = TRUE
/\ txBufIndex = 14
/\ message = << ":",
   "1",
   "1",
   "0",
   "3",
   "0",
   "0",
   "6",
   "B",
   "0",
   "0",
   "0",
   "3",
   "7",
   "E",
   "C",
   "R",
   "L",
   "F" >>
/\ pc = "b"

@!@!@ENDMSG 2217 @!@!@
@!@!@STARTMSG 2217:4 @!@!@
45: <b line 80, col 6 to line 83, col 49 of module SendModbus>
/\ txReg = "7"
/\ txBuf = <<"E", "C", "R", "L", "F">>
/\ tx = TRUE
/\ txBufIndex = 15
/\ message = << ":",
   "1",
   "1",
   "0",
   "3",
   "0",
   "0",
   "6",
   "B",
   "0",
   "0",
   "0",
   "3",
   "7",
   "E",
   "C",
   "R",
   "L",
   "F" >>
/\ pc = "send"

@!@!@ENDMSG 2217 @!@!@
@!@!@STARTMSG 2217:4 @!@!@
46: <send line 66, col 9 to line 72, col 57 of module SendModbus>
/\ txReg = "7"
/\ txBuf = <<"E", "C", "R", "L", "F">>
/\ tx = TRUE
/\ txBufIndex = 15
/\ message = << ":",
   "1",
   "1",
   "0",
   "3",
   "0",
   "0",
   "6",
   "B",
   "0",
   "0",
   "0",
   "3",
   "7",
   "E",
   "C",
   "R",
   "L",
   "F" >>
/\ pc = "a"

@!@!@ENDMSG 2217 @!@!@
@!@!@STARTMSG 2217:4 @!@!@
47: <a line 74, col 6 to line 78, col 47 of module SendModbus>
/\ txReg = "E"
/\ txBuf = <<"C", "R", "L", "F">>
/\ tx = TRUE
/\ txBufIndex = 15
/\ message = << ":",
   "1",
   "1",
   "0",
   "3",
   "0",
   "0",
   "6",
   "B",
   "0",
   "0",
   "0",
   "3",
   "7",
   "E",
   "C",
   "R",
   "L",
   "F" >>
/\ pc = "b"

@!@!@ENDMSG 2217 @!@!@
@!@!@STARTMSG 2217:4 @!@!@
48: <b line 80, col 6 to line 83, col 49 of module SendModbus>
/\ txReg = "E"
/\ txBuf = <<"C", "R", "L", "F">>
/\ tx = TRUE
/\ txBufIndex = 16
/\ message = << ":",
   "1",
   "1",
   "0",
   "3",
   "0",
   "0",
   "6",
   "B",
   "0",
   "0",
   "0",
   "3",
   "7",
   "E",
   "C",
   "R",
   "L",
   "F" >>
/\ pc = "send"

@!@!@ENDMSG 2217 @!@!@
@!@!@STARTMSG 2217:4 @!@!@
49: <send line 66, col 9 to line 72, col 57 of module SendModbus>
/\ txReg = "E"
/\ txBuf = <<"C", "R", "L", "F">>
/\ tx = TRUE
/\ txBufIndex = 16
/\ message = << ":",
   "1",
   "1",
   "0",
   "3",
   "0",
   "0",
   "6",
   "B",
   "0",
   "0",
   "0",
   "3",
   "7",
   "E",
   "C",
   "R",
   "L",
   "F" >>
/\ pc = "a"

@!@!@ENDMSG 2217 @!@!@
@!@!@STARTMSG 2217:4 @!@!@
50: <a line 74, col 6 to line 78, col 47 of module SendModbus>
/\ txReg = "C"
/\ txBuf = <<"R", "L", "F">>
/\ tx = TRUE
/\ txBufIndex = 16
/\ message = << ":",
   "1",
   "1",
   "0",
   "3",
   "0",
   "0",
   "6",
   "B",
   "0",
   "0",
   "0",
   "3",
   "7",
   "E",
   "C",
   "R",
   "L",
   "F" >>
/\ pc = "b"

@!@!@ENDMSG 2217 @!@!@
@!@!@STARTMSG 2217:4 @!@!@
51: <b line 80, col 6 to line 83, col 49 of module SendModbus>
/\ txReg = "C"
/\ txBuf = <<"R", "L", "F">>
/\ tx = TRUE
/\ txBufIndex = 17
/\ message = << ":",
   "1",
   "1",
   "0",
   "3",
   "0",
   "0",
   "6",
   "B",
   "0",
   "0",
   "0",
   "3",
   "7",
   "E",
   "C",
   "R",
   "L",
   "F" >>
/\ pc = "send"

@!@!@ENDMSG 2217 @!@!@
@!@!@STARTMSG 2217:4 @!@!@
52: <send line 66, col 9 to line 72, col 57 of module SendModbus>
/\ txReg = "C"
/\ txBuf = <<"R", "L", "F">>
/\ tx = TRUE
/\ txBufIndex = 17
/\ message = << ":",
   "1",
   "1",
   "0",
   "3",
   "0",
   "0",
   "6",
   "B",
   "0",
   "0",
   "0",
   "3",
   "7",
   "E",
   "C",
   "R",
   "L",
   "F" >>
/\ pc = "a"

@!@!@ENDMSG 2217 @!@!@
@!@!@STARTMSG 2217:4 @!@!@
53: <a line 74, col 6 to line 78, col 47 of module SendModbus>
/\ txReg = "R"
/\ txBuf = <<"L", "F">>
/\ tx = TRUE
/\ txBufIndex = 17
/\ message = << ":",
   "1",
   "1",
   "0",
   "3",
   "0",
   "0",
   "6",
   "B",
   "0",
   "0",
   "0",
   "3",
   "7",
   "E",
   "C",
   "R",
   "L",
   "F" >>
/\ pc = "b"

@!@!@ENDMSG 2217 @!@!@
@!@!@STARTMSG 2217:4 @!@!@
54: <b line 80, col 6 to line 83, col 49 of module SendModbus>
/\ txReg = "R"
/\ txBuf = <<"L", "F">>
/\ tx = TRUE
/\ txBufIndex = 18
/\ message = << ":",
   "1",
   "1",
   "0",
   "3",
   "0",
   "0",
   "6",
   "B",
   "0",
   "0",
   "0",
   "3",
   "7",
   "E",
   "C",
   "R",
   "L",
   "F" >>
/\ pc = "send"

@!@!@ENDMSG 2217 @!@!@
@!@!@STARTMSG 2217:4 @!@!@
55: <send line 66, col 9 to line 72, col 57 of module SendModbus>
/\ txReg = "R"
/\ txBuf = <<"L", "F">>
/\ tx = TRUE
/\ txBufIndex = 18
/\ message = << ":",
   "1",
   "1",
   "0",
   "3",
   "0",
   "0",
   "6",
   "B",
   "0",
   "0",
   "0",
   "3",
   "7",
   "E",
   "C",
   "R",
   "L",
   "F" >>
/\ pc = "a"

@!@!@ENDMSG 2217 @!@!@
@!@!@STARTMSG 2217:4 @!@!@
56: <a line 74, col 6 to line 78, col 47 of module SendModbus>
/\ txReg = "L"
/\ txBuf = <<"F">>
/\ tx = TRUE
/\ txBufIndex = 18
/\ message = << ":",
   "1",
   "1",
   "0",
   "3",
   "0",
   "0",
   "6",
   "B",
   "0",
   "0",
   "0",
   "3",
   "7",
   "E",
   "C",
   "R",
   "L",
   "F" >>
/\ pc = "b"

@!@!@ENDMSG 2217 @!@!@
@!@!@STARTMSG 2217:4 @!@!@
57: <b line 80, col 6 to line 83, col 49 of module SendModbus>
/\ txReg = "L"
/\ txBuf = <<"F">>
/\ tx = TRUE
/\ txBufIndex = 19
/\ message = << ":",
   "1",
   "1",
   "0",
   "3",
   "0",
   "0",
   "6",
   "B",
   "0",
   "0",
   "0",
   "3",
   "7",
   "E",
   "C",
   "R",
   "L",
   "F" >>
/\ pc = "send"

@!@!@ENDMSG 2217 @!@!@
@!@!@STARTMSG 2217:4 @!@!@
58: <send line 66, col 9 to line 72, col 57 of module SendModbus>
/\ txReg = "F"
/\ txBuf = <<"F">>
/\ tx = TRUE
/\ txBufIndex = 19
/\ message = << ":",
   "1",
   "1",
   "0",
   "3",
   "0",
   "0",
   "6",
   "B",
   "0",
   "0",
   "0",
   "3",
   "7",
   "E",
   "C",
   "R",
   "L",
   "F" >>
/\ pc = "t1"

@!@!@ENDMSG 2217 @!@!@
@!@!@STARTMSG 2217:4 @!@!@
59: <t1 line 85, col 7 to line 89, col 51 of module SendModbus>
/\ txReg = ""
/\ txBuf = <<"F">>
/\ tx = FALSE
/\ txBufIndex = 19
/\ message = << ":",
   "1",
   "1",
   "0",
   "3",
   "0",
   "0",
   "6",
   "B",
   "0",
   "0",
   "0",
   "3",
   "7",
   "E",
   "C",
   "R",
   "L",
   "F" >>
/\ pc = "Done"

@!@!@ENDMSG 2217 @!@!@
@!@!@STARTMSG 2218:4 @!@!@
60: Stuttering
@!@!@ENDMSG 2218 @!@!@
@!@!@STARTMSG 2267:0 @!@!@
Finished checking temporal properties in 00s at 2018-05-06 22:05:30
@!@!@ENDMSG 2267 @!@!@
@!@!@STARTMSG 2201:0 @!@!@
The coverage statistics at 2018-05-06 22:05:30
@!@!@ENDMSG 2201 @!@!@
@!@!@STARTMSG 2221:0 @!@!@
  line 43, col 12 to line 43, col 13 of module SendModbus: 5
@!@!@ENDMSG 2221 @!@!@
@!@!@STARTMSG 2221:0 @!@!@
  line 43, col 16 to line 43, col 20 of module SendModbus: 5
@!@!@ENDMSG 2221 @!@!@
@!@!@STARTMSG 2221:0 @!@!@
  line 43, col 23 to line 43, col 32 of module SendModbus: 5
@!@!@ENDMSG 2221 @!@!@
@!@!@STARTMSG 2221:0 @!@!@
  line 43, col 35 to line 43, col 36 of module SendModbus: 5
@!@!@ENDMSG 2221 @!@!@
@!@!@STARTMSG 2221:0 @!@!@
  line 43, col 39 to line 43, col 43 of module SendModbus: 5
@!@!@ENDMSG 2221 @!@!@
@!@!@STARTMSG 2221:0 @!@!@
  line 43, col 46 to line 43, col 52 of module SendModbus: 5
@!@!@ENDMSG 2221 @!@!@
@!@!@STARTMSG 2221:0 @!@!@
  line 54, col 12 to line 54, col 27 of module SendModbus: 8
@!@!@ENDMSG 2221 @!@!@
@!@!@STARTMSG 2221:0 @!@!@
  line 56, col 23 to line 56, col 38 of module SendModbus: 4
@!@!@ENDMSG 2221 @!@!@
@!@!@STARTMSG 2221:0 @!@!@
  line 57, col 23 to line 57, col 34 of module SendModbus: 4
@!@!@ENDMSG 2221 @!@!@
@!@!@STARTMSG 2221:0 @!@!@
  line 58, col 25 to line 58, col 26 of module SendModbus: 8
@!@!@ENDMSG 2221 @!@!@
@!@!@STARTMSG 2221:0 @!@!@
  line 58, col 29 to line 58, col 38 of module SendModbus: 8
@!@!@ENDMSG 2221 @!@!@
@!@!@STARTMSG 2221:0 @!@!@
  line 58, col 41 to line 58, col 45 of module SendModbus: 8
@!@!@ENDMSG 2221 @!@!@
@!@!@STARTMSG 2221:0 @!@!@
  line 58, col 48 to line 58, col 54 of module SendModbus: 8
@!@!@ENDMSG 2221 @!@!@
@!@!@STARTMSG 2221:0 @!@!@
  line 62, col 27 to line 62, col 38 of module SendModbus: 1
@!@!@ENDMSG 2221 @!@!@
@!@!@STARTMSG 2221:0 @!@!@
  line 63, col 27 to line 63, col 36 of module SendModbus: 3
@!@!@ENDMSG 2221 @!@!@
@!@!@STARTMSG 2221:0 @!@!@
  line 64, col 29 to line 64, col 30 of module SendModbus: 4
@!@!@ENDMSG 2221 @!@!@
@!@!@STARTMSG 2221:0 @!@!@
  line 64, col 33 to line 64, col 37 of module SendModbus: 4
@!@!@ENDMSG 2221 @!@!@
@!@!@STARTMSG 2221:0 @!@!@
  line 64, col 40 to line 64, col 44 of module SendModbus: 4
@!@!@ENDMSG 2221 @!@!@
@!@!@STARTMSG 2221:0 @!@!@
  line 64, col 47 to line 64, col 56 of module SendModbus: 4
@!@!@ENDMSG 2221 @!@!@
@!@!@STARTMSG 2221:0 @!@!@
  line 64, col 59 to line 64, col 65 of module SendModbus: 4
@!@!@ENDMSG 2221 @!@!@
@!@!@STARTMSG 2221:0 @!@!@
  line 68, col 23 to line 68, col 31 of module SendModbus: 18
@!@!@ENDMSG 2221 @!@!@
@!@!@STARTMSG 2221:0 @!@!@
  line 69, col 23 to line 69, col 36 of module SendModbus: 18
@!@!@ENDMSG 2221 @!@!@
@!@!@STARTMSG 2221:0 @!@!@
  line 70, col 23 to line 70, col 32 of module SendModbus: 1
@!@!@ENDMSG 2221 @!@!@
@!@!@STARTMSG 2221:0 @!@!@
  line 71, col 23 to line 71, col 42 of module SendModbus: 1
@!@!@ENDMSG 2221 @!@!@
@!@!@STARTMSG 2221:0 @!@!@
  line 72, col 25 to line 72, col 26 of module SendModbus: 19
@!@!@ENDMSG 2221 @!@!@
@!@!@STARTMSG 2221:0 @!@!@
  line 72, col 29 to line 72, col 33 of module SendModbus: 19
@!@!@ENDMSG 2221 @!@!@
@!@!@STARTMSG 2221:0 @!@!@
  line 72, col 36 to line 72, col 45 of module SendModbus: 19
@!@!@ENDMSG 2221 @!@!@
@!@!@STARTMSG 2221:0 @!@!@
  line 72, col 48 to line 72, col 54 of module SendModbus: 19
@!@!@ENDMSG 2221 @!@!@
@!@!@STARTMSG 2221:0 @!@!@
  line 75, col 9 to line 75, col 28 of module SendModbus: 18
@!@!@ENDMSG 2221 @!@!@
@!@!@STARTMSG 2221:0 @!@!@
  line 76, col 9 to line 76, col 28 of module SendModbus: 18
@!@!@ENDMSG 2221 @!@!@
@!@!@STARTMSG 2221:0 @!@!@
  line 77, col 9 to line 77, col 17 of module SendModbus: 18
@!@!@ENDMSG 2221 @!@!@
@!@!@STARTMSG 2221:0 @!@!@
  line 78, col 22 to line 78, col 23 of module SendModbus: 18
@!@!@ENDMSG 2221 @!@!@
@!@!@STARTMSG 2221:0 @!@!@
  line 78, col 26 to line 78, col 35 of module SendModbus: 18
@!@!@ENDMSG 2221 @!@!@
@!@!@STARTMSG 2221:0 @!@!@
  line 78, col 38 to line 78, col 44 of module SendModbus: 18
@!@!@ENDMSG 2221 @!@!@
@!@!@STARTMSG 2221:0 @!@!@
  line 81, col 9 to line 81, col 36 of module SendModbus: 18
@!@!@ENDMSG 2221 @!@!@
@!@!@STARTMSG 2221:0 @!@!@
  line 82, col 9 to line 82, col 20 of module SendModbus: 18
@!@!@ENDMSG 2221 @!@!@
@!@!@STARTMSG 2221:0 @!@!@
  line 83, col 22 to line 83, col 23 of module SendModbus: 18
@!@!@ENDMSG 2221 @!@!@
@!@!@STARTMSG 2221:0 @!@!@
  line 83, col 26 to line 83, col 30 of module SendModbus: 18
@!@!@ENDMSG 2221 @!@!@
@!@!@STARTMSG 2221:0 @!@!@
  line 83, col 33 to line 83, col 37 of module SendModbus: 18
@!@!@ENDMSG 2221 @!@!@
@!@!@STARTMSG 2221:0 @!@!@
  line 83, col 40 to line 83, col 46 of module SendModbus: 18
@!@!@ENDMSG 2221 @!@!@
@!@!@STARTMSG 2221:0 @!@!@
  line 86, col 10 to line 86, col 20 of module SendModbus: 4
@!@!@ENDMSG 2221 @!@!@
@!@!@STARTMSG 2221:0 @!@!@
  line 87, col 10 to line 87, col 20 of module SendModbus: 4
@!@!@ENDMSG 2221 @!@!@
@!@!@STARTMSG 2221:0 @!@!@
  line 88, col 10 to line 88, col 21 of module SendModbus: 4
@!@!@ENDMSG 2221 @!@!@
@!@!@STARTMSG 2221:0 @!@!@
  line 89, col 23 to line 89, col 27 of module SendModbus: 4
@!@!@ENDMSG 2221 @!@!@
@!@!@STARTMSG 2221:0 @!@!@
  line 89, col 30 to line 89, col 39 of module SendModbus: 4
@!@!@ENDMSG 2221 @!@!@
@!@!@STARTMSG 2221:0 @!@!@
  line 89, col 42 to line 89, col 48 of module SendModbus: 4
@!@!@ENDMSG 2221 @!@!@
@!@!@STARTMSG 2202:0 @!@!@
End of statistics.
@!@!@ENDMSG 2202 @!@!@
@!@!@STARTMSG 2200:0 @!@!@
Progress(59) at 2018-05-06 22:05:31: 84 states generated (2,402 s/min), 76 distinct states found (2,173 ds/min), 0 states left on queue.
@!@!@ENDMSG 2200 @!@!@
@!@!@STARTMSG 2199:0 @!@!@
84 states generated, 76 distinct states found, 0 states left on queue.
@!@!@ENDMSG 2199 @!@!@
@!@!@STARTMSG 2186:0 @!@!@
Finished in 2748ms at (2018-05-06 22:05:31)
@!@!@ENDMSG 2186 @!@!@
