@!@!@STARTMSG 2262:0 @!@!@
TLC2 Version 2.13 of 18 July 2018
@!@!@ENDMSG 2262 @!@!@
@!@!@STARTMSG 2187:0 @!@!@
Running breadth-first search Model-Checking with seed -4030647639341373808 with 2 workers on 12 cores with 16520MB heap and 33028MB offheap memory (Linux 4.15.0-50-generic amd64, Oracle Corporation 9-internal x86_64).
@!@!@ENDMSG 2187 @!@!@
@!@!@STARTMSG 2220:0 @!@!@
Starting SANY...
@!@!@ENDMSG 2220 @!@!@
Parsing file /home/mssabr01/ICSVerifiedSoftwareProject/TLA+ Models/ReceiveModbus/ReceiveModbus.toolbox/ReceiveModbus/MC.tla
Parsing file /home/mssabr01/ICSVerifiedSoftwareProject/TLA+ Models/ReceiveModbus/ReceiveModbus.toolbox/ReceiveModbus/ReceiveModbus.tla
Parsing file /usr/share/tlaplus/plugins/org.lamport.tlatools_1.0.0.201807180447/tla2sany/StandardModules/TLC.tla
Parsing file /usr/share/tlaplus/plugins/org.lamport.tlatools_1.0.0.201807180447/tla2sany/StandardModules/Sequences.tla
Parsing file /usr/share/tlaplus/plugins/org.lamport.tlatools_1.0.0.201807180447/tla2sany/StandardModules/Naturals.tla
Parsing file /home/mssabr01/ICSVerifiedSoftwareProject/TLA+ Models/ReceiveModbus/ReceiveModbus.toolbox/ReceiveModbus/Modbus.tla
Parsing file /home/mssabr01/ICSVerifiedSoftwareProject/TLA+ Models/ReceiveModbus/ReceiveModbus.toolbox/ReceiveModbus/ASCII.tla
Parsing file /usr/share/tlaplus/plugins/org.lamport.tlatools_1.0.0.201807180447/tla2sany/StandardModules/FiniteSets.tla
Parsing file /home/mssabr01/ICSVerifiedSoftwareProject/TLA+ Models/ReceiveModbus/ReceiveModbus.toolbox/ReceiveModbus/Hex.tla
Parsing file /usr/share/tlaplus/plugins/org.lamport.tlatools_1.0.0.201807180447/tla2sany/StandardModules/Integers.tla
Parsing file /home/mssabr01/ICSVerifiedSoftwareProject/TLA+ Models/ReceiveModbus/ReceiveModbus.toolbox/ReceiveModbus/LRC.tla
Semantic processing of module Naturals
Semantic processing of module Sequences
Semantic processing of module Integers
Semantic processing of module FiniteSets
Semantic processing of module TLC
Semantic processing of module Hex
Semantic processing of module LRC
Semantic processing of module Modbus
Semantic processing of module ASCII
Semantic processing of module ReceiveModbus
Semantic processing of module MC
@!@!@STARTMSG 2219:0 @!@!@
SANY finished.
@!@!@ENDMSG 2219 @!@!@
@!@!@STARTMSG 2185:0 @!@!@
Starting... (2019-06-03 16:15:57)
@!@!@ENDMSG 2185 @!@!@
@!@!@STARTMSG 2212:0 @!@!@
Implied-temporal checking--satisfiability problem has 4 branches.
@!@!@ENDMSG 2212 @!@!@
<<"ASCIIToString", TRUE>>  TRUE
<<"Range", {"[", ".", "'", "^", "/", "*", "-", "+", "=", "~", "#", "<", ">", "\\", "|", "&", "$", "%", "@", ",", "0", "(", "T", ")", "{", "x", "]", ":", "}", "1", "2", "3", "4", "5", "6", "7", "8", "9", "!", "y", "v", "n", "i", "d", "e", "f", "g", "S", "w", "s", "_", "p", "j", "a", "b", "t", "m", "F", "A", "B", "C", "D", "E", "J", "G", "P", "W", "I", "R", " ", "\"", ";", "?", "H", "K", "L", "M", "N", "O", "Q", "U", "V", "X", "Y", "Z", "c", "h", "k", "l", "o", "q", "r", "u", "z"}>>  TRUE
<<"StrArrayToNumArray", TRUE>>  TRUE
<<"Sanity Check", TRUE>>  TRUE
@!@!@STARTMSG 2189:0 @!@!@
Computing initial states...
@!@!@ENDMSG 2189 @!@!@
@!@!@STARTMSG 2269:0 @!@!@
Computed 2 initial states...
@!@!@ENDMSG 2269 @!@!@
@!@!@STARTMSG 2269:0 @!@!@
Computed 4 initial states...
@!@!@ENDMSG 2269 @!@!@
@!@!@STARTMSG 2269:0 @!@!@
Computed 8 initial states...
@!@!@ENDMSG 2269 @!@!@
@!@!@STARTMSG 2269:0 @!@!@
Computed 16 initial states...
@!@!@ENDMSG 2269 @!@!@
@!@!@STARTMSG 2269:0 @!@!@
Computed 32 initial states...
@!@!@ENDMSG 2269 @!@!@
@!@!@STARTMSG 2269:0 @!@!@
Computed 64 initial states...
@!@!@ENDMSG 2269 @!@!@
@!@!@STARTMSG 2269:0 @!@!@
Computed 128 initial states...
@!@!@ENDMSG 2269 @!@!@
@!@!@STARTMSG 2269:0 @!@!@
Computed 256 initial states...
@!@!@ENDMSG 2269 @!@!@
@!@!@STARTMSG 2190:0 @!@!@
Finished computing initial states: 260 distinct states generated.
@!@!@ENDMSG 2190 @!@!@
@!@!@STARTMSG 2192:0 @!@!@
Checking 4 branches of temporal properties for the current state space with 17715 total distinct states at (2019-06-03 16:16:23)
@!@!@ENDMSG 2192 @!@!@
@!@!@STARTMSG 2267:0 @!@!@
Finished checking temporal properties in 00s at 2019-06-03 16:16:23
@!@!@ENDMSG 2267 @!@!@
@!@!@STARTMSG 2200:0 @!@!@
Progress(581) at 2019-06-03 16:16:23: 4689 states generated (4,689 s/min), 4430 distinct states found (4,430 ds/min), 0 states left on queue.
@!@!@ENDMSG 2200 @!@!@
@!@!@STARTMSG 2200:0 @!@!@
Progress(10240) at 2019-06-03 16:16:27: 14349 states generated, 14089 distinct states found, 0 states left on queue.
@!@!@ENDMSG 2200 @!@!@
@!@!@STARTMSG 2192:0 @!@!@
Checking 4 branches of temporal properties for the complete state space with 56356 total distinct states at (2019-06-03 16:16:27)
@!@!@ENDMSG 2192 @!@!@
@!@!@STARTMSG 2267:0 @!@!@
Finished checking temporal properties in 00s at 2019-06-03 16:16:27
@!@!@ENDMSG 2267 @!@!@
@!@!@STARTMSG 2193:0 @!@!@
Model checking completed. No error has been found.
  Estimates of the probability that TLC did not check all reachable states
  because two distinct states had the same fingerprint:
  calculated (optimistic):  val = 2.0E-13
  based on the actual fingerprints:  val = 8.2E-12
@!@!@ENDMSG 2193 @!@!@
@!@!@STARTMSG 2201:0 @!@!@
The coverage statistics at 2019-06-03 16:19:59
@!@!@ENDMSG 2201 @!@!@
@!@!@STARTMSG 2221:0 @!@!@
  line 125, col 12 to line 125, col 16 of module ReceiveModbus: 259
@!@!@ENDMSG 2221 @!@!@
@!@!@STARTMSG 2221:0 @!@!@
  line 125, col 19 to line 125, col 23 of module ReceiveModbus: 259
@!@!@ENDMSG 2221 @!@!@
@!@!@STARTMSG 2221:0 @!@!@
  line 125, col 26 to line 125, col 41 of module ReceiveModbus: 259
@!@!@ENDMSG 2221 @!@!@
@!@!@STARTMSG 2221:0 @!@!@
  line 125, col 44 to line 125, col 50 of module ReceiveModbus: 259
@!@!@ENDMSG 2221 @!@!@
@!@!@STARTMSG 2221:0 @!@!@
  line 125, col 53 to line 125, col 55 of module ReceiveModbus: 259
@!@!@ENDMSG 2221 @!@!@
@!@!@STARTMSG 2221:0 @!@!@
  line 125, col 58 to line 125, col 62 of module ReceiveModbus: 259
@!@!@ENDMSG 2221 @!@!@
@!@!@STARTMSG 2221:0 @!@!@
  line 125, col 65 to line 125, col 68 of module ReceiveModbus: 259
@!@!@ENDMSG 2221 @!@!@
@!@!@STARTMSG 2221:0 @!@!@
  line 125, col 71 to line 125, col 75 of module ReceiveModbus: 259
@!@!@ENDMSG 2221 @!@!@
@!@!@STARTMSG 2221:0 @!@!@
  line 126, col 12 to line 126, col 23 of module ReceiveModbus: 259
@!@!@ENDMSG 2221 @!@!@
@!@!@STARTMSG 2221:0 @!@!@
  line 126, col 26 to line 126, col 35 of module ReceiveModbus: 259
@!@!@ENDMSG 2221 @!@!@
@!@!@STARTMSG 2221:0 @!@!@
  line 126, col 38 to line 126, col 39 of module ReceiveModbus: 259
@!@!@ENDMSG 2221 @!@!@
@!@!@STARTMSG 2221:0 @!@!@
  line 144, col 42 to line 144, col 52 of module ReceiveModbus: 976
@!@!@ENDMSG 2221 @!@!@
@!@!@STARTMSG 2221:0 @!@!@
  line 145, col 42 to line 145, col 52 of module ReceiveModbus: 258
@!@!@ENDMSG 2221 @!@!@
@!@!@STARTMSG 2221:0 @!@!@
  line 146, col 31 to line 146, col 42 of module ReceiveModbus: 259
@!@!@ENDMSG 2221 @!@!@
@!@!@STARTMSG 2221:0 @!@!@
  line 147, col 33 to line 147, col 37 of module ReceiveModbus: 1493
@!@!@ENDMSG 2221 @!@!@
@!@!@STARTMSG 2221:0 @!@!@
  line 147, col 40 to line 147, col 44 of module ReceiveModbus: 1493
@!@!@ENDMSG 2221 @!@!@
@!@!@STARTMSG 2221:0 @!@!@
  line 147, col 47 to line 147, col 62 of module ReceiveModbus: 1493
@!@!@ENDMSG 2221 @!@!@
@!@!@STARTMSG 2221:0 @!@!@
  line 147, col 65 to line 147, col 71 of module ReceiveModbus: 1493
@!@!@ENDMSG 2221 @!@!@
@!@!@STARTMSG 2221:0 @!@!@
  line 147, col 74 to line 147, col 76 of module ReceiveModbus: 1493
@!@!@ENDMSG 2221 @!@!@
@!@!@STARTMSG 2221:0 @!@!@
  line 148, col 33 to line 148, col 37 of module ReceiveModbus: 1493
@!@!@ENDMSG 2221 @!@!@
@!@!@STARTMSG 2221:0 @!@!@
  line 148, col 40 to line 148, col 43 of module ReceiveModbus: 1493
@!@!@ENDMSG 2221 @!@!@
@!@!@STARTMSG 2221:0 @!@!@
  line 148, col 46 to line 148, col 50 of module ReceiveModbus: 1493
@!@!@ENDMSG 2221 @!@!@
@!@!@STARTMSG 2221:0 @!@!@
  line 148, col 53 to line 148, col 64 of module ReceiveModbus: 1493
@!@!@ENDMSG 2221 @!@!@
@!@!@STARTMSG 2221:0 @!@!@
  line 148, col 67 to line 148, col 76 of module ReceiveModbus: 1493
@!@!@ENDMSG 2221 @!@!@
@!@!@STARTMSG 2221:0 @!@!@
  line 152, col 24 to line 152, col 34 of module ReceiveModbus: 1234
@!@!@ENDMSG 2221 @!@!@
@!@!@STARTMSG 2221:0 @!@!@
  line 153, col 24 to line 153, col 43 of module ReceiveModbus: 1233
@!@!@ENDMSG 2221 @!@!@
@!@!@STARTMSG 2221:0 @!@!@
  line 154, col 26 to line 154, col 30 of module ReceiveModbus: 2467
@!@!@ENDMSG 2221 @!@!@
@!@!@STARTMSG 2221:0 @!@!@
  line 154, col 33 to line 154, col 37 of module ReceiveModbus: 2467
@!@!@ENDMSG 2221 @!@!@
@!@!@STARTMSG 2221:0 @!@!@
  line 154, col 40 to line 154, col 55 of module ReceiveModbus: 2467
@!@!@ENDMSG 2221 @!@!@
@!@!@STARTMSG 2221:0 @!@!@
  line 154, col 58 to line 154, col 64 of module ReceiveModbus: 2467
@!@!@ENDMSG 2221 @!@!@
@!@!@STARTMSG 2221:0 @!@!@
  line 154, col 67 to line 154, col 69 of module ReceiveModbus: 2467
@!@!@ENDMSG 2221 @!@!@
@!@!@STARTMSG 2221:0 @!@!@
  line 154, col 72 to line 154, col 76 of module ReceiveModbus: 2467
@!@!@ENDMSG 2221 @!@!@
@!@!@STARTMSG 2221:0 @!@!@
  line 155, col 26 to line 155, col 29 of module ReceiveModbus: 2467
@!@!@ENDMSG 2221 @!@!@
@!@!@STARTMSG 2221:0 @!@!@
  line 155, col 32 to line 155, col 36 of module ReceiveModbus: 2467
@!@!@ENDMSG 2221 @!@!@
@!@!@STARTMSG 2221:0 @!@!@
  line 155, col 39 to line 155, col 50 of module ReceiveModbus: 2467
@!@!@ENDMSG 2221 @!@!@
@!@!@STARTMSG 2221:0 @!@!@
  line 155, col 53 to line 155, col 62 of module ReceiveModbus: 2467
@!@!@ENDMSG 2221 @!@!@
@!@!@STARTMSG 2221:0 @!@!@
  line 159, col 22 to line 159, col 45 of module ReceiveModbus: 0
@!@!@ENDMSG 2221 @!@!@
@!@!@STARTMSG 2221:0 @!@!@
  line 160, col 22 to line 160, col 37 of module ReceiveModbus: 0
@!@!@ENDMSG 2221 @!@!@
@!@!@STARTMSG 2221:0 @!@!@
  line 161, col 22 to line 161, col 42 of module ReceiveModbus: 1234
@!@!@ENDMSG 2221 @!@!@
@!@!@STARTMSG 2221:0 @!@!@
  line 162, col 22 to line 162, col 32 of module ReceiveModbus: 1234
@!@!@ENDMSG 2221 @!@!@
@!@!@STARTMSG 2221:0 @!@!@
  line 163, col 11 to line 163, col 27 of module ReceiveModbus: 1234
@!@!@ENDMSG 2221 @!@!@
@!@!@STARTMSG 2221:0 @!@!@
  line 164, col 11 to line 164, col 25 of module ReceiveModbus: 1234
@!@!@ENDMSG 2221 @!@!@
@!@!@STARTMSG 2221:0 @!@!@
  line 165, col 24 to line 165, col 28 of module ReceiveModbus: 1234
@!@!@ENDMSG 2221 @!@!@
@!@!@STARTMSG 2221:0 @!@!@
  line 165, col 31 to line 165, col 46 of module ReceiveModbus: 1234
@!@!@ENDMSG 2221 @!@!@
@!@!@STARTMSG 2221:0 @!@!@
  line 165, col 49 to line 165, col 53 of module ReceiveModbus: 1234
@!@!@ENDMSG 2221 @!@!@
@!@!@STARTMSG 2221:0 @!@!@
  line 165, col 56 to line 165, col 59 of module ReceiveModbus: 1234
@!@!@ENDMSG 2221 @!@!@
@!@!@STARTMSG 2221:0 @!@!@
  line 165, col 62 to line 165, col 66 of module ReceiveModbus: 1234
@!@!@ENDMSG 2221 @!@!@
@!@!@STARTMSG 2221:0 @!@!@
  line 166, col 24 to line 166, col 35 of module ReceiveModbus: 1234
@!@!@ENDMSG 2221 @!@!@
@!@!@STARTMSG 2221:0 @!@!@
  line 166, col 38 to line 166, col 47 of module ReceiveModbus: 1234
@!@!@ENDMSG 2221 @!@!@
@!@!@STARTMSG 2221:0 @!@!@
  line 170, col 26 to line 170, col 38 of module ReceiveModbus: 6
@!@!@ENDMSG 2221 @!@!@
@!@!@STARTMSG 2221:0 @!@!@
  line 172, col 26 to line 172, col 39 of module ReceiveModbus: 1228
@!@!@ENDMSG 2221 @!@!@
@!@!@STARTMSG 2221:0 @!@!@
  line 174, col 26 to line 174, col 40 of module ReceiveModbus: 1
@!@!@ENDMSG 2221 @!@!@
@!@!@STARTMSG 2221:0 @!@!@
  line 175, col 26 to line 175, col 35 of module ReceiveModbus: 1233
@!@!@ENDMSG 2221 @!@!@
@!@!@STARTMSG 2221:0 @!@!@
  line 176, col 28 to line 176, col 32 of module ReceiveModbus: 1234
@!@!@ENDMSG 2221 @!@!@
@!@!@STARTMSG 2221:0 @!@!@
  line 176, col 35 to line 176, col 50 of module ReceiveModbus: 1234
@!@!@ENDMSG 2221 @!@!@
@!@!@STARTMSG 2221:0 @!@!@
  line 176, col 53 to line 176, col 59 of module ReceiveModbus: 1234
@!@!@ENDMSG 2221 @!@!@
@!@!@STARTMSG 2221:0 @!@!@
  line 176, col 62 to line 176, col 64 of module ReceiveModbus: 1234
@!@!@ENDMSG 2221 @!@!@
@!@!@STARTMSG 2221:0 @!@!@
  line 176, col 67 to line 176, col 71 of module ReceiveModbus: 1234
@!@!@ENDMSG 2221 @!@!@
@!@!@STARTMSG 2221:0 @!@!@
  line 176, col 74 to line 176, col 77 of module ReceiveModbus: 1234
@!@!@ENDMSG 2221 @!@!@
@!@!@STARTMSG 2221:0 @!@!@
  line 177, col 28 to line 177, col 32 of module ReceiveModbus: 1234
@!@!@ENDMSG 2221 @!@!@
@!@!@STARTMSG 2221:0 @!@!@
  line 177, col 35 to line 177, col 46 of module ReceiveModbus: 1234
@!@!@ENDMSG 2221 @!@!@
@!@!@STARTMSG 2221:0 @!@!@
  line 177, col 49 to line 177, col 58 of module ReceiveModbus: 1234
@!@!@ENDMSG 2221 @!@!@
@!@!@STARTMSG 2221:0 @!@!@
  line 180, col 15 to line 180, col 27 of module ReceiveModbus: 1
@!@!@ENDMSG 2221 @!@!@
@!@!@STARTMSG 2221:0 @!@!@
  line 181, col 15 to line 181, col 27 of module ReceiveModbus: 1
@!@!@ENDMSG 2221 @!@!@
@!@!@STARTMSG 2221:0 @!@!@
  line 182, col 15 to line 182, col 29 of module ReceiveModbus: 1
@!@!@ENDMSG 2221 @!@!@
@!@!@STARTMSG 2221:0 @!@!@
  line 183, col 15 to line 183, col 30 of module ReceiveModbus: 1
@!@!@ENDMSG 2221 @!@!@
@!@!@STARTMSG 2221:0 @!@!@
  line 184, col 15 to line 184, col 27 of module ReceiveModbus: 1
@!@!@ENDMSG 2221 @!@!@
@!@!@STARTMSG 2221:0 @!@!@
  line 185, col 28 to line 185, col 43 of module ReceiveModbus: 1
@!@!@ENDMSG 2221 @!@!@
@!@!@STARTMSG 2221:0 @!@!@
  line 185, col 46 to line 185, col 48 of module ReceiveModbus: 1
@!@!@ENDMSG 2221 @!@!@
@!@!@STARTMSG 2221:0 @!@!@
  line 185, col 51 to line 185, col 55 of module ReceiveModbus: 1
@!@!@ENDMSG 2221 @!@!@
@!@!@STARTMSG 2221:0 @!@!@
  line 185, col 58 to line 185, col 61 of module ReceiveModbus: 1
@!@!@ENDMSG 2221 @!@!@
@!@!@STARTMSG 2221:0 @!@!@
  line 185, col 64 to line 185, col 75 of module ReceiveModbus: 1
@!@!@ENDMSG 2221 @!@!@
@!@!@STARTMSG 2221:0 @!@!@
  line 186, col 28 to line 186, col 37 of module ReceiveModbus: 1
@!@!@ENDMSG 2221 @!@!@
@!@!@STARTMSG 2221:0 @!@!@
  line 189, col 10 to line 189, col 38 of module ReceiveModbus: 1233
@!@!@ENDMSG 2221 @!@!@
@!@!@STARTMSG 2221:0 @!@!@
  line 190, col 10 to line 190, col 19 of module ReceiveModbus: 1233
@!@!@ENDMSG 2221 @!@!@
@!@!@STARTMSG 2221:0 @!@!@
  line 191, col 23 to line 191, col 27 of module ReceiveModbus: 1233
@!@!@ENDMSG 2221 @!@!@
@!@!@STARTMSG 2221:0 @!@!@
  line 191, col 30 to line 191, col 34 of module ReceiveModbus: 1233
@!@!@ENDMSG 2221 @!@!@
@!@!@STARTMSG 2221:0 @!@!@
  line 191, col 37 to line 191, col 52 of module ReceiveModbus: 1233
@!@!@ENDMSG 2221 @!@!@
@!@!@STARTMSG 2221:0 @!@!@
  line 191, col 55 to line 191, col 61 of module ReceiveModbus: 1233
@!@!@ENDMSG 2221 @!@!@
@!@!@STARTMSG 2221:0 @!@!@
  line 191, col 64 to line 191, col 66 of module ReceiveModbus: 1233
@!@!@ENDMSG 2221 @!@!@
@!@!@STARTMSG 2221:0 @!@!@
  line 191, col 69 to line 191, col 73 of module ReceiveModbus: 1233
@!@!@ENDMSG 2221 @!@!@
@!@!@STARTMSG 2221:0 @!@!@
  line 192, col 23 to line 192, col 26 of module ReceiveModbus: 1233
@!@!@ENDMSG 2221 @!@!@
@!@!@STARTMSG 2221:0 @!@!@
  line 192, col 29 to line 192, col 40 of module ReceiveModbus: 1233
@!@!@ENDMSG 2221 @!@!@
@!@!@STARTMSG 2221:0 @!@!@
  line 192, col 43 to line 192, col 52 of module ReceiveModbus: 1233
@!@!@ENDMSG 2221 @!@!@
@!@!@STARTMSG 2221:0 @!@!@
  line 195, col 10 to line 195, col 32 of module ReceiveModbus: 1232
@!@!@ENDMSG 2221 @!@!@
@!@!@STARTMSG 2221:0 @!@!@
  line 196, col 10 to line 196, col 19 of module ReceiveModbus: 1232
@!@!@ENDMSG 2221 @!@!@
@!@!@STARTMSG 2221:0 @!@!@
  line 197, col 23 to line 197, col 27 of module ReceiveModbus: 1232
@!@!@ENDMSG 2221 @!@!@
@!@!@STARTMSG 2221:0 @!@!@
  line 197, col 30 to line 197, col 45 of module ReceiveModbus: 1232
@!@!@ENDMSG 2221 @!@!@
@!@!@STARTMSG 2221:0 @!@!@
  line 197, col 48 to line 197, col 54 of module ReceiveModbus: 1232
@!@!@ENDMSG 2221 @!@!@
@!@!@STARTMSG 2221:0 @!@!@
  line 197, col 57 to line 197, col 59 of module ReceiveModbus: 1232
@!@!@ENDMSG 2221 @!@!@
@!@!@STARTMSG 2221:0 @!@!@
  line 197, col 62 to line 197, col 66 of module ReceiveModbus: 1232
@!@!@ENDMSG 2221 @!@!@
@!@!@STARTMSG 2221:0 @!@!@
  line 197, col 69 to line 197, col 72 of module ReceiveModbus: 1232
@!@!@ENDMSG 2221 @!@!@
@!@!@STARTMSG 2221:0 @!@!@
  line 198, col 23 to line 198, col 27 of module ReceiveModbus: 1232
@!@!@ENDMSG 2221 @!@!@
@!@!@STARTMSG 2221:0 @!@!@
  line 198, col 30 to line 198, col 41 of module ReceiveModbus: 1232
@!@!@ENDMSG 2221 @!@!@
@!@!@STARTMSG 2221:0 @!@!@
  line 198, col 44 to line 198, col 53 of module ReceiveModbus: 1232
@!@!@ENDMSG 2221 @!@!@
@!@!@STARTMSG 2221:0 @!@!@
  line 201, col 10 to line 201, col 22 of module ReceiveModbus: 1232
@!@!@ENDMSG 2221 @!@!@
@!@!@STARTMSG 2221:0 @!@!@
  line 202, col 10 to line 202, col 22 of module ReceiveModbus: 1232
@!@!@ENDMSG 2221 @!@!@
@!@!@STARTMSG 2221:0 @!@!@
  line 203, col 23 to line 203, col 27 of module ReceiveModbus: 1232
@!@!@ENDMSG 2221 @!@!@
@!@!@STARTMSG 2221:0 @!@!@
  line 203, col 30 to line 203, col 45 of module ReceiveModbus: 1232
@!@!@ENDMSG 2221 @!@!@
@!@!@STARTMSG 2221:0 @!@!@
  line 203, col 48 to line 203, col 54 of module ReceiveModbus: 1232
@!@!@ENDMSG 2221 @!@!@
@!@!@STARTMSG 2221:0 @!@!@
  line 203, col 57 to line 203, col 59 of module ReceiveModbus: 1232
@!@!@ENDMSG 2221 @!@!@
@!@!@STARTMSG 2221:0 @!@!@
  line 203, col 62 to line 203, col 66 of module ReceiveModbus: 1232
@!@!@ENDMSG 2221 @!@!@
@!@!@STARTMSG 2221:0 @!@!@
  line 203, col 69 to line 203, col 72 of module ReceiveModbus: 1232
@!@!@ENDMSG 2221 @!@!@
@!@!@STARTMSG 2221:0 @!@!@
  line 204, col 23 to line 204, col 27 of module ReceiveModbus: 1232
@!@!@ENDMSG 2221 @!@!@
@!@!@STARTMSG 2221:0 @!@!@
  line 204, col 30 to line 204, col 41 of module ReceiveModbus: 1232
@!@!@ENDMSG 2221 @!@!@
@!@!@STARTMSG 2221:0 @!@!@
  line 204, col 44 to line 204, col 53 of module ReceiveModbus: 1232
@!@!@ENDMSG 2221 @!@!@
@!@!@STARTMSG 2221:0 @!@!@
  line 208, col 24 to line 208, col 37 of module ReceiveModbus: 1
@!@!@ENDMSG 2221 @!@!@
@!@!@STARTMSG 2221:0 @!@!@
  line 209, col 24 to line 209, col 36 of module ReceiveModbus: 1231
@!@!@ENDMSG 2221 @!@!@
@!@!@STARTMSG 2221:0 @!@!@
  line 210, col 26 to line 210, col 30 of module ReceiveModbus: 1232
@!@!@ENDMSG 2221 @!@!@
@!@!@STARTMSG 2221:0 @!@!@
  line 210, col 33 to line 210, col 37 of module ReceiveModbus: 1232
@!@!@ENDMSG 2221 @!@!@
@!@!@STARTMSG 2221:0 @!@!@
  line 210, col 40 to line 210, col 55 of module ReceiveModbus: 1232
@!@!@ENDMSG 2221 @!@!@
@!@!@STARTMSG 2221:0 @!@!@
  line 210, col 58 to line 210, col 64 of module ReceiveModbus: 1232
@!@!@ENDMSG 2221 @!@!@
@!@!@STARTMSG 2221:0 @!@!@
  line 210, col 67 to line 210, col 69 of module ReceiveModbus: 1232
@!@!@ENDMSG 2221 @!@!@
@!@!@STARTMSG 2221:0 @!@!@
  line 210, col 72 to line 210, col 76 of module ReceiveModbus: 1232
@!@!@ENDMSG 2221 @!@!@
@!@!@STARTMSG 2221:0 @!@!@
  line 211, col 26 to line 211, col 29 of module ReceiveModbus: 1232
@!@!@ENDMSG 2221 @!@!@
@!@!@STARTMSG 2221:0 @!@!@
  line 211, col 32 to line 211, col 36 of module ReceiveModbus: 1232
@!@!@ENDMSG 2221 @!@!@
@!@!@STARTMSG 2221:0 @!@!@
  line 211, col 39 to line 211, col 50 of module ReceiveModbus: 1232
@!@!@ENDMSG 2221 @!@!@
@!@!@STARTMSG 2221:0 @!@!@
  line 211, col 53 to line 211, col 62 of module ReceiveModbus: 1232
@!@!@ENDMSG 2221 @!@!@
@!@!@STARTMSG 2221:0 @!@!@
  line 214, col 14 to line 214, col 52 of module ReceiveModbus: 1
@!@!@ENDMSG 2221 @!@!@
@!@!@STARTMSG 2221:0 @!@!@
  line 215, col 14 to line 215, col 27 of module ReceiveModbus: 1
@!@!@ENDMSG 2221 @!@!@
@!@!@STARTMSG 2221:0 @!@!@
  line 216, col 27 to line 216, col 31 of module ReceiveModbus: 1
@!@!@ENDMSG 2221 @!@!@
@!@!@STARTMSG 2221:0 @!@!@
  line 216, col 34 to line 216, col 38 of module ReceiveModbus: 1
@!@!@ENDMSG 2221 @!@!@
@!@!@STARTMSG 2221:0 @!@!@
  line 216, col 41 to line 216, col 56 of module ReceiveModbus: 1
@!@!@ENDMSG 2221 @!@!@
@!@!@STARTMSG 2221:0 @!@!@
  line 216, col 59 to line 216, col 65 of module ReceiveModbus: 1
@!@!@ENDMSG 2221 @!@!@
@!@!@STARTMSG 2221:0 @!@!@
  line 216, col 68 to line 216, col 70 of module ReceiveModbus: 1
@!@!@ENDMSG 2221 @!@!@
@!@!@STARTMSG 2221:0 @!@!@
  line 216, col 73 to line 216, col 76 of module ReceiveModbus: 1
@!@!@ENDMSG 2221 @!@!@
@!@!@STARTMSG 2221:0 @!@!@
  line 217, col 27 to line 217, col 31 of module ReceiveModbus: 1
@!@!@ENDMSG 2221 @!@!@
@!@!@STARTMSG 2221:0 @!@!@
  line 217, col 34 to line 217, col 45 of module ReceiveModbus: 1
@!@!@ENDMSG 2221 @!@!@
@!@!@STARTMSG 2221:0 @!@!@
  line 217, col 48 to line 217, col 57 of module ReceiveModbus: 1
@!@!@ENDMSG 2221 @!@!@
@!@!@STARTMSG 2221:0 @!@!@
  line 220, col 14 to line 220, col 53 of module ReceiveModbus: 1
@!@!@ENDMSG 2221 @!@!@
@!@!@STARTMSG 2221:0 @!@!@
  line 221, col 14 to line 221, col 27 of module ReceiveModbus: 1
@!@!@ENDMSG 2221 @!@!@
@!@!@STARTMSG 2221:0 @!@!@
  line 222, col 27 to line 222, col 31 of module ReceiveModbus: 1
@!@!@ENDMSG 2221 @!@!@
@!@!@STARTMSG 2221:0 @!@!@
  line 222, col 34 to line 222, col 38 of module ReceiveModbus: 1
@!@!@ENDMSG 2221 @!@!@
@!@!@STARTMSG 2221:0 @!@!@
  line 222, col 41 to line 222, col 56 of module ReceiveModbus: 1
@!@!@ENDMSG 2221 @!@!@
@!@!@STARTMSG 2221:0 @!@!@
  line 222, col 59 to line 222, col 65 of module ReceiveModbus: 1
@!@!@ENDMSG 2221 @!@!@
@!@!@STARTMSG 2221:0 @!@!@
  line 222, col 68 to line 222, col 70 of module ReceiveModbus: 1
@!@!@ENDMSG 2221 @!@!@
@!@!@STARTMSG 2221:0 @!@!@
  line 222, col 73 to line 222, col 77 of module ReceiveModbus: 1
@!@!@ENDMSG 2221 @!@!@
@!@!@STARTMSG 2221:0 @!@!@
  line 223, col 27 to line 223, col 31 of module ReceiveModbus: 1
@!@!@ENDMSG 2221 @!@!@
@!@!@STARTMSG 2221:0 @!@!@
  line 223, col 34 to line 223, col 45 of module ReceiveModbus: 1
@!@!@ENDMSG 2221 @!@!@
@!@!@STARTMSG 2221:0 @!@!@
  line 223, col 48 to line 223, col 57 of module ReceiveModbus: 1
@!@!@ENDMSG 2221 @!@!@
@!@!@STARTMSG 2221:0 @!@!@
  line 226, col 14 to line 226, col 101 of module ReceiveModbus: 1
@!@!@ENDMSG 2221 @!@!@
@!@!@STARTMSG 2221:0 @!@!@
  line 227, col 14 to line 227, col 73 of module ReceiveModbus: 1
@!@!@ENDMSG 2221 @!@!@
@!@!@STARTMSG 2221:0 @!@!@
  line 228, col 14 to line 228, col 27 of module ReceiveModbus: 1
@!@!@ENDMSG 2221 @!@!@
@!@!@STARTMSG 2221:0 @!@!@
  line 229, col 27 to line 229, col 31 of module ReceiveModbus: 1
@!@!@ENDMSG 2221 @!@!@
@!@!@STARTMSG 2221:0 @!@!@
  line 229, col 34 to line 229, col 38 of module ReceiveModbus: 1
@!@!@ENDMSG 2221 @!@!@
@!@!@STARTMSG 2221:0 @!@!@
  line 229, col 41 to line 229, col 56 of module ReceiveModbus: 1
@!@!@ENDMSG 2221 @!@!@
@!@!@STARTMSG 2221:0 @!@!@
  line 229, col 59 to line 229, col 65 of module ReceiveModbus: 1
@!@!@ENDMSG 2221 @!@!@
@!@!@STARTMSG 2221:0 @!@!@
  line 229, col 68 to line 229, col 70 of module ReceiveModbus: 1
@!@!@ENDMSG 2221 @!@!@
@!@!@STARTMSG 2221:0 @!@!@
  line 229, col 73 to line 229, col 77 of module ReceiveModbus: 1
@!@!@ENDMSG 2221 @!@!@
@!@!@STARTMSG 2221:0 @!@!@
  line 230, col 27 to line 230, col 30 of module ReceiveModbus: 1
@!@!@ENDMSG 2221 @!@!@
@!@!@STARTMSG 2221:0 @!@!@
  line 230, col 33 to line 230, col 37 of module ReceiveModbus: 1
@!@!@ENDMSG 2221 @!@!@
@!@!@STARTMSG 2221:0 @!@!@
  line 233, col 14 to line 233, col 26 of module ReceiveModbus: 1
@!@!@ENDMSG 2221 @!@!@
@!@!@STARTMSG 2221:0 @!@!@
  line 234, col 14 to line 234, col 26 of module ReceiveModbus: 1
@!@!@ENDMSG 2221 @!@!@
@!@!@STARTMSG 2221:0 @!@!@
  line 235, col 14 to line 235, col 28 of module ReceiveModbus: 1
@!@!@ENDMSG 2221 @!@!@
@!@!@STARTMSG 2221:0 @!@!@
  line 236, col 14 to line 236, col 29 of module ReceiveModbus: 1
@!@!@ENDMSG 2221 @!@!@
@!@!@STARTMSG 2221:0 @!@!@
  line 237, col 14 to line 237, col 26 of module ReceiveModbus: 1
@!@!@ENDMSG 2221 @!@!@
@!@!@STARTMSG 2221:0 @!@!@
  line 238, col 27 to line 238, col 42 of module ReceiveModbus: 1
@!@!@ENDMSG 2221 @!@!@
@!@!@STARTMSG 2221:0 @!@!@
  line 238, col 45 to line 238, col 47 of module ReceiveModbus: 1
@!@!@ENDMSG 2221 @!@!@
@!@!@STARTMSG 2221:0 @!@!@
  line 238, col 50 to line 238, col 54 of module ReceiveModbus: 1
@!@!@ENDMSG 2221 @!@!@
@!@!@STARTMSG 2221:0 @!@!@
  line 238, col 57 to line 238, col 60 of module ReceiveModbus: 1
@!@!@ENDMSG 2221 @!@!@
@!@!@STARTMSG 2221:0 @!@!@
  line 238, col 63 to line 238, col 74 of module ReceiveModbus: 1
@!@!@ENDMSG 2221 @!@!@
@!@!@STARTMSG 2221:0 @!@!@
  line 239, col 27 to line 239, col 36 of module ReceiveModbus: 1
@!@!@ENDMSG 2221 @!@!@
@!@!@STARTMSG 2221:0 @!@!@
  line 242, col 11 to line 242, col 43 of module ReceiveModbus: 976
@!@!@ENDMSG 2221 @!@!@
@!@!@STARTMSG 2221:0 @!@!@
  line 243, col 11 to line 243, col 21 of module ReceiveModbus: 976
@!@!@ENDMSG 2221 @!@!@
@!@!@STARTMSG 2221:0 @!@!@
  line 244, col 24 to line 244, col 28 of module ReceiveModbus: 976
@!@!@ENDMSG 2221 @!@!@
@!@!@STARTMSG 2221:0 @!@!@
  line 244, col 31 to line 244, col 35 of module ReceiveModbus: 976
@!@!@ENDMSG 2221 @!@!@
@!@!@STARTMSG 2221:0 @!@!@
  line 244, col 38 to line 244, col 53 of module ReceiveModbus: 976
@!@!@ENDMSG 2221 @!@!@
@!@!@STARTMSG 2221:0 @!@!@
  line 244, col 56 to line 244, col 62 of module ReceiveModbus: 976
@!@!@ENDMSG 2221 @!@!@
@!@!@STARTMSG 2221:0 @!@!@
  line 244, col 65 to line 244, col 69 of module ReceiveModbus: 976
@!@!@ENDMSG 2221 @!@!@
@!@!@STARTMSG 2221:0 @!@!@
  line 244, col 72 to line 244, col 75 of module ReceiveModbus: 976
@!@!@ENDMSG 2221 @!@!@
@!@!@STARTMSG 2221:0 @!@!@
  line 245, col 24 to line 245, col 28 of module ReceiveModbus: 976
@!@!@ENDMSG 2221 @!@!@
@!@!@STARTMSG 2221:0 @!@!@
  line 245, col 31 to line 245, col 42 of module ReceiveModbus: 976
@!@!@ENDMSG 2221 @!@!@
@!@!@STARTMSG 2221:0 @!@!@
  line 245, col 45 to line 245, col 54 of module ReceiveModbus: 976
@!@!@ENDMSG 2221 @!@!@
@!@!@STARTMSG 2221:0 @!@!@
  line 248, col 11 to line 248, col 52 of module ReceiveModbus: 976
@!@!@ENDMSG 2221 @!@!@
@!@!@STARTMSG 2221:0 @!@!@
  line 249, col 11 to line 249, col 23 of module ReceiveModbus: 976
@!@!@ENDMSG 2221 @!@!@
@!@!@STARTMSG 2221:0 @!@!@
  line 250, col 24 to line 250, col 28 of module ReceiveModbus: 976
@!@!@ENDMSG 2221 @!@!@
@!@!@STARTMSG 2221:0 @!@!@
  line 250, col 31 to line 250, col 35 of module ReceiveModbus: 976
@!@!@ENDMSG 2221 @!@!@
@!@!@STARTMSG 2221:0 @!@!@
  line 250, col 38 to line 250, col 44 of module ReceiveModbus: 976
@!@!@ENDMSG 2221 @!@!@
@!@!@STARTMSG 2221:0 @!@!@
  line 250, col 47 to line 250, col 49 of module ReceiveModbus: 976
@!@!@ENDMSG 2221 @!@!@
@!@!@STARTMSG 2221:0 @!@!@
  line 250, col 52 to line 250, col 56 of module ReceiveModbus: 976
@!@!@ENDMSG 2221 @!@!@
@!@!@STARTMSG 2221:0 @!@!@
  line 250, col 59 to line 250, col 62 of module ReceiveModbus: 976
@!@!@ENDMSG 2221 @!@!@
@!@!@STARTMSG 2221:0 @!@!@
  line 250, col 65 to line 250, col 69 of module ReceiveModbus: 976
@!@!@ENDMSG 2221 @!@!@
@!@!@STARTMSG 2221:0 @!@!@
  line 251, col 24 to line 251, col 35 of module ReceiveModbus: 976
@!@!@ENDMSG 2221 @!@!@
@!@!@STARTMSG 2221:0 @!@!@
  line 251, col 38 to line 251, col 47 of module ReceiveModbus: 976
@!@!@ENDMSG 2221 @!@!@
@!@!@STARTMSG 2221:0 @!@!@
  line 254, col 11 to line 254, col 33 of module ReceiveModbus: 258
@!@!@ENDMSG 2221 @!@!@
@!@!@STARTMSG 2221:0 @!@!@
  line 255, col 11 to line 255, col 21 of module ReceiveModbus: 258
@!@!@ENDMSG 2221 @!@!@
@!@!@STARTMSG 2221:0 @!@!@
  line 256, col 24 to line 256, col 28 of module ReceiveModbus: 258
@!@!@ENDMSG 2221 @!@!@
@!@!@STARTMSG 2221:0 @!@!@
  line 256, col 31 to line 256, col 35 of module ReceiveModbus: 258
@!@!@ENDMSG 2221 @!@!@
@!@!@STARTMSG 2221:0 @!@!@
  line 256, col 38 to line 256, col 53 of module ReceiveModbus: 258
@!@!@ENDMSG 2221 @!@!@
@!@!@STARTMSG 2221:0 @!@!@
  line 256, col 56 to line 256, col 62 of module ReceiveModbus: 258
@!@!@ENDMSG 2221 @!@!@
@!@!@STARTMSG 2221:0 @!@!@
  line 256, col 65 to line 256, col 69 of module ReceiveModbus: 258
@!@!@ENDMSG 2221 @!@!@
@!@!@STARTMSG 2221:0 @!@!@
  line 256, col 72 to line 256, col 75 of module ReceiveModbus: 258
@!@!@ENDMSG 2221 @!@!@
@!@!@STARTMSG 2221:0 @!@!@
  line 257, col 24 to line 257, col 28 of module ReceiveModbus: 258
@!@!@ENDMSG 2221 @!@!@
@!@!@STARTMSG 2221:0 @!@!@
  line 257, col 31 to line 257, col 42 of module ReceiveModbus: 258
@!@!@ENDMSG 2221 @!@!@
@!@!@STARTMSG 2221:0 @!@!@
  line 257, col 45 to line 257, col 54 of module ReceiveModbus: 258
@!@!@ENDMSG 2221 @!@!@
@!@!@STARTMSG 2221:0 @!@!@
  line 260, col 11 to line 260, col 34 of module ReceiveModbus: 258
@!@!@ENDMSG 2221 @!@!@
@!@!@STARTMSG 2221:0 @!@!@
  line 261, col 11 to line 261, col 23 of module ReceiveModbus: 258
@!@!@ENDMSG 2221 @!@!@
@!@!@STARTMSG 2221:0 @!@!@
  line 262, col 24 to line 262, col 28 of module ReceiveModbus: 258
@!@!@ENDMSG 2221 @!@!@
@!@!@STARTMSG 2221:0 @!@!@
  line 262, col 31 to line 262, col 35 of module ReceiveModbus: 258
@!@!@ENDMSG 2221 @!@!@
@!@!@STARTMSG 2221:0 @!@!@
  line 262, col 38 to line 262, col 44 of module ReceiveModbus: 258
@!@!@ENDMSG 2221 @!@!@
@!@!@STARTMSG 2221:0 @!@!@
  line 262, col 47 to line 262, col 49 of module ReceiveModbus: 258
@!@!@ENDMSG 2221 @!@!@
@!@!@STARTMSG 2221:0 @!@!@
  line 262, col 52 to line 262, col 56 of module ReceiveModbus: 258
@!@!@ENDMSG 2221 @!@!@
@!@!@STARTMSG 2221:0 @!@!@
  line 262, col 59 to line 262, col 62 of module ReceiveModbus: 258
@!@!@ENDMSG 2221 @!@!@
@!@!@STARTMSG 2221:0 @!@!@
  line 262, col 65 to line 262, col 69 of module ReceiveModbus: 258
@!@!@ENDMSG 2221 @!@!@
@!@!@STARTMSG 2221:0 @!@!@
  line 263, col 24 to line 263, col 35 of module ReceiveModbus: 258
@!@!@ENDMSG 2221 @!@!@
@!@!@STARTMSG 2221:0 @!@!@
  line 263, col 38 to line 263, col 47 of module ReceiveModbus: 258
@!@!@ENDMSG 2221 @!@!@
@!@!@STARTMSG 2202:0 @!@!@
End of statistics.
@!@!@ENDMSG 2202 @!@!@
@!@!@STARTMSG 2200:0 @!@!@
Progress(10240) at 2019-06-03 16:19:59: 14349 states generated (3,564 s/min), 14089 distinct states found (3,500 ds/min), 0 states left on queue.
@!@!@ENDMSG 2200 @!@!@
@!@!@STARTMSG 2199:0 @!@!@
14349 states generated, 14089 distinct states found, 0 states left on queue.
@!@!@ENDMSG 2199 @!@!@
@!@!@STARTMSG 2194:0 @!@!@
The depth of the complete state graph search is 10240.
@!@!@ENDMSG 2194 @!@!@
@!@!@STARTMSG 2268:0 @!@!@
The average outdegree of the complete state graph is 1 (minimum is 0, the maximum 1 and the 95th percentile is 1).
@!@!@ENDMSG 2268 @!@!@
@!@!@STARTMSG 2186:0 @!@!@
Finished in 242422ms at (2019-06-03 16:19:59)
@!@!@ENDMSG 2186 @!@!@
