@!@!@STARTMSG 2262:0 @!@!@
TLC2 Version 2.12 of 29 January 2018
@!@!@ENDMSG 2262 @!@!@
@!@!@STARTMSG 2187:0 @!@!@
Running breadth-first search Model-Checking with 2 workers on 4 cores with 601MB heap and 1349MB offheap memory (Windows 10 10.0 amd64, Oracle Corporation 1.8.0_162 x86_64).
@!@!@ENDMSG 2187 @!@!@
@!@!@STARTMSG 2220:0 @!@!@
Starting SANY...
@!@!@ENDMSG 2220 @!@!@
Parsing file C:\Users\SabraouM\Google Drive\CECS\Proposal\TLA+\SendSSW\SendSSW.toolbox\SendSSW\MC.tla
Parsing file C:\Users\SabraouM\Google Drive\CECS\Proposal\TLA+\SendSSW\SendSSW.toolbox\SendSSW\SendSSW.tla
Parsing file C:\Users\SabraouM\Documents\TLAToolbox-1.5.5-win32.win32.x86_64\toolbox\plugins\org.lamport.tlatools_1.0.0.201801291236\tla2sany\StandardModules\TLC.tla
Parsing file C:\Users\SabraouM\Documents\TLAToolbox-1.5.5-win32.win32.x86_64\toolbox\plugins\org.lamport.tlatools_1.0.0.201801291236\tla2sany\StandardModules\Sequences.tla
Parsing file C:\Users\SabraouM\Documents\TLAToolbox-1.5.5-win32.win32.x86_64\toolbox\plugins\org.lamport.tlatools_1.0.0.201801291236\tla2sany\StandardModules\Naturals.tla
Parsing file C:\Users\SabraouM\Google Drive\CECS\Proposal\TLA+\SendSSW\SendSSW.toolbox\SendSSW\SSWPacket.tla
Parsing file C:\Users\SabraouM\Google Drive\CECS\Proposal\TLA+\SendSSW\SendSSW.toolbox\SendSSW\ASCII.tla
Parsing file C:\Users\SabraouM\Google Drive\CECS\Proposal\TLA+\SendSSW\SendSSW.toolbox\SendSSW\Hex.tla
Parsing file C:\Users\SabraouM\Documents\TLAToolbox-1.5.5-win32.win32.x86_64\toolbox\plugins\org.lamport.tlatools_1.0.0.201801291236\tla2sany\StandardModules\Integers.tla
Semantic processing of module Naturals
Semantic processing of module Sequences
Semantic processing of module Integers
Semantic processing of module TLC
Semantic processing of module Hex
Semantic processing of module SSWPacket
Semantic processing of module ASCII
Semantic processing of module SendSSW
Semantic processing of module MC
@!@!@STARTMSG 2219:0 @!@!@
SANY finished.
@!@!@ENDMSG 2219 @!@!@
@!@!@STARTMSG 2185:0 @!@!@
Starting... (2018-05-14 12:29:39)
@!@!@ENDMSG 2185 @!@!@
@!@!@STARTMSG 2212:0 @!@!@
Implied-temporal checking--satisfiability problem has 4 branches.
@!@!@ENDMSG 2212 @!@!@
<<"ASCIIToString", TRUE>>  TRUE
<<"Range", {"[", ".", "'", "^", "/", "*", "-", "+", "=", "~", "#", "<", ">", "\\", "|", "&", "$", "%", "@", ",", "0", "{", "(", ")", "}", "1", "]", "a", "b", "v", ":", "n", "i", "d", "e", "x", "f", "g", "S", "w", "s", "_", "p", "j", "t", "m", "F", "2", "5", "4", "T", "9", "3", "6", "7", "8", "A", "B", "C", "D", "E", "!", "J", "G", "P", "W", "I", "R", " ", "\"", ";", "?", "H", "K", "L", "M", "N", "O", "Q", "U", "V", "X", "Y", "Z", "c", "h", "k", "l", "o", "q", "r", "u", "y", "z"}>>  TRUE
<<"StrArrayToNumArray", TRUE>>  TRUE
<<"Sanity Check", TRUE>>  TRUE
TRUE  TRUE
@!@!@STARTMSG 2189:0 @!@!@
Computing initial states...
@!@!@ENDMSG 2189 @!@!@
@!@!@STARTMSG 2190:0 @!@!@
Finished computing initial states: 4 distinct states generated.
@!@!@ENDMSG 2190 @!@!@
@!@!@STARTMSG 2111:1 @!@!@
Evaluating invariant inv_1526315376229137000 failed.
Attempted to check set membership in a tuple value.
@!@!@ENDMSG 2111 @!@!@
@!@!@STARTMSG 2121:1 @!@!@
The behavior up to this point is:
@!@!@ENDMSG 2121 @!@!@
@!@!@STARTMSG 2217:4 @!@!@
1: <Initial predicate>
/\ txBuf = <<>>
/\ pc = "checkBuf"
/\ messageToSend = << 33,
   48,
   65,
   48,
   66,
   48,
   68,
   48,
   57,
   48,
   50,
   48,
   56,
   48,
   55,
   48,
   53,
   48,
   51,
   48,
   48,
   48,
   57,
   48,
   56,
   48,
   53,
   48,
   67,
   48,
   69,
   48,
   66,
   48,
   66,
   48,
   65,
   48,
   70,
   48,
   67,
   48,
   48,
   48,
   66,
   48,
   67,
   48,
   66,
   48,
   48,
   48,
   66,
   48,
   68,
   48,
   66,
   48,
   69,
   48,
   55,
   48,
   54,
   48,
   65,
   58,
   49,
   49,
   48,
   51,
   48,
   48,
   54,
   66,
   48,
   48,
   48,
   51,
   55,
   69,
   13,
   10 >>
/\ tx = FALSE
/\ txReg = <<>>

@!@!@ENDMSG 2217 @!@!@
@!@!@STARTMSG 2217:4 @!@!@
2: <checkBuf line 61, col 13 to line 68, col 51 of module SendSSW>
/\ txBuf = << 33,
   48,
   65,
   48,
   66,
   48,
   68,
   48,
   57,
   48,
   50,
   48,
   56,
   48,
   55,
   48,
   53,
   48,
   51,
   48,
   48,
   48,
   57,
   48,
   56,
   48,
   53,
   48,
   67,
   48,
   69,
   48,
   66,
   48,
   66,
   48,
   65,
   48,
   70,
   48,
   67,
   48,
   48,
   48,
   66,
   48,
   67,
   48,
   66,
   48,
   48,
   48,
   66,
   48,
   68,
   48,
   66,
   48,
   69,
   48,
   55,
   48,
   54,
   48,
   65,
   58,
   49,
   49,
   48,
   51,
   48,
   48,
   54,
   66,
   48,
   48,
   48,
   51,
   55,
   69,
   13,
   10 >>
/\ pc = "idle"
/\ messageToSend = << 33,
   48,
   65,
   48,
   66,
   48,
   68,
   48,
   57,
   48,
   50,
   48,
   56,
   48,
   55,
   48,
   53,
   48,
   51,
   48,
   48,
   48,
   57,
   48,
   56,
   48,
   53,
   48,
   67,
   48,
   69,
   48,
   66,
   48,
   66,
   48,
   65,
   48,
   70,
   48,
   67,
   48,
   48,
   48,
   66,
   48,
   67,
   48,
   66,
   48,
   48,
   48,
   66,
   48,
   68,
   48,
   66,
   48,
   69,
   48,
   55,
   48,
   54,
   48,
   65,
   58,
   49,
   49,
   48,
   51,
   48,
   48,
   54,
   66,
   48,
   48,
   48,
   51,
   55,
   69,
   13,
   10 >>
/\ tx = TRUE
/\ txReg = <<>>

@!@!@ENDMSG 2217 @!@!@
@!@!@STARTMSG 2217:4 @!@!@
3: <idle line 70, col 9 to line 74, col 58 of module SendSSW>
/\ txBuf = << 33,
   48,
   65,
   48,
   66,
   48,
   68,
   48,
   57,
   48,
   50,
   48,
   56,
   48,
   55,
   48,
   53,
   48,
   51,
   48,
   48,
   48,
   57,
   48,
   56,
   48,
   53,
   48,
   67,
   48,
   69,
   48,
   66,
   48,
   66,
   48,
   65,
   48,
   70,
   48,
   67,
   48,
   48,
   48,
   66,
   48,
   67,
   48,
   66,
   48,
   48,
   48,
   66,
   48,
   68,
   48,
   66,
   48,
   69,
   48,
   55,
   48,
   54,
   48,
   65,
   58,
   49,
   49,
   48,
   51,
   48,
   48,
   54,
   66,
   48,
   48,
   48,
   51,
   55,
   69,
   13,
   10 >>
/\ pc = "transmit"
/\ messageToSend = << 33,
   48,
   65,
   48,
   66,
   48,
   68,
   48,
   57,
   48,
   50,
   48,
   56,
   48,
   55,
   48,
   53,
   48,
   51,
   48,
   48,
   48,
   57,
   48,
   56,
   48,
   53,
   48,
   67,
   48,
   69,
   48,
   66,
   48,
   66,
   48,
   65,
   48,
   70,
   48,
   67,
   48,
   48,
   48,
   66,
   48,
   67,
   48,
   66,
   48,
   48,
   48,
   66,
   48,
   68,
   48,
   66,
   48,
   69,
   48,
   55,
   48,
   54,
   48,
   65,
   58,
   49,
   49,
   48,
   51,
   48,
   48,
   54,
   66,
   48,
   48,
   48,
   51,
   55,
   69,
   13,
   10 >>
/\ tx = TRUE
/\ txReg = <<>>

@!@!@ENDMSG 2217 @!@!@
@!@!@STARTMSG 2217:4 @!@!@
4: <transmit line 76, col 13 to line 82, col 55 of module SendSSW>
/\ txBuf = << 33,
   48,
   65,
   48,
   66,
   48,
   68,
   48,
   57,
   48,
   50,
   48,
   56,
   48,
   55,
   48,
   53,
   48,
   51,
   48,
   48,
   48,
   57,
   48,
   56,
   48,
   53,
   48,
   67,
   48,
   69,
   48,
   66,
   48,
   66,
   48,
   65,
   48,
   70,
   48,
   67,
   48,
   48,
   48,
   66,
   48,
   67,
   48,
   66,
   48,
   48,
   48,
   66,
   48,
   68,
   48,
   66,
   48,
   69,
   48,
   55,
   48,
   54,
   48,
   65,
   58,
   49,
   49,
   48,
   51,
   48,
   48,
   54,
   66,
   48,
   48,
   48,
   51,
   55,
   69,
   13,
   10 >>
/\ pc = "a"
/\ messageToSend = << 33,
   48,
   65,
   48,
   66,
   48,
   68,
   48,
   57,
   48,
   50,
   48,
   56,
   48,
   55,
   48,
   53,
   48,
   51,
   48,
   48,
   48,
   57,
   48,
   56,
   48,
   53,
   48,
   67,
   48,
   69,
   48,
   66,
   48,
   66,
   48,
   65,
   48,
   70,
   48,
   67,
   48,
   48,
   48,
   66,
   48,
   67,
   48,
   66,
   48,
   48,
   48,
   66,
   48,
   68,
   48,
   66,
   48,
   69,
   48,
   55,
   48,
   54,
   48,
   65,
   58,
   49,
   49,
   48,
   51,
   48,
   48,
   54,
   66,
   48,
   48,
   48,
   51,
   55,
   69,
   13,
   10 >>
/\ tx = TRUE
/\ txReg = <<>>

@!@!@ENDMSG 2217 @!@!@
@!@!@STARTMSG 2217:4 @!@!@
5: <a line 84, col 6 to line 87, col 48 of module SendSSW>
/\ txBuf = << 33,
   48,
   65,
   48,
   66,
   48,
   68,
   48,
   57,
   48,
   50,
   48,
   56,
   48,
   55,
   48,
   53,
   48,
   51,
   48,
   48,
   48,
   57,
   48,
   56,
   48,
   53,
   48,
   67,
   48,
   69,
   48,
   66,
   48,
   66,
   48,
   65,
   48,
   70,
   48,
   67,
   48,
   48,
   48,
   66,
   48,
   67,
   48,
   66,
   48,
   48,
   48,
   66,
   48,
   68,
   48,
   66,
   48,
   69,
   48,
   55,
   48,
   54,
   48,
   65,
   58,
   49,
   49,
   48,
   51,
   48,
   48,
   54,
   66,
   48,
   48,
   48,
   51,
   55,
   69,
   13,
   10 >>
/\ pc = "b"
/\ messageToSend = << 33,
   48,
   65,
   48,
   66,
   48,
   68,
   48,
   57,
   48,
   50,
   48,
   56,
   48,
   55,
   48,
   53,
   48,
   51,
   48,
   48,
   48,
   57,
   48,
   56,
   48,
   53,
   48,
   67,
   48,
   69,
   48,
   66,
   48,
   66,
   48,
   65,
   48,
   70,
   48,
   67,
   48,
   48,
   48,
   66,
   48,
   67,
   48,
   66,
   48,
   48,
   48,
   66,
   48,
   68,
   48,
   66,
   48,
   69,
   48,
   55,
   48,
   54,
   48,
   65,
   58,
   49,
   49,
   48,
   51,
   48,
   48,
   54,
   66,
   48,
   48,
   48,
   51,
   55,
   69,
   13,
   10 >>
/\ tx = TRUE
/\ txReg = <<33>>

@!@!@ENDMSG 2217 @!@!@
@!@!@STARTMSG 2201:0 @!@!@
The coverage statistics at 2018-05-14 12:29:45
@!@!@ENDMSG 2201 @!@!@
@!@!@STARTMSG 2221:0 @!@!@
  line 52, col 12 to line 52, col 13 of module SendSSW: 3
@!@!@ENDMSG 2221 @!@!@
@!@!@STARTMSG 2221:0 @!@!@
  line 52, col 16 to line 52, col 28 of module SendSSW: 3
@!@!@ENDMSG 2221 @!@!@
@!@!@STARTMSG 2221:0 @!@!@
  line 52, col 31 to line 52, col 35 of module SendSSW: 3
@!@!@ENDMSG 2221 @!@!@
@!@!@STARTMSG 2221:0 @!@!@
  line 52, col 38 to line 52, col 42 of module SendSSW: 3
@!@!@ENDMSG 2221 @!@!@
@!@!@STARTMSG 2221:0 @!@!@
  line 52, col 45 to line 52, col 46 of module SendSSW: 3
@!@!@ENDMSG 2221 @!@!@
@!@!@STARTMSG 2221:0 @!@!@
  line 62, col 16 to line 62, col 37 of module SendSSW: 4
@!@!@ENDMSG 2221 @!@!@
@!@!@STARTMSG 2221:0 @!@!@
  line 64, col 27 to line 64, col 36 of module SendSSW: 1
@!@!@ENDMSG 2221 @!@!@
@!@!@STARTMSG 2221:0 @!@!@
  line 66, col 27 to line 66, col 34 of module SendSSW: 3
@!@!@ENDMSG 2221 @!@!@
@!@!@STARTMSG 2221:0 @!@!@
  line 67, col 16 to line 67, col 27 of module SendSSW: 4
@!@!@ENDMSG 2221 @!@!@
@!@!@STARTMSG 2221:0 @!@!@
  line 68, col 29 to line 68, col 41 of module SendSSW: 4
@!@!@ENDMSG 2221 @!@!@
@!@!@STARTMSG 2221:0 @!@!@
  line 68, col 44 to line 68, col 48 of module SendSSW: 4
@!@!@ENDMSG 2221 @!@!@
@!@!@STARTMSG 2221:0 @!@!@
  line 72, col 23 to line 72, col 38 of module SendSSW: 1
@!@!@ENDMSG 2221 @!@!@
@!@!@STARTMSG 2221:0 @!@!@
  line 73, col 23 to line 73, col 38 of module SendSSW: 3
@!@!@ENDMSG 2221 @!@!@
@!@!@STARTMSG 2221:0 @!@!@
  line 74, col 25 to line 74, col 26 of module SendSSW: 4
@!@!@ENDMSG 2221 @!@!@
@!@!@STARTMSG 2221:0 @!@!@
  line 74, col 29 to line 74, col 41 of module SendSSW: 4
@!@!@ENDMSG 2221 @!@!@
@!@!@STARTMSG 2221:0 @!@!@
  line 74, col 44 to line 74, col 48 of module SendSSW: 4
@!@!@ENDMSG 2221 @!@!@
@!@!@STARTMSG 2221:0 @!@!@
  line 74, col 51 to line 74, col 55 of module SendSSW: 4
@!@!@ENDMSG 2221 @!@!@
@!@!@STARTMSG 2221:0 @!@!@
  line 78, col 27 to line 78, col 35 of module SendSSW: 1
@!@!@ENDMSG 2221 @!@!@
@!@!@STARTMSG 2221:0 @!@!@
  line 79, col 27 to line 79, col 40 of module SendSSW: 1
@!@!@ENDMSG 2221 @!@!@
@!@!@STARTMSG 2221:0 @!@!@
  line 80, col 27 to line 80, col 43 of module SendSSW: 0
@!@!@ENDMSG 2221 @!@!@
@!@!@STARTMSG 2221:0 @!@!@
  line 81, col 27 to line 81, col 42 of module SendSSW: 0
@!@!@ENDMSG 2221 @!@!@
@!@!@STARTMSG 2221:0 @!@!@
  line 82, col 29 to line 82, col 30 of module SendSSW: 1
@!@!@ENDMSG 2221 @!@!@
@!@!@STARTMSG 2221:0 @!@!@
  line 82, col 33 to line 82, col 45 of module SendSSW: 1
@!@!@ENDMSG 2221 @!@!@
@!@!@STARTMSG 2221:0 @!@!@
  line 82, col 48 to line 82, col 52 of module SendSSW: 1
@!@!@ENDMSG 2221 @!@!@
@!@!@STARTMSG 2221:0 @!@!@
  line 85, col 9 to line 85, col 32 of module SendSSW: 1
@!@!@ENDMSG 2221 @!@!@
@!@!@STARTMSG 2221:0 @!@!@
  line 86, col 9 to line 86, col 17 of module SendSSW: 1
@!@!@ENDMSG 2221 @!@!@
@!@!@STARTMSG 2221:0 @!@!@
  line 87, col 22 to line 87, col 23 of module SendSSW: 1
@!@!@ENDMSG 2221 @!@!@
@!@!@STARTMSG 2221:0 @!@!@
  line 87, col 26 to line 87, col 38 of module SendSSW: 1
@!@!@ENDMSG 2221 @!@!@
@!@!@STARTMSG 2221:0 @!@!@
  line 87, col 41 to line 87, col 45 of module SendSSW: 1
@!@!@ENDMSG 2221 @!@!@
@!@!@STARTMSG 2221:0 @!@!@
  line 90, col 9 to line 90, col 28 of module SendSSW: 0
@!@!@ENDMSG 2221 @!@!@
@!@!@STARTMSG 2221:0 @!@!@
  line 91, col 9 to line 91, col 24 of module SendSSW: 0
@!@!@ENDMSG 2221 @!@!@
@!@!@STARTMSG 2221:0 @!@!@
  line 92, col 22 to line 92, col 23 of module SendSSW: 0
@!@!@ENDMSG 2221 @!@!@
@!@!@STARTMSG 2221:0 @!@!@
  line 92, col 26 to line 92, col 38 of module SendSSW: 0
@!@!@ENDMSG 2221 @!@!@
@!@!@STARTMSG 2221:0 @!@!@
  line 92, col 41 to line 92, col 45 of module SendSSW: 0
@!@!@ENDMSG 2221 @!@!@
@!@!@STARTMSG 2221:0 @!@!@
  line 95, col 16 to line 95, col 26 of module SendSSW: 3
@!@!@ENDMSG 2221 @!@!@
@!@!@STARTMSG 2221:0 @!@!@
  line 96, col 16 to line 96, col 28 of module SendSSW: 3
@!@!@ENDMSG 2221 @!@!@
@!@!@STARTMSG 2221:0 @!@!@
  line 97, col 16 to line 97, col 28 of module SendSSW: 3
@!@!@ENDMSG 2221 @!@!@
@!@!@STARTMSG 2221:0 @!@!@
  line 98, col 16 to line 98, col 27 of module SendSSW: 3
@!@!@ENDMSG 2221 @!@!@
@!@!@STARTMSG 2221:0 @!@!@
  line 99, col 26 to line 99, col 38 of module SendSSW: 3
@!@!@ENDMSG 2221 @!@!@
@!@!@STARTMSG 2202:0 @!@!@
End of statistics.
@!@!@ENDMSG 2202 @!@!@
@!@!@STARTMSG 2200:0 @!@!@
Progress(5) at 2018-05-14 12:29:45: 20 states generated (256 s/min), 17 distinct states found (217 ds/min), 0 states left on queue.
@!@!@ENDMSG 2200 @!@!@
@!@!@STARTMSG 2199:0 @!@!@
20 states generated, 17 distinct states found, 0 states left on queue.
@!@!@ENDMSG 2199 @!@!@
@!@!@STARTMSG 2194:0 @!@!@
The depth of the complete state graph search is 5.
@!@!@ENDMSG 2194 @!@!@
@!@!@STARTMSG 2268:0 @!@!@
The average outdegree of the complete state graph is 1 (minimum is 0, the maximum 1 and the 95th percentile is 1).
@!@!@ENDMSG 2268 @!@!@
@!@!@STARTMSG 2186:0 @!@!@
Finished in 7293ms at (2018-05-14 12:29:45)
@!@!@ENDMSG 2186 @!@!@
