@!@!@STARTMSG 2262:0 @!@!@
TLC2 Version 2.12 of 29 January 2018
@!@!@ENDMSG 2262 @!@!@
@!@!@STARTMSG 2187:0 @!@!@
Running breadth-first search Model-Checking with 2 workers on 4 cores with 601MB heap and 1349MB offheap memory (Windows 10 10.0 amd64, Oracle Corporation 1.8.0_162 x86_64).
@!@!@ENDMSG 2187 @!@!@
@!@!@STARTMSG 2220:0 @!@!@
Starting SANY...
@!@!@ENDMSG 2220 @!@!@
Parsing file C:\Users\SabraouM\Google Drive\CECS\Proposal\TLA+\DeCrypto\DeCrypto.toolbox\DeCrypto\MC.tla
Parsing file C:\Users\SabraouM\Google Drive\CECS\Proposal\TLA+\DeCrypto\DeCrypto.toolbox\DeCrypto\DeCrypto.tla
Parsing file C:\Users\SabraouM\Documents\TLAToolbox-1.5.5-win32.win32.x86_64\toolbox\plugins\org.lamport.tlatools_1.0.0.201801291236\tla2sany\StandardModules\TLC.tla
Parsing file C:\Users\SabraouM\Documents\TLAToolbox-1.5.5-win32.win32.x86_64\toolbox\plugins\org.lamport.tlatools_1.0.0.201801291236\tla2sany\StandardModules\Sequences.tla
Parsing file C:\Users\SabraouM\Documents\TLAToolbox-1.5.5-win32.win32.x86_64\toolbox\plugins\org.lamport.tlatools_1.0.0.201801291236\tla2sany\StandardModules\Naturals.tla
Parsing file C:\Users\SabraouM\Google Drive\CECS\Proposal\TLA+\DeCrypto\DeCrypto.toolbox\DeCrypto\SSWPacket.tla
Parsing file C:\Users\SabraouM\Documents\TLAToolbox-1.5.5-win32.win32.x86_64\toolbox\plugins\org.lamport.tlatools_1.0.0.201801291236\tla2sany\StandardModules\Integers.tla
Parsing file C:\Users\SabraouM\Google Drive\CECS\Proposal\TLA+\DeCrypto\DeCrypto.toolbox\DeCrypto\Hex.tla
Semantic processing of module Naturals
Semantic processing of module Sequences
Semantic processing of module Integers
Semantic processing of module TLC
Semantic processing of module Hex
Semantic processing of module SSWPacket
Semantic processing of module DeCrypto
Semantic processing of module MC
@!@!@STARTMSG 2219:0 @!@!@
SANY finished.
@!@!@ENDMSG 2219 @!@!@
@!@!@STARTMSG 2185:0 @!@!@
Starting... (2018-05-08 03:47:54)
@!@!@ENDMSG 2185 @!@!@
<< "The HMAC: ",
   << "0",
      "A",
      "0",
      "B",
      "0",
      "D",
      "0",
      "9",
      "0",
      "2",
      "0",
      "8",
      "0",
      "7",
      "0",
      "5",
      "0",
      "3",
      "0",
      "0",
      "0",
      "9",
      "0",
      "8",
      "0",
      "5",
      "0",
      "C",
      "0",
      "E",
      "0",
      "B",
      "0",
      "B",
      "0",
      "A",
      "0",
      "F",
      "0",
      "C",
      "0",
      "0",
      "0",
      "B",
      "0",
      "C",
      "0",
      "B",
      "0",
      "0",
      "0",
      "B",
      "0",
      "D",
      "0",
      "B",
      "0",
      "E",
      "0",
      "7",
      "0",
      "6",
      "0",
      "A" >> >>  TRUE
<<"Is this SSW? ", FALSE>>  TRUE
<<"Is this SSW? ", FALSE>>  TRUE
<<"Is this SSW? ", FALSE>>  TRUE
<< "The HMAC: ",
   << "0",
      "A",
      "0",
      "B",
      "0",
      "D",
      "0",
      "9",
      "0",
      "2",
      "0",
      "8",
      "0",
      "7",
      "0",
      "5",
      "0",
      "3",
      "0",
      "0",
      "0",
      "9",
      "0",
      "8",
      "0",
      "5",
      "0",
      "C",
      "0",
      "E",
      "0",
      "B",
      "0",
      "B",
      "0",
      "A",
      "0",
      "F",
      "0",
      "C",
      "0",
      "0",
      "0",
      "B",
      "0",
      "C",
      "0",
      "B",
      "0",
      "0",
      "0",
      "B",
      "0",
      "D",
      "0",
      "B",
      "0",
      "E",
      "0",
      "7",
      "0",
      "6",
      "0",
      "A" >> >>  TRUE
<<"Is this SSW? ", FALSE>>  TRUE
<<"Is this SSW? ", FALSE>>  TRUE
<<"Is this SSW? ", FALSE>>  TRUE
@!@!@STARTMSG 2212:0 @!@!@
Implied-temporal checking--satisfiability problem has 2 branches.
@!@!@ENDMSG 2212 @!@!@
@!@!@STARTMSG 2189:0 @!@!@
Computing initial states...
@!@!@ENDMSG 2189 @!@!@
@!@!@STARTMSG 2190:0 @!@!@
Finished computing initial states: 6 distinct states generated.
@!@!@ENDMSG 2190 @!@!@
@!@!@STARTMSG 2110:1 @!@!@
Invariant inv_1525765673767195000 is violated.
@!@!@ENDMSG 2110 @!@!@
@!@!@STARTMSG 2121:1 @!@!@
The behavior up to this point is:
@!@!@ENDMSG 2121 @!@!@
@!@!@STARTMSG 2217:4 @!@!@
1: <Initial predicate>
/\ flag = FALSE
/\ result = FALSE
/\ signedMessage = << "!",
   "0",
   "A",
   "0",
   "B",
   "0",
   "D",
   "0",
   "9",
   "0",
   "2",
   "0",
   "8",
   "0",
   "7",
   "0",
   "5",
   "0",
   "3",
   "0",
   "0",
   "0",
   "9",
   "0",
   "8",
   "0",
   "5",
   "0",
   "C",
   "0",
   "E",
   "0",
   "B",
   "0",
   "B",
   "0",
   "A",
   "0",
   "F",
   "0",
   "C",
   "0",
   "0",
   "0",
   "B",
   "0",
   "C",
   "0",
   "B",
   "0",
   "0",
   "0",
   "B",
   "0",
   "D",
   "0",
   "B",
   "0",
   "E",
   "0",
   "7",
   "0",
   "6",
   "0",
   "A",
   ":",
   "1",
   "1",
   "0",
   "3",
   "0",
   "0",
   "6",
   "B",
   "0",
   "0",
   "0",
   "3",
   "7",
   "E",
   "C",
   "R",
   "L",
   "F" >>
/\ bareMessage = <<>>
/\ CompareHMAC = TRUE
/\ hmacsMatch = FALSE
/\ pc = "msgCheck"
/\ retreivedHMAC = <<>>
/\ generatedHMAC = <<>>

@!@!@ENDMSG 2217 @!@!@
@!@!@STARTMSG 2217:4 @!@!@
2: <msgCheck line 78, col 13 to line 89, col 54 of module DeCrypto>
/\ flag = FALSE
/\ result = FALSE
/\ signedMessage = << "!",
   "0",
   "A",
   "0",
   "B",
   "0",
   "D",
   "0",
   "9",
   "0",
   "2",
   "0",
   "8",
   "0",
   "7",
   "0",
   "5",
   "0",
   "3",
   "0",
   "0",
   "0",
   "9",
   "0",
   "8",
   "0",
   "5",
   "0",
   "C",
   "0",
   "E",
   "0",
   "B",
   "0",
   "B",
   "0",
   "A",
   "0",
   "F",
   "0",
   "C",
   "0",
   "0",
   "0",
   "B",
   "0",
   "C",
   "0",
   "B",
   "0",
   "0",
   "0",
   "B",
   "0",
   "D",
   "0",
   "B",
   "0",
   "E",
   "0",
   "7",
   "0",
   "6",
   "0",
   "A",
   ":",
   "1",
   "1",
   "0",
   "3",
   "0",
   "0",
   "6",
   "B",
   "0",
   "0",
   "0",
   "3",
   "7",
   "E",
   "C",
   "R",
   "L",
   "F" >>
/\ bareMessage = << "0",
   "3",
   "0",
   "0",
   "6",
   "B",
   "0",
   "0",
   "0",
   "3",
   "7",
   "E",
   "C",
   "R",
   "L",
   "F" >>
/\ CompareHMAC = TRUE
/\ hmacsMatch = FALSE
/\ pc = "h1"
/\ retreivedHMAC = << "0",
   "A",
   "0",
   "B",
   "0",
   "D",
   "0",
   "9",
   "0",
   "2",
   "0",
   "8",
   "0",
   "7",
   "0",
   "5",
   "0",
   "3",
   "0",
   "0",
   "0",
   "9",
   "0",
   "8",
   "0",
   "5",
   "0",
   "C",
   "0",
   "E",
   "0",
   "B",
   "0",
   "B",
   "0",
   "A",
   "0",
   "F",
   "0",
   "C",
   "0",
   "0",
   "0",
   "B",
   "0",
   "C",
   "0",
   "B",
   "0",
   "0",
   "0",
   "B",
   "0",
   "D",
   "0",
   "B",
   "0",
   "E",
   "0",
   "7",
   "0",
   "6",
   "0",
   "A" >>
/\ generatedHMAC = <<>>

@!@!@ENDMSG 2217 @!@!@
@!@!@STARTMSG 2217:4 @!@!@
3: <h1 line 91, col 7 to line 95, col 48 of module DeCrypto>
/\ flag = FALSE
/\ result = FALSE
/\ signedMessage = << "!",
   "0",
   "A",
   "0",
   "B",
   "0",
   "D",
   "0",
   "9",
   "0",
   "2",
   "0",
   "8",
   "0",
   "7",
   "0",
   "5",
   "0",
   "3",
   "0",
   "0",
   "0",
   "9",
   "0",
   "8",
   "0",
   "5",
   "0",
   "C",
   "0",
   "E",
   "0",
   "B",
   "0",
   "B",
   "0",
   "A",
   "0",
   "F",
   "0",
   "C",
   "0",
   "0",
   "0",
   "B",
   "0",
   "C",
   "0",
   "B",
   "0",
   "0",
   "0",
   "B",
   "0",
   "D",
   "0",
   "B",
   "0",
   "E",
   "0",
   "7",
   "0",
   "6",
   "0",
   "A",
   ":",
   "1",
   "1",
   "0",
   "3",
   "0",
   "0",
   "6",
   "B",
   "0",
   "0",
   "0",
   "3",
   "7",
   "E",
   "C",
   "R",
   "L",
   "F" >>
/\ bareMessage = << "0",
   "3",
   "0",
   "0",
   "6",
   "B",
   "0",
   "0",
   "0",
   "3",
   "7",
   "E",
   "C",
   "R",
   "L",
   "F" >>
/\ CompareHMAC = TRUE
/\ hmacsMatch = FALSE
/\ pc = "h2"
/\ retreivedHMAC = << "0",
   "A",
   "0",
   "B",
   "0",
   "D",
   "0",
   "9",
   "0",
   "2",
   "0",
   "8",
   "0",
   "7",
   "0",
   "5",
   "0",
   "3",
   "0",
   "0",
   "0",
   "9",
   "0",
   "8",
   "0",
   "5",
   "0",
   "C",
   "0",
   "E",
   "0",
   "B",
   "0",
   "B",
   "0",
   "A",
   "0",
   "F",
   "0",
   "C",
   "0",
   "0",
   "0",
   "B",
   "0",
   "C",
   "0",
   "B",
   "0",
   "0",
   "0",
   "B",
   "0",
   "D",
   "0",
   "B",
   "0",
   "E",
   "0",
   "7",
   "0",
   "6",
   "0",
   "A" >>
/\ generatedHMAC = <<"l", "o", "l", "h", "m", "a", "c">>

@!@!@ENDMSG 2217 @!@!@
@!@!@STARTMSG 2217:4 @!@!@
4: <h2 line 97, col 7 to line 101, col 59 of module DeCrypto>
/\ flag = FALSE
/\ result = FALSE
/\ signedMessage = << "!",
   "0",
   "A",
   "0",
   "B",
   "0",
   "D",
   "0",
   "9",
   "0",
   "2",
   "0",
   "8",
   "0",
   "7",
   "0",
   "5",
   "0",
   "3",
   "0",
   "0",
   "0",
   "9",
   "0",
   "8",
   "0",
   "5",
   "0",
   "C",
   "0",
   "E",
   "0",
   "B",
   "0",
   "B",
   "0",
   "A",
   "0",
   "F",
   "0",
   "C",
   "0",
   "0",
   "0",
   "B",
   "0",
   "C",
   "0",
   "B",
   "0",
   "0",
   "0",
   "B",
   "0",
   "D",
   "0",
   "B",
   "0",
   "E",
   "0",
   "7",
   "0",
   "6",
   "0",
   "A",
   ":",
   "1",
   "1",
   "0",
   "3",
   "0",
   "0",
   "6",
   "B",
   "0",
   "0",
   "0",
   "3",
   "7",
   "E",
   "C",
   "R",
   "L",
   "F" >>
/\ bareMessage = << "0",
   "3",
   "0",
   "0",
   "6",
   "B",
   "0",
   "0",
   "0",
   "3",
   "7",
   "E",
   "C",
   "R",
   "L",
   "F" >>
/\ CompareHMAC = TRUE
/\ hmacsMatch = TRUE
/\ pc = "h3"
/\ retreivedHMAC = << "0",
   "A",
   "0",
   "B",
   "0",
   "D",
   "0",
   "9",
   "0",
   "2",
   "0",
   "8",
   "0",
   "7",
   "0",
   "5",
   "0",
   "3",
   "0",
   "0",
   "0",
   "9",
   "0",
   "8",
   "0",
   "5",
   "0",
   "C",
   "0",
   "E",
   "0",
   "B",
   "0",
   "B",
   "0",
   "A",
   "0",
   "F",
   "0",
   "C",
   "0",
   "0",
   "0",
   "B",
   "0",
   "C",
   "0",
   "B",
   "0",
   "0",
   "0",
   "B",
   "0",
   "D",
   "0",
   "B",
   "0",
   "E",
   "0",
   "7",
   "0",
   "6",
   "0",
   "A" >>
/\ generatedHMAC = <<"l", "o", "l", "h", "m", "a", "c">>

@!@!@ENDMSG 2217 @!@!@
@!@!@STARTMSG 2217:4 @!@!@
5: <h3 line 103, col 7 to line 111, col 48 of module DeCrypto>
/\ flag = TRUE
/\ result = TRUE
/\ signedMessage = << "!",
   "0",
   "A",
   "0",
   "B",
   "0",
   "D",
   "0",
   "9",
   "0",
   "2",
   "0",
   "8",
   "0",
   "7",
   "0",
   "5",
   "0",
   "3",
   "0",
   "0",
   "0",
   "9",
   "0",
   "8",
   "0",
   "5",
   "0",
   "C",
   "0",
   "E",
   "0",
   "B",
   "0",
   "B",
   "0",
   "A",
   "0",
   "F",
   "0",
   "C",
   "0",
   "0",
   "0",
   "B",
   "0",
   "C",
   "0",
   "B",
   "0",
   "0",
   "0",
   "B",
   "0",
   "D",
   "0",
   "B",
   "0",
   "E",
   "0",
   "7",
   "0",
   "6",
   "0",
   "A",
   ":",
   "1",
   "1",
   "0",
   "3",
   "0",
   "0",
   "6",
   "B",
   "0",
   "0",
   "0",
   "3",
   "7",
   "E",
   "C",
   "R",
   "L",
   "F" >>
/\ bareMessage = << "0",
   "3",
   "0",
   "0",
   "6",
   "B",
   "0",
   "0",
   "0",
   "3",
   "7",
   "E",
   "C",
   "R",
   "L",
   "F" >>
/\ CompareHMAC = TRUE
/\ hmacsMatch = TRUE
/\ pc = "Done"
/\ retreivedHMAC = << "0",
   "A",
   "0",
   "B",
   "0",
   "D",
   "0",
   "9",
   "0",
   "2",
   "0",
   "8",
   "0",
   "7",
   "0",
   "5",
   "0",
   "3",
   "0",
   "0",
   "0",
   "9",
   "0",
   "8",
   "0",
   "5",
   "0",
   "C",
   "0",
   "E",
   "0",
   "B",
   "0",
   "B",
   "0",
   "A",
   "0",
   "F",
   "0",
   "C",
   "0",
   "0",
   "0",
   "B",
   "0",
   "C",
   "0",
   "B",
   "0",
   "0",
   "0",
   "B",
   "0",
   "D",
   "0",
   "B",
   "0",
   "E",
   "0",
   "7",
   "0",
   "6",
   "0",
   "A" >>
/\ generatedHMAC = <<"l", "o", "l", "h", "m", "a", "c">>

@!@!@ENDMSG 2217 @!@!@
@!@!@STARTMSG 2201:0 @!@!@
The coverage statistics at 2018-05-08 03:47:56
@!@!@ENDMSG 2201 @!@!@
@!@!@STARTMSG 2221:0 @!@!@
  line 100, col 23 to line 100, col 35 of module DeCrypto: 2
@!@!@ENDMSG 2221 @!@!@
@!@!@STARTMSG 2221:0 @!@!@
  line 100, col 38 to line 100, col 48 of module DeCrypto: 2
@!@!@ENDMSG 2221 @!@!@
@!@!@STARTMSG 2221:0 @!@!@
  line 100, col 51 to line 100, col 54 of module DeCrypto: 2
@!@!@ENDMSG 2221 @!@!@
@!@!@STARTMSG 2221:0 @!@!@
  line 100, col 57 to line 100, col 69 of module DeCrypto: 2
@!@!@ENDMSG 2221 @!@!@
@!@!@STARTMSG 2221:0 @!@!@
  line 101, col 23 to line 101, col 35 of module DeCrypto: 2
@!@!@ENDMSG 2221 @!@!@
@!@!@STARTMSG 2221:0 @!@!@
  line 101, col 38 to line 101, col 43 of module DeCrypto: 2
@!@!@ENDMSG 2221 @!@!@
@!@!@STARTMSG 2221:0 @!@!@
  line 101, col 46 to line 101, col 56 of module DeCrypto: 2
@!@!@ENDMSG 2221 @!@!@
@!@!@STARTMSG 2221:0 @!@!@
  line 105, col 21 to line 105, col 32 of module DeCrypto: 1
@!@!@ENDMSG 2221 @!@!@
@!@!@STARTMSG 2221:0 @!@!@
  line 106, col 21 to line 106, col 54 of module DeCrypto: 1
@!@!@ENDMSG 2221 @!@!@
@!@!@STARTMSG 2221:0 @!@!@
  line 108, col 34 to line 108, col 37 of module DeCrypto: 1
@!@!@ENDMSG 2221 @!@!@
@!@!@STARTMSG 2221:0 @!@!@
  line 108, col 40 to line 108, col 45 of module DeCrypto: 1
@!@!@ENDMSG 2221 @!@!@
@!@!@STARTMSG 2221:0 @!@!@
  line 109, col 10 to line 109, col 21 of module DeCrypto: 2
@!@!@ENDMSG 2221 @!@!@
@!@!@STARTMSG 2221:0 @!@!@
  line 110, col 23 to line 110, col 35 of module DeCrypto: 2
@!@!@ENDMSG 2221 @!@!@
@!@!@STARTMSG 2221:0 @!@!@
  line 110, col 38 to line 110, col 48 of module DeCrypto: 2
@!@!@ENDMSG 2221 @!@!@
@!@!@STARTMSG 2221:0 @!@!@
  line 110, col 51 to line 110, col 63 of module DeCrypto: 2
@!@!@ENDMSG 2221 @!@!@
@!@!@STARTMSG 2221:0 @!@!@
  line 110, col 66 to line 110, col 78 of module DeCrypto: 2
@!@!@ENDMSG 2221 @!@!@
@!@!@STARTMSG 2221:0 @!@!@
  line 111, col 23 to line 111, col 33 of module DeCrypto: 2
@!@!@ENDMSG 2221 @!@!@
@!@!@STARTMSG 2221:0 @!@!@
  line 111, col 36 to line 111, col 45 of module DeCrypto: 2
@!@!@ENDMSG 2221 @!@!@
@!@!@STARTMSG 2221:0 @!@!@
  line 64, col 12 to line 64, col 24 of module DeCrypto: 5
@!@!@ENDMSG 2221 @!@!@
@!@!@STARTMSG 2221:0 @!@!@
  line 64, col 27 to line 64, col 37 of module DeCrypto: 5
@!@!@ENDMSG 2221 @!@!@
@!@!@STARTMSG 2221:0 @!@!@
  line 64, col 40 to line 64, col 43 of module DeCrypto: 5
@!@!@ENDMSG 2221 @!@!@
@!@!@STARTMSG 2221:0 @!@!@
  line 64, col 46 to line 64, col 58 of module DeCrypto: 5
@!@!@ENDMSG 2221 @!@!@
@!@!@STARTMSG 2221:0 @!@!@
  line 64, col 61 to line 64, col 73 of module DeCrypto: 5
@!@!@ENDMSG 2221 @!@!@
@!@!@STARTMSG 2221:0 @!@!@
  line 65, col 12 to line 65, col 17 of module DeCrypto: 5
@!@!@ENDMSG 2221 @!@!@
@!@!@STARTMSG 2221:0 @!@!@
  line 65, col 20 to line 65, col 30 of module DeCrypto: 5
@!@!@ENDMSG 2221 @!@!@
@!@!@STARTMSG 2221:0 @!@!@
  line 65, col 33 to line 65, col 42 of module DeCrypto: 5
@!@!@ENDMSG 2221 @!@!@
@!@!@STARTMSG 2221:0 @!@!@
  line 65, col 45 to line 65, col 46 of module DeCrypto: 5
@!@!@ENDMSG 2221 @!@!@
@!@!@STARTMSG 2221:0 @!@!@
  line 81, col 38 to line 81, col 77 of module DeCrypto: 2
@!@!@ENDMSG 2221 @!@!@
@!@!@STARTMSG 2221:0 @!@!@
  line 82, col 38 to line 82, col 76 of module DeCrypto: 2
@!@!@ENDMSG 2221 @!@!@
@!@!@STARTMSG 2221:0 @!@!@
  line 83, col 38 to line 83, col 47 of module DeCrypto: 2
@!@!@ENDMSG 2221 @!@!@
@!@!@STARTMSG 2221:0 @!@!@
  line 84, col 38 to line 84, col 49 of module DeCrypto: 2
@!@!@ENDMSG 2221 @!@!@
@!@!@STARTMSG 2221:0 @!@!@
  line 85, col 51 to line 85, col 61 of module DeCrypto: 2
@!@!@ENDMSG 2221 @!@!@
@!@!@STARTMSG 2221:0 @!@!@
  line 85, col 64 to line 85, col 76 of module DeCrypto: 2
@!@!@ENDMSG 2221 @!@!@
@!@!@STARTMSG 2221:0 @!@!@
  line 86, col 27 to line 86, col 38 of module DeCrypto: 2
@!@!@ENDMSG 2221 @!@!@
@!@!@STARTMSG 2221:0 @!@!@
  line 87, col 40 to line 87, col 50 of module DeCrypto: 2
@!@!@ENDMSG 2221 @!@!@
@!@!@STARTMSG 2221:0 @!@!@
  line 87, col 53 to line 87, col 65 of module DeCrypto: 2
@!@!@ENDMSG 2221 @!@!@
@!@!@STARTMSG 2221:0 @!@!@
  line 88, col 29 to line 88, col 41 of module DeCrypto: 6
@!@!@ENDMSG 2221 @!@!@
@!@!@STARTMSG 2221:0 @!@!@
  line 88, col 44 to line 88, col 47 of module DeCrypto: 6
@!@!@ENDMSG 2221 @!@!@
@!@!@STARTMSG 2221:0 @!@!@
  line 88, col 50 to line 88, col 62 of module DeCrypto: 6
@!@!@ENDMSG 2221 @!@!@
@!@!@STARTMSG 2221:0 @!@!@
  line 88, col 65 to line 88, col 70 of module DeCrypto: 6
@!@!@ENDMSG 2221 @!@!@
@!@!@STARTMSG 2221:0 @!@!@
  line 89, col 29 to line 89, col 39 of module DeCrypto: 6
@!@!@ENDMSG 2221 @!@!@
@!@!@STARTMSG 2221:0 @!@!@
  line 89, col 42 to line 89, col 51 of module DeCrypto: 6
@!@!@ENDMSG 2221 @!@!@
@!@!@STARTMSG 2221:0 @!@!@
  line 92, col 10 to line 92, col 53 of module DeCrypto: 2
@!@!@ENDMSG 2221 @!@!@
@!@!@STARTMSG 2221:0 @!@!@
  line 93, col 10 to line 93, col 19 of module DeCrypto: 2
@!@!@ENDMSG 2221 @!@!@
@!@!@STARTMSG 2221:0 @!@!@
  line 94, col 23 to line 94, col 35 of module DeCrypto: 2
@!@!@ENDMSG 2221 @!@!@
@!@!@STARTMSG 2221:0 @!@!@
  line 94, col 38 to line 94, col 48 of module DeCrypto: 2
@!@!@ENDMSG 2221 @!@!@
@!@!@STARTMSG 2221:0 @!@!@
  line 94, col 51 to line 94, col 54 of module DeCrypto: 2
@!@!@ENDMSG 2221 @!@!@
@!@!@STARTMSG 2221:0 @!@!@
  line 94, col 57 to line 94, col 69 of module DeCrypto: 2
@!@!@ENDMSG 2221 @!@!@
@!@!@STARTMSG 2221:0 @!@!@
  line 94, col 72 to line 94, col 77 of module DeCrypto: 2
@!@!@ENDMSG 2221 @!@!@
@!@!@STARTMSG 2221:0 @!@!@
  line 95, col 23 to line 95, col 33 of module DeCrypto: 2
@!@!@ENDMSG 2221 @!@!@
@!@!@STARTMSG 2221:0 @!@!@
  line 95, col 36 to line 95, col 45 of module DeCrypto: 2
@!@!@ENDMSG 2221 @!@!@
@!@!@STARTMSG 2221:0 @!@!@
  line 98, col 10 to line 98, col 34 of module DeCrypto: 2
@!@!@ENDMSG 2221 @!@!@
@!@!@STARTMSG 2221:0 @!@!@
  line 99, col 10 to line 99, col 19 of module DeCrypto: 2
@!@!@ENDMSG 2221 @!@!@
@!@!@STARTMSG 2202:0 @!@!@
End of statistics.
@!@!@ENDMSG 2202 @!@!@
@!@!@STARTMSG 2200:0 @!@!@
Progress(5) at 2018-05-08 03:47:56: 23 states generated (890 s/min), 18 distinct states found (697 ds/min), 0 states left on queue.
@!@!@ENDMSG 2200 @!@!@
@!@!@STARTMSG 2199:0 @!@!@
23 states generated, 18 distinct states found, 0 states left on queue.
@!@!@ENDMSG 2199 @!@!@
@!@!@STARTMSG 2194:0 @!@!@
The depth of the complete state graph search is 5.
@!@!@ENDMSG 2194 @!@!@
@!@!@STARTMSG 2268:0 @!@!@
The average outdegree of the complete state graph is 1 (minimum is 0, the maximum 1 and the 95th percentile is 1).
@!@!@ENDMSG 2268 @!@!@
@!@!@STARTMSG 2186:0 @!@!@
Finished in 2605ms at (2018-05-08 03:47:56)
@!@!@ENDMSG 2186 @!@!@
